[2022-03-08 01:22:45] production.INFO: Ficha Avaliador Expocom Criada ou Atualizada: {"id":"1","name":"Admin","email":"murilo@mercuriotecnologia.com.br","cpf":"123.456.789-01","telefone":"(12) 3456-789","celular":"(12) 34567-89","divisoes_tematicas_jr":["8"],"instituicao_id":"4","titulacao_id":"5","enderecos":{"id":"4","cep":"04324-090","logradouro":"Avenida Barro Branco","numero":"370","complemento":"S\/N","bairro":"Vila do Encontro","municipio":{"id":"3830","estado_id":"20","codigo":"3550308","nome":"S\u00e3o Paulo","created_at":"2019-02-07T20:32:57.000000Z","updated_at":null,"estado":{"id":"20","codigo":"35","nome":"S\u00e3o Paulo","sigla":"SP","regiao":"Sudeste","created_at":"2019-02-07T20:32:43.000000Z","updated_at":null}},"estado":{"id":"20","codigo":"35","nome":"S\u00e3o Paulo","sigla":"SP","regiao":"Sudeste","created_at":"2019-02-07T20:32:43.000000Z","updated_at":null}},"_method":"post","pais":"Brasil","radio_internet":["5"],"junior":"1","avaliador":"1"}  
[2022-03-08 01:56:27] production.INFO: Ficha Avaliador Expocom Criada ou Atualizada: {"id":"1156","name":"GENIO NASCIMENTO","email":"genionascimento@gmail.com","cpf":"282.096.538-57","telefone":"(11) 9459-4217","celular":"(11) 94594-2172","divisoes_tematicas":["1","5","6"],"divisoes_tematicas_jr":["4","5","1"],"instituicao_id":"441","titulacao_id":"3","enderecos":{"id":"2","cep":"18130-005","logradouro":"Rua Jos\u00e9 Bonif\u00e1cio de Andrada e Silva","numero":"382","complemento":"Apto 16","bairro":"Jardim Meny","municipio":{"id":"3833","estado_id":"20","codigo":"3550605","nome":"S\u00e3o Roque","created_at":"2019-02-07T20:32:57.000000Z","updated_at":null,"estado":{"id":"20","codigo":"35","nome":"S\u00e3o Paulo","sigla":"SP","regiao":"Sudeste","created_at":"2019-02-07T20:32:43.000000Z","updated_at":null}},"estado":{"id":"20","codigo":"35","nome":"S\u00e3o Paulo","sigla":"SP","regiao":"Sudeste","created_at":"2019-02-07T20:32:43.000000Z","updated_at":null}},"_method":"post","pais":"Brasil","cinema_audiovisual":["1","2","3","4","5","6"],"jornalismo":["4","12"],"producao_editorial":["1"],"junior":"1","avaliador":"1"}  
[2022-03-08 02:03:42] production.INFO: Cadastro de usuario: {"id":null,"name":"Arthur Freire Sim\u00f5es Pires","email":"grohsarthur@gmail.com","password":"$2y$10$D9BWyOaKJH25GnWMjoTwZeteFeogNz\/sKacbOGQZe7wIzA5okEx6K","estrangeiro":"0","associado":"0","cpf":"018.125.120-58","rg":null,"todos_tipos_id":[4],"ativo":"1","_method":"post"}  
[2022-03-08 02:03:42] production.INFO: E-mail enviado apos o cadastro para : com o email: "grohsarthur@gmail.com"  
[2022-03-08 02:06:43] production.INFO: User: 1851 | Atualizou Usuario: {"id":"1851","name":"Arthur Freire Sim\u00f5es Pires","email":"grohsarthur@gmail.com","estrangeiro":"0","associado":"1","associacao":null,"data_nascimento":"1996-12-24","orgao_expedidor":"Secretaria de Seguran\u00e7a P\u00fablica","instituicao_id":"427","titulacao_id":"3","cpf":"018.125.120-58","rg":"6105524562","telefone":"(53) 9997-8373","celular":"(53) 99978-3737","sexo_id":"1","ativo":"1","enderecos":{"cep":"90810-240","logradouro":"Avenida Padre Cacique","bairro":"Praia de Belas","estado":{"nome":"Rio Grande do Sul","sigla":"RS","id":"23"},"municipio":{"nome":"Porto Alegre","id":"4932"},"id":null,"numero":"220","complemento":"211","deleted":"false"},"_method":"post","metodo":"credito","passaporte":null,"pais":"Brasil"}  
[2022-03-08 02:06:47] production.INFO: User: 1851 | Atualizou Usuario: {"id":"1851","name":"Arthur Freire Sim\u00f5es Pires","email":"grohsarthur@gmail.com","estrangeiro":"0","associado":"1","associacao":null,"data_nascimento":"1996-12-24","orgao_expedidor":"Secretaria de Seguran\u00e7a P\u00fablica","instituicao_id":"427","titulacao_id":"3","cpf":"018.125.120-58","rg":"6105524562","telefone":"(53) 9997-8373","celular":"(53) 99978-3737","sexo_id":"1","ativo":"1","enderecos":{"cep":"90810-240","logradouro":"Avenida Padre Cacique","bairro":"Praia de Belas","estado":{"nome":"Rio Grande do Sul","sigla":"RS","id":"23"},"municipio":{"nome":"Porto Alegre","id":"4932"},"id":null,"numero":"220","complemento":"211","deleted":"false"},"_method":"post","metodo":"credito","passaporte":null,"pais":"Brasil"}  
[2022-03-08 02:06:53] production.INFO: Cadastro de usuario: {"id":1851,"name":"Arthur Freire Sim\u00f5es Pires","email":"grohsarthur@gmail.com","estrangeiro":0,"passaporte":null,"cpf":"018.125.120-58","data_nascimento":"1996-12-24","rg":"6105524562","orgao_expedidor":"Secretaria de Seguran\u00e7a P\u00fablica","telefone":"(53) 9997-8373","celular":"(53) 99978-3737","sexo_id":"1","email_verified_at":null,"ativo":"1","created_at":"2022-03-08T02:03:42.000000Z","updated_at":"2022-03-08T02:06:43.000000Z","deleted_at":null,"is_root":false,"is_admin":false,"is_user":true,"is_associado":false}  
[2022-03-08 02:06:53] production.INFO: Venda efetuada  com sucesso{"user_id":1851,"updated_at":"2022-03-08T02:06:53.000000Z","created_at":"2022-03-08T02:06:53.000000Z","id":11}  
[2022-03-08 02:06:53] production.INFO: Venda de  item efetuado com sucesso{"venda_id":11,"produto_id":1,"qtd":"1","valor":230,"valor_total":230,"updated_at":"2022-03-08T02:06:53.000000Z","created_at":"2022-03-08T02:06:53.000000Z","id":11}  
[2022-03-08 02:06:55] production.INFO: Pagamento efetuado{"date":"2022-03-07T23:06:53.000-03:00","code":"942E9038-EE3B-45AF-B359-9469686D0BA4","reference":"11","type":"1","status":"1","lastEventDate":"2022-03-07T23:06:55.000-03:00","paymentMethod":{"type":"2","code":"202"},"paymentLink":"https:\/\/pagseguro.uol.com.br\/checkout\/payment\/booklet\/print.jhtml?c=8b2dfded205f9019e34d9b58877e2d1ad26b31d1ea38f3371b35c77506be0a083882009d195a46f1","grossAmount":"230.00","discountAmount":"0.00","feeAmount":"11.83","netAmount":"217.17","extraAmount":"0.00","installmentCount":"1","itemCount":"1","items":{"item":{"id":"11","description":"Associado","quantity":"1","amount":"230.00"}},"sender":{"name":"Arthur Freire Sim\u00f5es Pires","email":"grohsarthur@gmail.com","phone":{"areaCode":"53","number":"999783737"}}}  
[2022-03-08 02:06:55] production.INFO: Pagamento efetuado com sucesso{"tipo_pgto_detalhe":{"0":"202"},"transacao":{"0":"942E9038-EE3B-45AF-B359-9469686D0BA4"},"parcelas":1,"valor_parcela":230,"valor_total":230,"valor_juros":0,"valor_receber":217.169999999999987494447850622236728668212890625,"venda_id":11,"tipo_pagto_id":2,"status_id":1,"user_id":1851,"updated_at":"2022-03-08T02:06:55.000000Z","created_at":"2022-03-08T02:06:55.000000Z","id":11}  
[2022-03-08 02:06:55] production.INFO: RETORNO | request{"notificationCode":"871639-56923E923E77-F664866F9F85-4627AE","notificationType":"transaction"}  
[2022-03-08 02:06:55] production.INFO: RETORNO | URL de retorno do pagseguro"https:\/\/ws.pagseguro.uol.com.br\/v2\/transactions\/notifications\/871639-56923E923E77-F664866F9F85-4627AE?email=secretaria@intercom.org.br&token=93d9cf0c-7c9e-49cf-92a4-7a6c7c8b840c4909c78b4f88851a95640db2db8a4b9c7948-263a-490e-bfe0-f79e37aeb7f7"  
[2022-03-08 02:06:56] production.INFO: RETORNO | Pagamento já atualizado{"id":11}  
[2022-03-08 02:07:00] production.INFO: RETORNO | Erro ao receber retorno do pagseguro  
[2022-03-08 03:29:17] production.INFO: Usuario antigo redirecionado: 143  
[2022-03-08 12:22:05] production.INFO: Usuario antigo redirecionado: 1186  
[2022-03-08 13:38:38] production.INFO: Usuario antigo redirecionado: 159  
[2022-03-08 14:55:38] production.INFO: Cadastro de usuario: {"id":null,"name":"Clifton Morais Correia","email":"clifton.morais@gmail.com","password":"$2y$10$2tir\/OURd87q7ZX4x7znQ.2yF3hAHKgplTwZ4nkj58q2.jBNZ6SD.","estrangeiro":"0","associado":"0","cpf":"738.025.901-63","rg":null,"todos_tipos_id":[4],"ativo":"1","_method":"post"}  
[2022-03-08 14:55:38] production.INFO: E-mail enviado apos o cadastro para : com o email: "clifton.morais@gmail.com"  
[2022-03-08 17:20:50] production.INFO: Usuario antigo redirecionado: 1174  
[2022-03-08 17:23:55] production.INFO: Usuario antigo redirecionado: 1174  
[2022-03-08 17:32:32] production.INFO: User: 1174 | Atualizou Usuario: {"id":"1174","name":"IZANI PIBERNAT MUSTAF\u00c1","email":"izani.mustafa@gmail.com","estrangeiro":"0","anuidade2022":"1","associacao":null,"data_nascimento":"1961-07-11","orgao_expedidor":"SSPRS","instituicao_id":"559","titulacao_id":"4","cpf":"293.342.090-20","rg":"5012877816","telefone":"(21) 9667-1059","celular":"(21) 96671-0595","sexo_id":"2","ativo":"1","enderecos":{"cep":"65901-520","logradouro":"Rua Amazonas","bairro":"Centro","estado":{"nome":"Maranh\u00e3o","sigla":"MA","id":"8"},"municipio":{"nome":"Imperatriz","id":"540"},"id":null,"numero":"123","complemento":"307","deleted":"false"},"_method":"post","metodo":"credito","passaporte":null,"pais":"Brasil"}  
[2022-03-08 17:32:41] production.INFO: User: 1174 | Atualizou Usuario: {"id":"1174","name":"IZANI PIBERNAT MUSTAF\u00c1","email":"izani.mustafa@gmail.com","estrangeiro":"0","anuidade2022":"1","associacao":null,"data_nascimento":"1961-07-11","orgao_expedidor":"SSPRS","instituicao_id":"559","titulacao_id":"4","cpf":"293.342.090-20","rg":"5012877816","telefone":"(21) 9667-1059","celular":"(21) 96671-0595","sexo_id":"2","ativo":"1","enderecos":{"cep":"65901-520","logradouro":"Rua Amazonas","bairro":"Centro","estado":{"nome":"Maranh\u00e3o","sigla":"MA","id":"8"},"municipio":{"nome":"Imperatriz","id":"540"},"id":null,"numero":"123","complemento":"307","deleted":"false"},"_method":"post","metodo":"credito","passaporte":null,"pais":"Brasil"}  
[2022-03-08 17:32:50] production.INFO: Pagamento anuidade boleto | Dados do Usuario salvo: {"id":1174,"name":"IZANI PIBERNAT MUSTAF\u00c1","email":"izani.mustafa@gmail.com","estrangeiro":null,"passaporte":null,"cpf":"293.342.090-20","data_nascimento":"1961-07-11","rg":"5012877816","orgao_expedidor":"SSPRS","telefone":"(21) 9667-1059","celular":"(21) 96671-0595","sexo_id":"2","email_verified_at":null,"ativo":"1","created_at":"2022-03-04T15:21:48.000000Z","updated_at":"2022-03-08T17:32:32.000000Z","deleted_at":null,"is_root":false,"is_admin":false,"is_user":true,"is_associado":true}  
[2022-03-08 17:32:50] production.INFO: Pagamento anuidade boleto | Anuidade atualizada : {"id":1173,"user_id":1174,"numero_socio":"2123","anuidade":"2022","isencao":null,"instituicao_id":559,"titulacao_id":4,"divisao_tematica":null,"obs_isentamos":null,"created_at":"2022-03-04T15:21:48.000000Z","updated_at":"2022-03-08T17:32:50.000000Z","deleted_at":null}  
[2022-03-08 17:32:50] production.INFO: Pagamento anuidade boleto | Venda efetuada  com sucesso{"user_id":1174,"updated_at":"2022-03-08T17:32:50.000000Z","created_at":"2022-03-08T17:32:50.000000Z","id":12}  
[2022-03-08 17:32:50] production.INFO: Pagamento anuidade boleto | Venda de  item efetuado com sucesso{"venda_id":12,"produto_id":2,"qtd":"1","valor":230,"valor_total":230,"updated_at":"2022-03-08T17:32:50.000000Z","created_at":"2022-03-08T17:32:50.000000Z","id":12}  
[2022-03-08 17:32:52] production.INFO: Pagamento anuidade boleto | Pagamento efetuado{"date":"2022-03-08T14:32:50.000-03:00","code":"86AC0C5B-CFE3-4279-A358-858DBF886770","reference":"12","type":"1","status":"1","lastEventDate":"2022-03-08T14:32:52.000-03:00","paymentMethod":{"type":"2","code":"202"},"paymentLink":"https:\/\/pagseguro.uol.com.br\/checkout\/payment\/booklet\/print.jhtml?c=59fb715ef01cb74f63e7527b571b4e4ba9283cb2ac75d1260954ebadd5180cb429ca9c20f5656ba8","grossAmount":"230.00","discountAmount":"0.00","feeAmount":"11.83","netAmount":"217.17","extraAmount":"0.00","installmentCount":"1","itemCount":"1","items":{"item":{"id":"12","description":"Anuidade 2022","quantity":"1","amount":"230.00"}},"sender":{"name":"IZANI PIBERNAT MUSTAF\u00c1","email":"izani.mustafa@gmail.com","phone":{"areaCode":"21","number":"966710595"}}}  
[2022-03-08 17:32:52] production.INFO: Pagamento anuidade boleto | Pagamento efetuado com sucesso{"tipo_pgto_detalhe":{"0":"202"},"transacao":{"0":"86AC0C5B-CFE3-4279-A358-858DBF886770"},"parcelas":1,"valor_parcela":230,"valor_total":230,"valor_juros":0,"valor_receber":217.169999999999987494447850622236728668212890625,"venda_id":12,"tipo_pagto_id":2,"status_id":1,"user_id":1174,"updated_at":"2022-03-08T17:32:52.000000Z","created_at":"2022-03-08T17:32:52.000000Z","id":12}  
[2022-03-08 17:32:55] production.INFO: RETORNO | request{"notificationCode":"447FEC-9571637163A6-FBB4614F83C1-8EB6D6","notificationType":"transaction"}  
[2022-03-08 17:32:55] production.INFO: RETORNO | URL de retorno do pagseguro"https:\/\/ws.pagseguro.uol.com.br\/v2\/transactions\/notifications\/447FEC-9571637163A6-FBB4614F83C1-8EB6D6?email=secretaria@intercom.org.br&token=93d9cf0c-7c9e-49cf-92a4-7a6c7c8b840c4909c78b4f88851a95640db2db8a4b9c7948-263a-490e-bfe0-f79e37aeb7f7"  
[2022-03-08 17:32:56] production.INFO: RETORNO | Pagamento já atualizado{"id":12}  
[2022-03-08 17:32:57] production.INFO: RETORNO | Erro ao receber retorno do pagseguro  
[2022-03-08 18:34:17] production.INFO: Cadastro de usuario: {"id":null,"name":"Eli Borges J\u00fanior","email":"ridolfi.eli@gmail.com","password":"$2y$10$FC\/yr65UJqnfFDx\/ERELOOTD6PmvsN2c\/7daeRIWFZpq3TgY\/Qkp6","estrangeiro":"0","associado":"0","cpf":"063.225.706-76","rg":null,"todos_tipos_id":[4],"ativo":"1","_method":"post"}  
[2022-03-08 18:34:17] production.INFO: E-mail enviado apos o cadastro para : com o email: "ridolfi.eli@gmail.com"  
[2022-03-08 18:37:34] production.INFO: User: 1853 | Atualizou Usuario: {"id":"1853","name":"Eli Borges J\u00fanior","email":"ridolfi.eli@gmail.com","estrangeiro":"0","associado":"1","associacao":null,"data_nascimento":"1985-01-30","orgao_expedidor":"SSPMG","instituicao_id":"529","titulacao_id":"4","cpf":"063.225.706-76","rg":"MG-10.099.429","telefone":"(11) 9838-0971","celular":"(11) 98380-9715","sexo_id":"1","ativo":"1","enderecos":{"cep":"04014-000","logradouro":"Avenida Conselheiro Rodrigues Alves","bairro":"Vila Mariana","estado":{"nome":"S\u00e3o Paulo","sigla":"SP","id":"20"},"municipio":{"nome":"S\u00e3o Paulo","id":"3830"},"id":null,"numero":"780","complemento":"Apto. 173","deleted":"false"},"_method":"post","metodo":"credito","passaporte":null,"pais":"Brasil"}  
[2022-03-08 18:37:41] production.INFO: User: 1853 | Atualizou Usuario: {"id":"1853","name":"Eli Borges J\u00fanior","email":"ridolfi.eli@gmail.com","estrangeiro":"0","associado":"1","associacao":null,"data_nascimento":"1985-01-30","orgao_expedidor":"SSPMG","instituicao_id":"529","titulacao_id":"4","cpf":"063.225.706-76","rg":"MG-10.099.429","telefone":"(11) 9838-0971","celular":"(11) 98380-9715","sexo_id":"1","ativo":"1","enderecos":{"cep":"04014-000","logradouro":"Avenida Conselheiro Rodrigues Alves","bairro":"Vila Mariana","estado":{"nome":"S\u00e3o Paulo","sigla":"SP","id":"20"},"municipio":{"nome":"S\u00e3o Paulo","id":"3830"},"id":null,"numero":"780","complemento":"Apto. 173","deleted":"false"},"_method":"post","metodo":"credito","passaporte":null,"pais":"Brasil"}  
[2022-03-08 18:39:04] production.INFO: Cadastro de usuario: {"id":1853,"name":"Eli Borges J\u00fanior","email":"ridolfi.eli@gmail.com","estrangeiro":0,"passaporte":null,"cpf":"063.225.706-76","data_nascimento":"1985-01-30","rg":"MG-10.099.429","orgao_expedidor":"SSPMG","telefone":"(11) 9838-0971","celular":"(11) 98380-9715","sexo_id":"1","email_verified_at":null,"ativo":"1","created_at":"2022-03-08T18:34:17.000000Z","updated_at":"2022-03-08T18:37:34.000000Z","deleted_at":null,"is_root":false,"is_admin":false,"is_user":true,"is_associado":false}  
[2022-03-08 18:39:04] production.INFO: Venda efetuada  com sucesso{"user_id":1853,"updated_at":"2022-03-08T18:39:04.000000Z","created_at":"2022-03-08T18:39:04.000000Z","id":13}  
[2022-03-08 18:39:04] production.INFO: Venda de  item efetuado com sucesso{"venda_id":13,"produto_id":1,"qtd":"1","valor":230,"valor_total":230,"updated_at":"2022-03-08T18:39:04.000000Z","created_at":"2022-03-08T18:39:04.000000Z","id":13}  
[2022-03-08 18:39:10] production.INFO: Pagamento efetuado{"date":"2022-03-08T15:39:05.000-03:00","code":"C8A22CA8-20E8-4FBD-B083-452852C0BD29","reference":"13","type":"1","status":"1","lastEventDate":"2022-03-08T15:39:05.000-03:00","paymentMethod":{"type":"1","code":"102"},"grossAmount":"230.00","discountAmount":"0.00","feeAmount":"11.88","netAmount":"218.12","extraAmount":"0.00","installmentCount":"1","itemCount":"1","items":{"item":{"id":"13","description":"Associado","quantity":"1","amount":"230.00"}},"sender":{"name":"Eli Borges J\u00fanior","email":"ridolfi.eli@gmail.com","phone":{"areaCode":"11","number":"983809715"}}}  
[2022-03-08 18:39:10] production.INFO: Pagamento efetuado com sucesso{"tipo_pgto_detalhe":{"0":"102"},"transacao":{"0":"C8A22CA8-20E8-4FBD-B083-452852C0BD29"},"parcelas":1,"valor_parcela":230,"valor_total":230,"valor_juros":0,"valor_receber":218.1200000000000045474735088646411895751953125,"venda_id":13,"tipo_pagto_id":1,"status_id":1,"user_id":1853,"updated_at":"2022-03-08T18:39:10.000000Z","created_at":"2022-03-08T18:39:10.000000Z","id":13}  
[2022-03-08 18:39:13] production.INFO: RETORNO | request{"notificationCode":"FF9686-21342134215B-F77413CF888F-27147D","notificationType":"transaction"}  
[2022-03-08 18:39:13] production.INFO: RETORNO | URL de retorno do pagseguro"https:\/\/ws.pagseguro.uol.com.br\/v2\/transactions\/notifications\/FF9686-21342134215B-F77413CF888F-27147D?email=secretaria@intercom.org.br&token=93d9cf0c-7c9e-49cf-92a4-7a6c7c8b840c4909c78b4f88851a95640db2db8a4b9c7948-263a-490e-bfe0-f79e37aeb7f7"  
[2022-03-08 18:39:13] production.INFO: RETORNO | Pagamento atualizado com sucesso{"id":13,"status_id":{"0":"3"},"updated_at":"2022-03-08T18:39:13.000000Z"}  
[2022-03-08 18:39:17] production.INFO: RETORNO | Erro ao receber retorno do pagseguro  
[2022-03-08 18:39:38] production.INFO: Verificação de pagamento associado | Usuário: Eli Borges Júnior foi alterado para associado.  
[2022-03-08 19:11:37] production.INFO: Usuario antigo redirecionado: 778  
[2022-03-08 19:13:05] production.INFO: Usuario antigo redirecionado: 778  
[2022-03-08 19:16:05] production.INFO: Usuario antigo redirecionado: 778  
[2022-03-08 19:19:25] production.INFO: Usuario antigo redirecionado: 816  
[2022-03-08 19:45:50] production.INFO: Usuario antigo redirecionado: 778  
[2022-03-08 23:47:38] production.ERROR: SQLSTATE[22001]: String data, right truncated: 1406 Data too long for column 'titulo_trabalho' at row 1 (SQL: insert into `indicacaos` (`nome_respo`, `cpf_respo`, `respo_indicacao`, `email_respo`, `email_curso`, `celular`, `nome_autor`, `cpf_autor`, `trabalho_produzido`, `orientador`, `titulo_trabalho`, `categoria`, `estado_id`, `instituicao_id`, `modalidade`, `endereco_id`, `updated_at`, `created_at`) values (Teste Responsavel, 123.456.789-01, Coordenador de Curso, teste@teste.com.br, teste@teste.com.br, (11) 1111-1111, Murilo Carvalho, 440.205.928-37, Disciplina, Teste orientador, Lorem Ipsum é simplesmente uma simulação de texto da indústria tipográfica e de impressos, e vem sendo utilizado desde o século XVI, quando um impressor desconhecido pegou uma bandeja de tipos e os embaralhou para fazer um livro de modelos de tipos. Lorem Ipsum sobreviveu não só a cinco séculos, como também ao salto para a editoração eletrônica, permanecendo essencialmente inalterado. Se popularizou na década de 60, quando a Letraset lançou decalques contendo passagens de Lorem Ipsum, e mais recentemente quando passou a ser integrado a softwares de editoração eletrônica como Aldus PageMaker., Jornalismo, SP, 2, JO 03 Jornal-laboratório (conjunto/série), 1, 2022-03-08 23:47:38, 2022-03-08 23:47:38)) {"userId":1850,"exception":"[object] (Illuminate\\Database\\QueryException(code: 22001): SQLSTATE[22001]: String data, right truncated: 1406 Data too long for column 'titulo_trabalho' at row 1 (SQL: insert into `indicacaos` (`nome_respo`, `cpf_respo`, `respo_indicacao`, `email_respo`, `email_curso`, `celular`, `nome_autor`, `cpf_autor`, `trabalho_produzido`, `orientador`, `titulo_trabalho`, `categoria`, `estado_id`, `instituicao_id`, `modalidade`, `endereco_id`, `updated_at`, `created_at`) values (Teste Responsavel, 123.456.789-01, Coordenador de Curso, teste@teste.com.br, teste@teste.com.br, (11) 1111-1111, Murilo Carvalho, 440.205.928-37, Disciplina, Teste orientador, Lorem Ipsum é simplesmente uma simulação de texto da indústria tipográfica e de impressos, e vem sendo utilizado desde o século XVI, quando um impressor desconhecido pegou uma bandeja de tipos e os embaralhou para fazer um livro de modelos de tipos. Lorem Ipsum sobreviveu não só a cinco séculos, como também ao salto para a editoração eletrônica, permanecendo essencialmente inalterado. Se popularizou na década de 60, quando a Letraset lançou decalques contendo passagens de Lorem Ipsum, e mais recentemente quando passou a ser integrado a softwares de editoração eletrônica como Aldus PageMaker., Jornalismo, SP, 2, JO 03 Jornal-laboratório (conjunto/série), 1, 2022-03-08 23:47:38, 2022-03-08 23:47:38)) at /home/sistemas/www/sistema/vendor/laravel/framework/src/Illuminate/Database/Connection.php:712)
[stacktrace]
#0 /home/sistemas/www/sistema/vendor/laravel/framework/src/Illuminate/Database/Connection.php(672): Illuminate\\Database\\Connection->runQueryCallback('insert into `in...', Array, Object(Closure))
#1 /home/sistemas/www/sistema/vendor/laravel/framework/src/Illuminate/Database/Connection.php(502): Illuminate\\Database\\Connection->run('insert into `in...', Array, Object(Closure))
#2 /home/sistemas/www/sistema/vendor/laravel/framework/src/Illuminate/Database/Connection.php(454): Illuminate\\Database\\Connection->statement('insert into `in...', Array)
#3 /home/sistemas/www/sistema/vendor/laravel/framework/src/Illuminate/Database/Query/Processors/Processor.php(32): Illuminate\\Database\\Connection->insert('insert into `in...', Array)
#4 /home/sistemas/www/sistema/vendor/laravel/framework/src/Illuminate/Database/Query/Builder.php(3028): Illuminate\\Database\\Query\\Processors\\Processor->processInsertGetId(Object(Illuminate\\Database\\Query\\Builder), 'insert into `in...', Array, 'id')
#5 /home/sistemas/www/sistema/vendor/laravel/framework/src/Illuminate/Database/Eloquent/Builder.php(1657): Illuminate\\Database\\Query\\Builder->insertGetId(Array, 'id')
#6 /home/sistemas/www/sistema/vendor/laravel/framework/src/Illuminate/Database/Eloquent/Model.php(1188): Illuminate\\Database\\Eloquent\\Builder->__call('insertGetId', Array)
#7 /home/sistemas/www/sistema/vendor/laravel/framework/src/Illuminate/Database/Eloquent/Model.php(1153): Illuminate\\Database\\Eloquent\\Model->insertAndSetId(Object(Illuminate\\Database\\Eloquent\\Builder), Array)
#8 /home/sistemas/www/sistema/vendor/laravel/framework/src/Illuminate/Database/Eloquent/Model.php(994): Illuminate\\Database\\Eloquent\\Model->performInsert(Object(Illuminate\\Database\\Eloquent\\Builder))
#9 /home/sistemas/www/sistema/vendor/laravel/framework/src/Illuminate/Database/Eloquent/Builder.php(896): Illuminate\\Database\\Eloquent\\Model->save()
#10 /home/sistemas/www/sistema/vendor/laravel/framework/src/Illuminate/Support/helpers.php(263): Illuminate\\Database\\Eloquent\\Builder->Illuminate\\Database\\Eloquent\\{closure}(Object(App\\Models\\Indicacao))
#11 /home/sistemas/www/sistema/vendor/laravel/framework/src/Illuminate/Database/Eloquent/Builder.php(897): tap(Object(App\\Models\\Indicacao), Object(Closure))
#12 /home/sistemas/www/sistema/vendor/laravel/framework/src/Illuminate/Support/Traits/ForwardsCalls.php(23): Illuminate\\Database\\Eloquent\\Builder->create(Array)
#13 /home/sistemas/www/sistema/vendor/laravel/framework/src/Illuminate/Database/Eloquent/Model.php(2132): Illuminate\\Database\\Eloquent\\Model->forwardCallTo(Object(Illuminate\\Database\\Eloquent\\Builder), 'create', Array)
#14 /home/sistemas/www/sistema/vendor/laravel/framework/src/Illuminate/Database/Eloquent/Model.php(2144): Illuminate\\Database\\Eloquent\\Model->__call('create', Array)
#15 /home/sistemas/www/sistema/app/Http/Controllers/IndicacaoController.php(81): Illuminate\\Database\\Eloquent\\Model::__callStatic('create', Array)
#16 /home/sistemas/www/sistema/vendor/laravel/framework/src/Illuminate/Routing/Controller.php(54): App\\Http\\Controllers\\IndicacaoController->store(Object(Illuminate\\Http\\Request))
#17 /home/sistemas/www/sistema/vendor/laravel/framework/src/Illuminate/Routing/ControllerDispatcher.php(45): Illuminate\\Routing\\Controller->callAction('store', Array)
#18 /home/sistemas/www/sistema/vendor/laravel/framework/src/Illuminate/Routing/Route.php(262): Illuminate\\Routing\\ControllerDispatcher->dispatch(Object(Illuminate\\Routing\\Route), Object(App\\Http\\Controllers\\IndicacaoController), 'store')
#19 /home/sistemas/www/sistema/vendor/laravel/framework/src/Illuminate/Routing/Route.php(205): Illuminate\\Routing\\Route->runController()
#20 /home/sistemas/www/sistema/vendor/laravel/framework/src/Illuminate/Routing/Router.php(721): Illuminate\\Routing\\Route->run()
#21 /home/sistemas/www/sistema/vendor/laravel/framework/src/Illuminate/Pipeline/Pipeline.php(128): Illuminate\\Routing\\Router->Illuminate\\Routing\\{closure}(Object(Illuminate\\Http\\Request))
#22 /home/sistemas/www/sistema/vendor/laravel/framework/src/Illuminate/Routing/Middleware/SubstituteBindings.php(50): Illuminate\\Pipeline\\Pipeline->Illuminate\\Pipeline\\{closure}(Object(Illuminate\\Http\\Request))
#23 /home/sistemas/www/sistema/vendor/laravel/framework/src/Illuminate/Pipeline/Pipeline.php(167): Illuminate\\Routing\\Middleware\\SubstituteBindings->handle(Object(Illuminate\\Http\\Request), Object(Closure))
#24 /home/sistemas/www/sistema/vendor/laravel/framework/src/Illuminate/Foundation/Http/Middleware/VerifyCsrfToken.php(78): Illuminate\\Pipeline\\Pipeline->Illuminate\\Pipeline\\{closure}(Object(Illuminate\\Http\\Request))
#25 /home/sistemas/www/sistema/vendor/laravel/framework/src/Illuminate/Pipeline/Pipeline.php(167): Illuminate\\Foundation\\Http\\Middleware\\VerifyCsrfToken->handle(Object(Illuminate\\Http\\Request), Object(Closure))
#26 /home/sistemas/www/sistema/vendor/laravel/framework/src/Illuminate/View/Middleware/ShareErrorsFromSession.php(49): Illuminate\\Pipeline\\Pipeline->Illuminate\\Pipeline\\{closure}(Object(Illuminate\\Http\\Request))
#27 /home/sistemas/www/sistema/vendor/laravel/framework/src/Illuminate/Pipeline/Pipeline.php(167): Illuminate\\View\\Middleware\\ShareErrorsFromSession->handle(Object(Illuminate\\Http\\Request), Object(Closure))
#28 /home/sistemas/www/sistema/vendor/laravel/framework/src/Illuminate/Session/Middleware/StartSession.php(121): Illuminate\\Pipeline\\Pipeline->Illuminate\\Pipeline\\{closure}(Object(Illuminate\\Http\\Request))
#29 /home/sistemas/www/sistema/vendor/laravel/framework/src/Illuminate/Session/Middleware/StartSession.php(64): Illuminate\\Session\\Middleware\\StartSession->handleStatefulRequest(Object(Illuminate\\Http\\Request), Object(Illuminate\\Session\\Store), Object(Closure))
#30 /home/sistemas/www/sistema/vendor/laravel/framework/src/Illuminate/Pipeline/Pipeline.php(167): Illuminate\\Session\\Middleware\\StartSession->handle(Object(Illuminate\\Http\\Request), Object(Closure))
#31 /home/sistemas/www/sistema/vendor/laravel/framework/src/Illuminate/Cookie/Middleware/AddQueuedCookiesToResponse.php(37): Illuminate\\Pipeline\\Pipeline->Illuminate\\Pipeline\\{closure}(Object(Illuminate\\Http\\Request))
#32 /home/sistemas/www/sistema/vendor/laravel/framework/src/Illuminate/Pipeline/Pipeline.php(167): Illuminate\\Cookie\\Middleware\\AddQueuedCookiesToResponse->handle(Object(Illuminate\\Http\\Request), Object(Closure))
#33 /home/sistemas/www/sistema/vendor/laravel/framework/src/Illuminate/Cookie/Middleware/EncryptCookies.php(67): Illuminate\\Pipeline\\Pipeline->Illuminate\\Pipeline\\{closure}(Object(Illuminate\\Http\\Request))
#34 /home/sistemas/www/sistema/vendor/laravel/framework/src/Illuminate/Pipeline/Pipeline.php(167): Illuminate\\Cookie\\Middleware\\EncryptCookies->handle(Object(Illuminate\\Http\\Request), Object(Closure))
#35 /home/sistemas/www/sistema/vendor/laravel/framework/src/Illuminate/Pipeline/Pipeline.php(103): Illuminate\\Pipeline\\Pipeline->Illuminate\\Pipeline\\{closure}(Object(Illuminate\\Http\\Request))
#36 /home/sistemas/www/sistema/vendor/laravel/framework/src/Illuminate/Routing/Router.php(723): Illuminate\\Pipeline\\Pipeline->then(Object(Closure))
#37 /home/sistemas/www/sistema/vendor/laravel/framework/src/Illuminate/Routing/Router.php(698): Illuminate\\Routing\\Router->runRouteWithinStack(Object(Illuminate\\Routing\\Route), Object(Illuminate\\Http\\Request))
#38 /home/sistemas/www/sistema/vendor/laravel/framework/src/Illuminate/Routing/Router.php(662): Illuminate\\Routing\\Router->runRoute(Object(Illuminate\\Http\\Request), Object(Illuminate\\Routing\\Route))
#39 /home/sistemas/www/sistema/vendor/laravel/framework/src/Illuminate/Routing/Router.php(651): Illuminate\\Routing\\Router->dispatchToRoute(Object(Illuminate\\Http\\Request))
#40 /home/sistemas/www/sistema/vendor/laravel/framework/src/Illuminate/Foundation/Http/Kernel.php(167): Illuminate\\Routing\\Router->dispatch(Object(Illuminate\\Http\\Request))
#41 /home/sistemas/www/sistema/vendor/laravel/framework/src/Illuminate/Pipeline/Pipeline.php(128): Illuminate\\Foundation\\Http\\Kernel->Illuminate\\Foundation\\Http\\{closure}(Object(Illuminate\\Http\\Request))
#42 /home/sistemas/www/sistema/vendor/laravel/framework/src/Illuminate/Foundation/Http/Middleware/TransformsRequest.php(21): Illuminate\\Pipeline\\Pipeline->Illuminate\\Pipeline\\{closure}(Object(Illuminate\\Http\\Request))
#43 /home/sistemas/www/sistema/vendor/laravel/framework/src/Illuminate/Foundation/Http/Middleware/ConvertEmptyStringsToNull.php(31): Illuminate\\Foundation\\Http\\Middleware\\TransformsRequest->handle(Object(Illuminate\\Http\\Request), Object(Closure))
#44 /home/sistemas/www/sistema/vendor/laravel/framework/src/Illuminate/Pipeline/Pipeline.php(167): Illuminate\\Foundation\\Http\\Middleware\\ConvertEmptyStringsToNull->handle(Object(Illuminate\\Http\\Request), Object(Closure))
#45 /home/sistemas/www/sistema/vendor/laravel/framework/src/Illuminate/Foundation/Http/Middleware/TransformsRequest.php(21): Illuminate\\Pipeline\\Pipeline->Illuminate\\Pipeline\\{closure}(Object(Illuminate\\Http\\Request))
#46 /home/sistemas/www/sistema/vendor/laravel/framework/src/Illuminate/Foundation/Http/Middleware/TrimStrings.php(40): Illuminate\\Foundation\\Http\\Middleware\\TransformsRequest->handle(Object(Illuminate\\Http\\Request), Object(Closure))
#47 /home/sistemas/www/sistema/vendor/laravel/framework/src/Illuminate/Pipeline/Pipeline.php(167): Illuminate\\Foundation\\Http\\Middleware\\TrimStrings->handle(Object(Illuminate\\Http\\Request), Object(Closure))
#48 /home/sistemas/www/sistema/vendor/laravel/framework/src/Illuminate/Foundation/Http/Middleware/ValidatePostSize.php(27): Illuminate\\Pipeline\\Pipeline->Illuminate\\Pipeline\\{closure}(Object(Illuminate\\Http\\Request))
#49 /home/sistemas/www/sistema/vendor/laravel/framework/src/Illuminate/Pipeline/Pipeline.php(167): Illuminate\\Foundation\\Http\\Middleware\\ValidatePostSize->handle(Object(Illuminate\\Http\\Request), Object(Closure))
#50 /home/sistemas/www/sistema/vendor/laravel/framework/src/Illuminate/Foundation/Http/Middleware/PreventRequestsDuringMaintenance.php(86): Illuminate\\Pipeline\\Pipeline->Illuminate\\Pipeline\\{closure}(Object(Illuminate\\Http\\Request))
#51 /home/sistemas/www/sistema/vendor/laravel/framework/src/Illuminate/Pipeline/Pipeline.php(167): Illuminate\\Foundation\\Http\\Middleware\\PreventRequestsDuringMaintenance->handle(Object(Illuminate\\Http\\Request), Object(Closure))
#52 /home/sistemas/www/sistema/vendor/fruitcake/laravel-cors/src/HandleCors.php(38): Illuminate\\Pipeline\\Pipeline->Illuminate\\Pipeline\\{closure}(Object(Illuminate\\Http\\Request))
#53 /home/sistemas/www/sistema/vendor/laravel/framework/src/Illuminate/Pipeline/Pipeline.php(167): Fruitcake\\Cors\\HandleCors->handle(Object(Illuminate\\Http\\Request), Object(Closure))
#54 /home/sistemas/www/sistema/vendor/laravel/framework/src/Illuminate/Http/Middleware/TrustProxies.php(39): Illuminate\\Pipeline\\Pipeline->Illuminate\\Pipeline\\{closure}(Object(Illuminate\\Http\\Request))
#55 /home/sistemas/www/sistema/vendor/laravel/framework/src/Illuminate/Pipeline/Pipeline.php(167): Illuminate\\Http\\Middleware\\TrustProxies->handle(Object(Illuminate\\Http\\Request), Object(Closure))
#56 /home/sistemas/www/sistema/vendor/laravel/framework/src/Illuminate/Pipeline/Pipeline.php(103): Illuminate\\Pipeline\\Pipeline->Illuminate\\Pipeline\\{closure}(Object(Illuminate\\Http\\Request))
#57 /home/sistemas/www/sistema/vendor/laravel/framework/src/Illuminate/Foundation/Http/Kernel.php(142): Illuminate\\Pipeline\\Pipeline->then(Object(Closure))
#58 /home/sistemas/www/sistema/vendor/laravel/framework/src/Illuminate/Foundation/Http/Kernel.php(111): Illuminate\\Foundation\\Http\\Kernel->sendRequestThroughRouter(Object(Illuminate\\Http\\Request))
#59 /home/sistemas/www/index.php(52): Illuminate\\Foundation\\Http\\Kernel->handle(Object(Illuminate\\Http\\Request))
#60 {main}

[previous exception] [object] (PDOException(code: 22001): SQLSTATE[22001]: String data, right truncated: 1406 Data too long for column 'titulo_trabalho' at row 1 at /home/sistemas/www/sistema/vendor/laravel/framework/src/Illuminate/Database/Connection.php:501)
[stacktrace]
#0 /home/sistemas/www/sistema/vendor/laravel/framework/src/Illuminate/Database/Connection.php(501): PDOStatement->execute()
#1 /home/sistemas/www/sistema/vendor/laravel/framework/src/Illuminate/Database/Connection.php(705): Illuminate\\Database\\Connection->Illuminate\\Database\\{closure}('insert into `in...', Array)
#2 /home/sistemas/www/sistema/vendor/laravel/framework/src/Illuminate/Database/Connection.php(672): Illuminate\\Database\\Connection->runQueryCallback('insert into `in...', Array, Object(Closure))
#3 /home/sistemas/www/sistema/vendor/laravel/framework/src/Illuminate/Database/Connection.php(502): Illuminate\\Database\\Connection->run('insert into `in...', Array, Object(Closure))
#4 /home/sistemas/www/sistema/vendor/laravel/framework/src/Illuminate/Database/Connection.php(454): Illuminate\\Database\\Connection->statement('insert into `in...', Array)
#5 /home/sistemas/www/sistema/vendor/laravel/framework/src/Illuminate/Database/Query/Processors/Processor.php(32): Illuminate\\Database\\Connection->insert('insert into `in...', Array)
#6 /home/sistemas/www/sistema/vendor/laravel/framework/src/Illuminate/Database/Query/Builder.php(3028): Illuminate\\Database\\Query\\Processors\\Processor->processInsertGetId(Object(Illuminate\\Database\\Query\\Builder), 'insert into `in...', Array, 'id')
#7 /home/sistemas/www/sistema/vendor/laravel/framework/src/Illuminate/Database/Eloquent/Builder.php(1657): Illuminate\\Database\\Query\\Builder->insertGetId(Array, 'id')
#8 /home/sistemas/www/sistema/vendor/laravel/framework/src/Illuminate/Database/Eloquent/Model.php(1188): Illuminate\\Database\\Eloquent\\Builder->__call('insertGetId', Array)
#9 /home/sistemas/www/sistema/vendor/laravel/framework/src/Illuminate/Database/Eloquent/Model.php(1153): Illuminate\\Database\\Eloquent\\Model->insertAndSetId(Object(Illuminate\\Database\\Eloquent\\Builder), Array)
#10 /home/sistemas/www/sistema/vendor/laravel/framework/src/Illuminate/Database/Eloquent/Model.php(994): Illuminate\\Database\\Eloquent\\Model->performInsert(Object(Illuminate\\Database\\Eloquent\\Builder))
#11 /home/sistemas/www/sistema/vendor/laravel/framework/src/Illuminate/Database/Eloquent/Builder.php(896): Illuminate\\Database\\Eloquent\\Model->save()
#12 /home/sistemas/www/sistema/vendor/laravel/framework/src/Illuminate/Support/helpers.php(263): Illuminate\\Database\\Eloquent\\Builder->Illuminate\\Database\\Eloquent\\{closure}(Object(App\\Models\\Indicacao))
#13 /home/sistemas/www/sistema/vendor/laravel/framework/src/Illuminate/Database/Eloquent/Builder.php(897): tap(Object(App\\Models\\Indicacao), Object(Closure))
#14 /home/sistemas/www/sistema/vendor/laravel/framework/src/Illuminate/Support/Traits/ForwardsCalls.php(23): Illuminate\\Database\\Eloquent\\Builder->create(Array)
#15 /home/sistemas/www/sistema/vendor/laravel/framework/src/Illuminate/Database/Eloquent/Model.php(2132): Illuminate\\Database\\Eloquent\\Model->forwardCallTo(Object(Illuminate\\Database\\Eloquent\\Builder), 'create', Array)
#16 /home/sistemas/www/sistema/vendor/laravel/framework/src/Illuminate/Database/Eloquent/Model.php(2144): Illuminate\\Database\\Eloquent\\Model->__call('create', Array)
#17 /home/sistemas/www/sistema/app/Http/Controllers/IndicacaoController.php(81): Illuminate\\Database\\Eloquent\\Model::__callStatic('create', Array)
#18 /home/sistemas/www/sistema/vendor/laravel/framework/src/Illuminate/Routing/Controller.php(54): App\\Http\\Controllers\\IndicacaoController->store(Object(Illuminate\\Http\\Request))
#19 /home/sistemas/www/sistema/vendor/laravel/framework/src/Illuminate/Routing/ControllerDispatcher.php(45): Illuminate\\Routing\\Controller->callAction('store', Array)
#20 /home/sistemas/www/sistema/vendor/laravel/framework/src/Illuminate/Routing/Route.php(262): Illuminate\\Routing\\ControllerDispatcher->dispatch(Object(Illuminate\\Routing\\Route), Object(App\\Http\\Controllers\\IndicacaoController), 'store')
#21 /home/sistemas/www/sistema/vendor/laravel/framework/src/Illuminate/Routing/Route.php(205): Illuminate\\Routing\\Route->runController()
#22 /home/sistemas/www/sistema/vendor/laravel/framework/src/Illuminate/Routing/Router.php(721): Illuminate\\Routing\\Route->run()
#23 /home/sistemas/www/sistema/vendor/laravel/framework/src/Illuminate/Pipeline/Pipeline.php(128): Illuminate\\Routing\\Router->Illuminate\\Routing\\{closure}(Object(Illuminate\\Http\\Request))
#24 /home/sistemas/www/sistema/vendor/laravel/framework/src/Illuminate/Routing/Middleware/SubstituteBindings.php(50): Illuminate\\Pipeline\\Pipeline->Illuminate\\Pipeline\\{closure}(Object(Illuminate\\Http\\Request))
#25 /home/sistemas/www/sistema/vendor/laravel/framework/src/Illuminate/Pipeline/Pipeline.php(167): Illuminate\\Routing\\Middleware\\SubstituteBindings->handle(Object(Illuminate\\Http\\Request), Object(Closure))
#26 /home/sistemas/www/sistema/vendor/laravel/framework/src/Illuminate/Foundation/Http/Middleware/VerifyCsrfToken.php(78): Illuminate\\Pipeline\\Pipeline->Illuminate\\Pipeline\\{closure}(Object(Illuminate\\Http\\Request))
#27 /home/sistemas/www/sistema/vendor/laravel/framework/src/Illuminate/Pipeline/Pipeline.php(167): Illuminate\\Foundation\\Http\\Middleware\\VerifyCsrfToken->handle(Object(Illuminate\\Http\\Request), Object(Closure))
#28 /home/sistemas/www/sistema/vendor/laravel/framework/src/Illuminate/View/Middleware/ShareErrorsFromSession.php(49): Illuminate\\Pipeline\\Pipeline->Illuminate\\Pipeline\\{closure}(Object(Illuminate\\Http\\Request))
#29 /home/sistemas/www/sistema/vendor/laravel/framework/src/Illuminate/Pipeline/Pipeline.php(167): Illuminate\\View\\Middleware\\ShareErrorsFromSession->handle(Object(Illuminate\\Http\\Request), Object(Closure))
#30 /home/sistemas/www/sistema/vendor/laravel/framework/src/Illuminate/Session/Middleware/StartSession.php(121): Illuminate\\Pipeline\\Pipeline->Illuminate\\Pipeline\\{closure}(Object(Illuminate\\Http\\Request))
#31 /home/sistemas/www/sistema/vendor/laravel/framework/src/Illuminate/Session/Middleware/StartSession.php(64): Illuminate\\Session\\Middleware\\StartSession->handleStatefulRequest(Object(Illuminate\\Http\\Request), Object(Illuminate\\Session\\Store), Object(Closure))
#32 /home/sistemas/www/sistema/vendor/laravel/framework/src/Illuminate/Pipeline/Pipeline.php(167): Illuminate\\Session\\Middleware\\StartSession->handle(Object(Illuminate\\Http\\Request), Object(Closure))
#33 /home/sistemas/www/sistema/vendor/laravel/framework/src/Illuminate/Cookie/Middleware/AddQueuedCookiesToResponse.php(37): Illuminate\\Pipeline\\Pipeline->Illuminate\\Pipeline\\{closure}(Object(Illuminate\\Http\\Request))
#34 /home/sistemas/www/sistema/vendor/laravel/framework/src/Illuminate/Pipeline/Pipeline.php(167): Illuminate\\Cookie\\Middleware\\AddQueuedCookiesToResponse->handle(Object(Illuminate\\Http\\Request), Object(Closure))
#35 /home/sistemas/www/sistema/vendor/laravel/framework/src/Illuminate/Cookie/Middleware/EncryptCookies.php(67): Illuminate\\Pipeline\\Pipeline->Illuminate\\Pipeline\\{closure}(Object(Illuminate\\Http\\Request))
#36 /home/sistemas/www/sistema/vendor/laravel/framework/src/Illuminate/Pipeline/Pipeline.php(167): Illuminate\\Cookie\\Middleware\\EncryptCookies->handle(Object(Illuminate\\Http\\Request), Object(Closure))
#37 /home/sistemas/www/sistema/vendor/laravel/framework/src/Illuminate/Pipeline/Pipeline.php(103): Illuminate\\Pipeline\\Pipeline->Illuminate\\Pipeline\\{closure}(Object(Illuminate\\Http\\Request))
#38 /home/sistemas/www/sistema/vendor/laravel/framework/src/Illuminate/Routing/Router.php(723): Illuminate\\Pipeline\\Pipeline->then(Object(Closure))
#39 /home/sistemas/www/sistema/vendor/laravel/framework/src/Illuminate/Routing/Router.php(698): Illuminate\\Routing\\Router->runRouteWithinStack(Object(Illuminate\\Routing\\Route), Object(Illuminate\\Http\\Request))
#40 /home/sistemas/www/sistema/vendor/laravel/framework/src/Illuminate/Routing/Router.php(662): Illuminate\\Routing\\Router->runRoute(Object(Illuminate\\Http\\Request), Object(Illuminate\\Routing\\Route))
#41 /home/sistemas/www/sistema/vendor/laravel/framework/src/Illuminate/Routing/Router.php(651): Illuminate\\Routing\\Router->dispatchToRoute(Object(Illuminate\\Http\\Request))
#42 /home/sistemas/www/sistema/vendor/laravel/framework/src/Illuminate/Foundation/Http/Kernel.php(167): Illuminate\\Routing\\Router->dispatch(Object(Illuminate\\Http\\Request))
#43 /home/sistemas/www/sistema/vendor/laravel/framework/src/Illuminate/Pipeline/Pipeline.php(128): Illuminate\\Foundation\\Http\\Kernel->Illuminate\\Foundation\\Http\\{closure}(Object(Illuminate\\Http\\Request))
#44 /home/sistemas/www/sistema/vendor/laravel/framework/src/Illuminate/Foundation/Http/Middleware/TransformsRequest.php(21): Illuminate\\Pipeline\\Pipeline->Illuminate\\Pipeline\\{closure}(Object(Illuminate\\Http\\Request))
#45 /home/sistemas/www/sistema/vendor/laravel/framework/src/Illuminate/Foundation/Http/Middleware/ConvertEmptyStringsToNull.php(31): Illuminate\\Foundation\\Http\\Middleware\\TransformsRequest->handle(Object(Illuminate\\Http\\Request), Object(Closure))
#46 /home/sistemas/www/sistema/vendor/laravel/framework/src/Illuminate/Pipeline/Pipeline.php(167): Illuminate\\Foundation\\Http\\Middleware\\ConvertEmptyStringsToNull->handle(Object(Illuminate\\Http\\Request), Object(Closure))
#47 /home/sistemas/www/sistema/vendor/laravel/framework/src/Illuminate/Foundation/Http/Middleware/TransformsRequest.php(21): Illuminate\\Pipeline\\Pipeline->Illuminate\\Pipeline\\{closure}(Object(Illuminate\\Http\\Request))
#48 /home/sistemas/www/sistema/vendor/laravel/framework/src/Illuminate/Foundation/Http/Middleware/TrimStrings.php(40): Illuminate\\Foundation\\Http\\Middleware\\TransformsRequest->handle(Object(Illuminate\\Http\\Request), Object(Closure))
#49 /home/sistemas/www/sistema/vendor/laravel/framework/src/Illuminate/Pipeline/Pipeline.php(167): Illuminate\\Foundation\\Http\\Middleware\\TrimStrings->handle(Object(Illuminate\\Http\\Request), Object(Closure))
#50 /home/sistemas/www/sistema/vendor/laravel/framework/src/Illuminate/Foundation/Http/Middleware/ValidatePostSize.php(27): Illuminate\\Pipeline\\Pipeline->Illuminate\\Pipeline\\{closure}(Object(Illuminate\\Http\\Request))
#51 /home/sistemas/www/sistema/vendor/laravel/framework/src/Illuminate/Pipeline/Pipeline.php(167): Illuminate\\Foundation\\Http\\Middleware\\ValidatePostSize->handle(Object(Illuminate\\Http\\Request), Object(Closure))
#52 /home/sistemas/www/sistema/vendor/laravel/framework/src/Illuminate/Foundation/Http/Middleware/PreventRequestsDuringMaintenance.php(86): Illuminate\\Pipeline\\Pipeline->Illuminate\\Pipeline\\{closure}(Object(Illuminate\\Http\\Request))
#53 /home/sistemas/www/sistema/vendor/laravel/framework/src/Illuminate/Pipeline/Pipeline.php(167): Illuminate\\Foundation\\Http\\Middleware\\PreventRequestsDuringMaintenance->handle(Object(Illuminate\\Http\\Request), Object(Closure))
#54 /home/sistemas/www/sistema/vendor/fruitcake/laravel-cors/src/HandleCors.php(38): Illuminate\\Pipeline\\Pipeline->Illuminate\\Pipeline\\{closure}(Object(Illuminate\\Http\\Request))
#55 /home/sistemas/www/sistema/vendor/laravel/framework/src/Illuminate/Pipeline/Pipeline.php(167): Fruitcake\\Cors\\HandleCors->handle(Object(Illuminate\\Http\\Request), Object(Closure))
#56 /home/sistemas/www/sistema/vendor/laravel/framework/src/Illuminate/Http/Middleware/TrustProxies.php(39): Illuminate\\Pipeline\\Pipeline->Illuminate\\Pipeline\\{closure}(Object(Illuminate\\Http\\Request))
#57 /home/sistemas/www/sistema/vendor/laravel/framework/src/Illuminate/Pipeline/Pipeline.php(167): Illuminate\\Http\\Middleware\\TrustProxies->handle(Object(Illuminate\\Http\\Request), Object(Closure))
#58 /home/sistemas/www/sistema/vendor/laravel/framework/src/Illuminate/Pipeline/Pipeline.php(103): Illuminate\\Pipeline\\Pipeline->Illuminate\\Pipeline\\{closure}(Object(Illuminate\\Http\\Request))
#59 /home/sistemas/www/sistema/vendor/laravel/framework/src/Illuminate/Foundation/Http/Kernel.php(142): Illuminate\\Pipeline\\Pipeline->then(Object(Closure))
#60 /home/sistemas/www/sistema/vendor/laravel/framework/src/Illuminate/Foundation/Http/Kernel.php(111): Illuminate\\Foundation\\Http\\Kernel->sendRequestThroughRouter(Object(Illuminate\\Http\\Request))
#61 /home/sistemas/www/index.php(52): Illuminate\\Foundation\\Http\\Kernel->handle(Object(Illuminate\\Http\\Request))
#62 {main}
"} 
[2022-03-08 23:49:40] production.ERROR: SQLSTATE[22001]: String data, right truncated: 1406 Data too long for column 'titulo_trabalho' at row 1 (SQL: insert into `indicacaos` (`nome_respo`, `cpf_respo`, `respo_indicacao`, `email_respo`, `email_curso`, `celular`, `nome_autor`, `cpf_autor`, `trabalho_produzido`, `orientador`, `titulo_trabalho`, `categoria`, `estado_id`, `instituicao_id`, `modalidade`, `endereco_id`, `updated_at`, `created_at`) values (Teste Responsavel, 123.456.789-01, Coordenador de Curso, teste@teste.com.br, teste@teste.com.br, (11) 1111-1111, Murilo Carvalho, 440.205.928-37, Disciplina, Teste orientador, Lorem Ipsum é simplesmente uma simulação de texto da indústria tipográfica e de impressos, e vem sendo utilizado desde o século XVI, quando um impressor desconhecido pegou uma bandeja de tipos e os embaralhou para fazer um livro de modelos de tipos. Lorem Ipsum sobreviveu não só a cinco séculos, como também ao salto para a editoração eletrônica, permanecendo essencialmente inalterado. Se popularizou na década de 60, quando a Letraset lançou decalques contendo passagens de Lorem Ipsum, e mais recentemente quando passou a ser integrado a softwares de editoração eletrônica como Aldus PageMaker., Jornalismo, SP, 2, JO 03 Jornal-laboratório (conjunto/série), 2, 2022-03-08 23:49:40, 2022-03-08 23:49:40)) {"userId":1850,"exception":"[object] (Illuminate\\Database\\QueryException(code: 22001): SQLSTATE[22001]: String data, right truncated: 1406 Data too long for column 'titulo_trabalho' at row 1 (SQL: insert into `indicacaos` (`nome_respo`, `cpf_respo`, `respo_indicacao`, `email_respo`, `email_curso`, `celular`, `nome_autor`, `cpf_autor`, `trabalho_produzido`, `orientador`, `titulo_trabalho`, `categoria`, `estado_id`, `instituicao_id`, `modalidade`, `endereco_id`, `updated_at`, `created_at`) values (Teste Responsavel, 123.456.789-01, Coordenador de Curso, teste@teste.com.br, teste@teste.com.br, (11) 1111-1111, Murilo Carvalho, 440.205.928-37, Disciplina, Teste orientador, Lorem Ipsum é simplesmente uma simulação de texto da indústria tipográfica e de impressos, e vem sendo utilizado desde o século XVI, quando um impressor desconhecido pegou uma bandeja de tipos e os embaralhou para fazer um livro de modelos de tipos. Lorem Ipsum sobreviveu não só a cinco séculos, como também ao salto para a editoração eletrônica, permanecendo essencialmente inalterado. Se popularizou na década de 60, quando a Letraset lançou decalques contendo passagens de Lorem Ipsum, e mais recentemente quando passou a ser integrado a softwares de editoração eletrônica como Aldus PageMaker., Jornalismo, SP, 2, JO 03 Jornal-laboratório (conjunto/série), 2, 2022-03-08 23:49:40, 2022-03-08 23:49:40)) at /home/sistemas/www/sistema/vendor/laravel/framework/src/Illuminate/Database/Connection.php:712)
[stacktrace]
#0 /home/sistemas/www/sistema/vendor/laravel/framework/src/Illuminate/Database/Connection.php(672): Illuminate\\Database\\Connection->runQueryCallback('insert into `in...', Array, Object(Closure))
#1 /home/sistemas/www/sistema/vendor/laravel/framework/src/Illuminate/Database/Connection.php(502): Illuminate\\Database\\Connection->run('insert into `in...', Array, Object(Closure))
#2 /home/sistemas/www/sistema/vendor/laravel/framework/src/Illuminate/Database/Connection.php(454): Illuminate\\Database\\Connection->statement('insert into `in...', Array)
#3 /home/sistemas/www/sistema/vendor/laravel/framework/src/Illuminate/Database/Query/Processors/Processor.php(32): Illuminate\\Database\\Connection->insert('insert into `in...', Array)
#4 /home/sistemas/www/sistema/vendor/laravel/framework/src/Illuminate/Database/Query/Builder.php(3028): Illuminate\\Database\\Query\\Processors\\Processor->processInsertGetId(Object(Illuminate\\Database\\Query\\Builder), 'insert into `in...', Array, 'id')
#5 /home/sistemas/www/sistema/vendor/laravel/framework/src/Illuminate/Database/Eloquent/Builder.php(1657): Illuminate\\Database\\Query\\Builder->insertGetId(Array, 'id')
#6 /home/sistemas/www/sistema/vendor/laravel/framework/src/Illuminate/Database/Eloquent/Model.php(1188): Illuminate\\Database\\Eloquent\\Builder->__call('insertGetId', Array)
#7 /home/sistemas/www/sistema/vendor/laravel/framework/src/Illuminate/Database/Eloquent/Model.php(1153): Illuminate\\Database\\Eloquent\\Model->insertAndSetId(Object(Illuminate\\Database\\Eloquent\\Builder), Array)
#8 /home/sistemas/www/sistema/vendor/laravel/framework/src/Illuminate/Database/Eloquent/Model.php(994): Illuminate\\Database\\Eloquent\\Model->performInsert(Object(Illuminate\\Database\\Eloquent\\Builder))
#9 /home/sistemas/www/sistema/vendor/laravel/framework/src/Illuminate/Database/Eloquent/Builder.php(896): Illuminate\\Database\\Eloquent\\Model->save()
#10 /home/sistemas/www/sistema/vendor/laravel/framework/src/Illuminate/Support/helpers.php(263): Illuminate\\Database\\Eloquent\\Builder->Illuminate\\Database\\Eloquent\\{closure}(Object(App\\Models\\Indicacao))
#11 /home/sistemas/www/sistema/vendor/laravel/framework/src/Illuminate/Database/Eloquent/Builder.php(897): tap(Object(App\\Models\\Indicacao), Object(Closure))
#12 /home/sistemas/www/sistema/vendor/laravel/framework/src/Illuminate/Support/Traits/ForwardsCalls.php(23): Illuminate\\Database\\Eloquent\\Builder->create(Array)
#13 /home/sistemas/www/sistema/vendor/laravel/framework/src/Illuminate/Database/Eloquent/Model.php(2132): Illuminate\\Database\\Eloquent\\Model->forwardCallTo(Object(Illuminate\\Database\\Eloquent\\Builder), 'create', Array)
#14 /home/sistemas/www/sistema/vendor/laravel/framework/src/Illuminate/Database/Eloquent/Model.php(2144): Illuminate\\Database\\Eloquent\\Model->__call('create', Array)
#15 /home/sistemas/www/sistema/app/Http/Controllers/IndicacaoController.php(81): Illuminate\\Database\\Eloquent\\Model::__callStatic('create', Array)
#16 /home/sistemas/www/sistema/vendor/laravel/framework/src/Illuminate/Routing/Controller.php(54): App\\Http\\Controllers\\IndicacaoController->store(Object(Illuminate\\Http\\Request))
#17 /home/sistemas/www/sistema/vendor/laravel/framework/src/Illuminate/Routing/ControllerDispatcher.php(45): Illuminate\\Routing\\Controller->callAction('store', Array)
#18 /home/sistemas/www/sistema/vendor/laravel/framework/src/Illuminate/Routing/Route.php(262): Illuminate\\Routing\\ControllerDispatcher->dispatch(Object(Illuminate\\Routing\\Route), Object(App\\Http\\Controllers\\IndicacaoController), 'store')
#19 /home/sistemas/www/sistema/vendor/laravel/framework/src/Illuminate/Routing/Route.php(205): Illuminate\\Routing\\Route->runController()
#20 /home/sistemas/www/sistema/vendor/laravel/framework/src/Illuminate/Routing/Router.php(721): Illuminate\\Routing\\Route->run()
#21 /home/sistemas/www/sistema/vendor/laravel/framework/src/Illuminate/Pipeline/Pipeline.php(128): Illuminate\\Routing\\Router->Illuminate\\Routing\\{closure}(Object(Illuminate\\Http\\Request))
#22 /home/sistemas/www/sistema/vendor/laravel/framework/src/Illuminate/Routing/Middleware/SubstituteBindings.php(50): Illuminate\\Pipeline\\Pipeline->Illuminate\\Pipeline\\{closure}(Object(Illuminate\\Http\\Request))
#23 /home/sistemas/www/sistema/vendor/laravel/framework/src/Illuminate/Pipeline/Pipeline.php(167): Illuminate\\Routing\\Middleware\\SubstituteBindings->handle(Object(Illuminate\\Http\\Request), Object(Closure))
#24 /home/sistemas/www/sistema/vendor/laravel/framework/src/Illuminate/Foundation/Http/Middleware/VerifyCsrfToken.php(78): Illuminate\\Pipeline\\Pipeline->Illuminate\\Pipeline\\{closure}(Object(Illuminate\\Http\\Request))
#25 /home/sistemas/www/sistema/vendor/laravel/framework/src/Illuminate/Pipeline/Pipeline.php(167): Illuminate\\Foundation\\Http\\Middleware\\VerifyCsrfToken->handle(Object(Illuminate\\Http\\Request), Object(Closure))
#26 /home/sistemas/www/sistema/vendor/laravel/framework/src/Illuminate/View/Middleware/ShareErrorsFromSession.php(49): Illuminate\\Pipeline\\Pipeline->Illuminate\\Pipeline\\{closure}(Object(Illuminate\\Http\\Request))
#27 /home/sistemas/www/sistema/vendor/laravel/framework/src/Illuminate/Pipeline/Pipeline.php(167): Illuminate\\View\\Middleware\\ShareErrorsFromSession->handle(Object(Illuminate\\Http\\Request), Object(Closure))
#28 /home/sistemas/www/sistema/vendor/laravel/framework/src/Illuminate/Session/Middleware/StartSession.php(121): Illuminate\\Pipeline\\Pipeline->Illuminate\\Pipeline\\{closure}(Object(Illuminate\\Http\\Request))
#29 /home/sistemas/www/sistema/vendor/laravel/framework/src/Illuminate/Session/Middleware/StartSession.php(64): Illuminate\\Session\\Middleware\\StartSession->handleStatefulRequest(Object(Illuminate\\Http\\Request), Object(Illuminate\\Session\\Store), Object(Closure))
#30 /home/sistemas/www/sistema/vendor/laravel/framework/src/Illuminate/Pipeline/Pipeline.php(167): Illuminate\\Session\\Middleware\\StartSession->handle(Object(Illuminate\\Http\\Request), Object(Closure))
#31 /home/sistemas/www/sistema/vendor/laravel/framework/src/Illuminate/Cookie/Middleware/AddQueuedCookiesToResponse.php(37): Illuminate\\Pipeline\\Pipeline->Illuminate\\Pipeline\\{closure}(Object(Illuminate\\Http\\Request))
#32 /home/sistemas/www/sistema/vendor/laravel/framework/src/Illuminate/Pipeline/Pipeline.php(167): Illuminate\\Cookie\\Middleware\\AddQueuedCookiesToResponse->handle(Object(Illuminate\\Http\\Request), Object(Closure))
#33 /home/sistemas/www/sistema/vendor/laravel/framework/src/Illuminate/Cookie/Middleware/EncryptCookies.php(67): Illuminate\\Pipeline\\Pipeline->Illuminate\\Pipeline\\{closure}(Object(Illuminate\\Http\\Request))
#34 /home/sistemas/www/sistema/vendor/laravel/framework/src/Illuminate/Pipeline/Pipeline.php(167): Illuminate\\Cookie\\Middleware\\EncryptCookies->handle(Object(Illuminate\\Http\\Request), Object(Closure))
#35 /home/sistemas/www/sistema/vendor/laravel/framework/src/Illuminate/Pipeline/Pipeline.php(103): Illuminate\\Pipeline\\Pipeline->Illuminate\\Pipeline\\{closure}(Object(Illuminate\\Http\\Request))
#36 /home/sistemas/www/sistema/vendor/laravel/framework/src/Illuminate/Routing/Router.php(723): Illuminate\\Pipeline\\Pipeline->then(Object(Closure))
#37 /home/sistemas/www/sistema/vendor/laravel/framework/src/Illuminate/Routing/Router.php(698): Illuminate\\Routing\\Router->runRouteWithinStack(Object(Illuminate\\Routing\\Route), Object(Illuminate\\Http\\Request))
#38 /home/sistemas/www/sistema/vendor/laravel/framework/src/Illuminate/Routing/Router.php(662): Illuminate\\Routing\\Router->runRoute(Object(Illuminate\\Http\\Request), Object(Illuminate\\Routing\\Route))
#39 /home/sistemas/www/sistema/vendor/laravel/framework/src/Illuminate/Routing/Router.php(651): Illuminate\\Routing\\Router->dispatchToRoute(Object(Illuminate\\Http\\Request))
#40 /home/sistemas/www/sistema/vendor/laravel/framework/src/Illuminate/Foundation/Http/Kernel.php(167): Illuminate\\Routing\\Router->dispatch(Object(Illuminate\\Http\\Request))
#41 /home/sistemas/www/sistema/vendor/laravel/framework/src/Illuminate/Pipeline/Pipeline.php(128): Illuminate\\Foundation\\Http\\Kernel->Illuminate\\Foundation\\Http\\{closure}(Object(Illuminate\\Http\\Request))
#42 /home/sistemas/www/sistema/vendor/laravel/framework/src/Illuminate/Foundation/Http/Middleware/TransformsRequest.php(21): Illuminate\\Pipeline\\Pipeline->Illuminate\\Pipeline\\{closure}(Object(Illuminate\\Http\\Request))
#43 /home/sistemas/www/sistema/vendor/laravel/framework/src/Illuminate/Foundation/Http/Middleware/ConvertEmptyStringsToNull.php(31): Illuminate\\Foundation\\Http\\Middleware\\TransformsRequest->handle(Object(Illuminate\\Http\\Request), Object(Closure))
#44 /home/sistemas/www/sistema/vendor/laravel/framework/src/Illuminate/Pipeline/Pipeline.php(167): Illuminate\\Foundation\\Http\\Middleware\\ConvertEmptyStringsToNull->handle(Object(Illuminate\\Http\\Request), Object(Closure))
#45 /home/sistemas/www/sistema/vendor/laravel/framework/src/Illuminate/Foundation/Http/Middleware/TransformsRequest.php(21): Illuminate\\Pipeline\\Pipeline->Illuminate\\Pipeline\\{closure}(Object(Illuminate\\Http\\Request))
#46 /home/sistemas/www/sistema/vendor/laravel/framework/src/Illuminate/Foundation/Http/Middleware/TrimStrings.php(40): Illuminate\\Foundation\\Http\\Middleware\\TransformsRequest->handle(Object(Illuminate\\Http\\Request), Object(Closure))
#47 /home/sistemas/www/sistema/vendor/laravel/framework/src/Illuminate/Pipeline/Pipeline.php(167): Illuminate\\Foundation\\Http\\Middleware\\TrimStrings->handle(Object(Illuminate\\Http\\Request), Object(Closure))
#48 /home/sistemas/www/sistema/vendor/laravel/framework/src/Illuminate/Foundation/Http/Middleware/ValidatePostSize.php(27): Illuminate\\Pipeline\\Pipeline->Illuminate\\Pipeline\\{closure}(Object(Illuminate\\Http\\Request))
#49 /home/sistemas/www/sistema/vendor/laravel/framework/src/Illuminate/Pipeline/Pipeline.php(167): Illuminate\\Foundation\\Http\\Middleware\\ValidatePostSize->handle(Object(Illuminate\\Http\\Request), Object(Closure))
#50 /home/sistemas/www/sistema/vendor/laravel/framework/src/Illuminate/Foundation/Http/Middleware/PreventRequestsDuringMaintenance.php(86): Illuminate\\Pipeline\\Pipeline->Illuminate\\Pipeline\\{closure}(Object(Illuminate\\Http\\Request))
#51 /home/sistemas/www/sistema/vendor/laravel/framework/src/Illuminate/Pipeline/Pipeline.php(167): Illuminate\\Foundation\\Http\\Middleware\\PreventRequestsDuringMaintenance->handle(Object(Illuminate\\Http\\Request), Object(Closure))
#52 /home/sistemas/www/sistema/vendor/fruitcake/laravel-cors/src/HandleCors.php(38): Illuminate\\Pipeline\\Pipeline->Illuminate\\Pipeline\\{closure}(Object(Illuminate\\Http\\Request))
#53 /home/sistemas/www/sistema/vendor/laravel/framework/src/Illuminate/Pipeline/Pipeline.php(167): Fruitcake\\Cors\\HandleCors->handle(Object(Illuminate\\Http\\Request), Object(Closure))
#54 /home/sistemas/www/sistema/vendor/laravel/framework/src/Illuminate/Http/Middleware/TrustProxies.php(39): Illuminate\\Pipeline\\Pipeline->Illuminate\\Pipeline\\{closure}(Object(Illuminate\\Http\\Request))
#55 /home/sistemas/www/sistema/vendor/laravel/framework/src/Illuminate/Pipeline/Pipeline.php(167): Illuminate\\Http\\Middleware\\TrustProxies->handle(Object(Illuminate\\Http\\Request), Object(Closure))
#56 /home/sistemas/www/sistema/vendor/laravel/framework/src/Illuminate/Pipeline/Pipeline.php(103): Illuminate\\Pipeline\\Pipeline->Illuminate\\Pipeline\\{closure}(Object(Illuminate\\Http\\Request))
#57 /home/sistemas/www/sistema/vendor/laravel/framework/src/Illuminate/Foundation/Http/Kernel.php(142): Illuminate\\Pipeline\\Pipeline->then(Object(Closure))
#58 /home/sistemas/www/sistema/vendor/laravel/framework/src/Illuminate/Foundation/Http/Kernel.php(111): Illuminate\\Foundation\\Http\\Kernel->sendRequestThroughRouter(Object(Illuminate\\Http\\Request))
#59 /home/sistemas/www/index.php(52): Illuminate\\Foundation\\Http\\Kernel->handle(Object(Illuminate\\Http\\Request))
#60 {main}

[previous exception] [object] (PDOException(code: 22001): SQLSTATE[22001]: String data, right truncated: 1406 Data too long for column 'titulo_trabalho' at row 1 at /home/sistemas/www/sistema/vendor/laravel/framework/src/Illuminate/Database/Connection.php:501)
[stacktrace]
#0 /home/sistemas/www/sistema/vendor/laravel/framework/src/Illuminate/Database/Connection.php(501): PDOStatement->execute()
#1 /home/sistemas/www/sistema/vendor/laravel/framework/src/Illuminate/Database/Connection.php(705): Illuminate\\Database\\Connection->Illuminate\\Database\\{closure}('insert into `in...', Array)
#2 /home/sistemas/www/sistema/vendor/laravel/framework/src/Illuminate/Database/Connection.php(672): Illuminate\\Database\\Connection->runQueryCallback('insert into `in...', Array, Object(Closure))
#3 /home/sistemas/www/sistema/vendor/laravel/framework/src/Illuminate/Database/Connection.php(502): Illuminate\\Database\\Connection->run('insert into `in...', Array, Object(Closure))
#4 /home/sistemas/www/sistema/vendor/laravel/framework/src/Illuminate/Database/Connection.php(454): Illuminate\\Database\\Connection->statement('insert into `in...', Array)
#5 /home/sistemas/www/sistema/vendor/laravel/framework/src/Illuminate/Database/Query/Processors/Processor.php(32): Illuminate\\Database\\Connection->insert('insert into `in...', Array)
#6 /home/sistemas/www/sistema/vendor/laravel/framework/src/Illuminate/Database/Query/Builder.php(3028): Illuminate\\Database\\Query\\Processors\\Processor->processInsertGetId(Object(Illuminate\\Database\\Query\\Builder), 'insert into `in...', Array, 'id')
#7 /home/sistemas/www/sistema/vendor/laravel/framework/src/Illuminate/Database/Eloquent/Builder.php(1657): Illuminate\\Database\\Query\\Builder->insertGetId(Array, 'id')
#8 /home/sistemas/www/sistema/vendor/laravel/framework/src/Illuminate/Database/Eloquent/Model.php(1188): Illuminate\\Database\\Eloquent\\Builder->__call('insertGetId', Array)
#9 /home/sistemas/www/sistema/vendor/laravel/framework/src/Illuminate/Database/Eloquent/Model.php(1153): Illuminate\\Database\\Eloquent\\Model->insertAndSetId(Object(Illuminate\\Database\\Eloquent\\Builder), Array)
#10 /home/sistemas/www/sistema/vendor/laravel/framework/src/Illuminate/Database/Eloquent/Model.php(994): Illuminate\\Database\\Eloquent\\Model->performInsert(Object(Illuminate\\Database\\Eloquent\\Builder))
#11 /home/sistemas/www/sistema/vendor/laravel/framework/src/Illuminate/Database/Eloquent/Builder.php(896): Illuminate\\Database\\Eloquent\\Model->save()
#12 /home/sistemas/www/sistema/vendor/laravel/framework/src/Illuminate/Support/helpers.php(263): Illuminate\\Database\\Eloquent\\Builder->Illuminate\\Database\\Eloquent\\{closure}(Object(App\\Models\\Indicacao))
#13 /home/sistemas/www/sistema/vendor/laravel/framework/src/Illuminate/Database/Eloquent/Builder.php(897): tap(Object(App\\Models\\Indicacao), Object(Closure))
#14 /home/sistemas/www/sistema/vendor/laravel/framework/src/Illuminate/Support/Traits/ForwardsCalls.php(23): Illuminate\\Database\\Eloquent\\Builder->create(Array)
#15 /home/sistemas/www/sistema/vendor/laravel/framework/src/Illuminate/Database/Eloquent/Model.php(2132): Illuminate\\Database\\Eloquent\\Model->forwardCallTo(Object(Illuminate\\Database\\Eloquent\\Builder), 'create', Array)
#16 /home/sistemas/www/sistema/vendor/laravel/framework/src/Illuminate/Database/Eloquent/Model.php(2144): Illuminate\\Database\\Eloquent\\Model->__call('create', Array)
#17 /home/sistemas/www/sistema/app/Http/Controllers/IndicacaoController.php(81): Illuminate\\Database\\Eloquent\\Model::__callStatic('create', Array)
#18 /home/sistemas/www/sistema/vendor/laravel/framework/src/Illuminate/Routing/Controller.php(54): App\\Http\\Controllers\\IndicacaoController->store(Object(Illuminate\\Http\\Request))
#19 /home/sistemas/www/sistema/vendor/laravel/framework/src/Illuminate/Routing/ControllerDispatcher.php(45): Illuminate\\Routing\\Controller->callAction('store', Array)
#20 /home/sistemas/www/sistema/vendor/laravel/framework/src/Illuminate/Routing/Route.php(262): Illuminate\\Routing\\ControllerDispatcher->dispatch(Object(Illuminate\\Routing\\Route), Object(App\\Http\\Controllers\\IndicacaoController), 'store')
#21 /home/sistemas/www/sistema/vendor/laravel/framework/src/Illuminate/Routing/Route.php(205): Illuminate\\Routing\\Route->runController()
#22 /home/sistemas/www/sistema/vendor/laravel/framework/src/Illuminate/Routing/Router.php(721): Illuminate\\Routing\\Route->run()
#23 /home/sistemas/www/sistema/vendor/laravel/framework/src/Illuminate/Pipeline/Pipeline.php(128): Illuminate\\Routing\\Router->Illuminate\\Routing\\{closure}(Object(Illuminate\\Http\\Request))
#24 /home/sistemas/www/sistema/vendor/laravel/framework/src/Illuminate/Routing/Middleware/SubstituteBindings.php(50): Illuminate\\Pipeline\\Pipeline->Illuminate\\Pipeline\\{closure}(Object(Illuminate\\Http\\Request))
#25 /home/sistemas/www/sistema/vendor/laravel/framework/src/Illuminate/Pipeline/Pipeline.php(167): Illuminate\\Routing\\Middleware\\SubstituteBindings->handle(Object(Illuminate\\Http\\Request), Object(Closure))
#26 /home/sistemas/www/sistema/vendor/laravel/framework/src/Illuminate/Foundation/Http/Middleware/VerifyCsrfToken.php(78): Illuminate\\Pipeline\\Pipeline->Illuminate\\Pipeline\\{closure}(Object(Illuminate\\Http\\Request))
#27 /home/sistemas/www/sistema/vendor/laravel/framework/src/Illuminate/Pipeline/Pipeline.php(167): Illuminate\\Foundation\\Http\\Middleware\\VerifyCsrfToken->handle(Object(Illuminate\\Http\\Request), Object(Closure))
#28 /home/sistemas/www/sistema/vendor/laravel/framework/src/Illuminate/View/Middleware/ShareErrorsFromSession.php(49): Illuminate\\Pipeline\\Pipeline->Illuminate\\Pipeline\\{closure}(Object(Illuminate\\Http\\Request))
#29 /home/sistemas/www/sistema/vendor/laravel/framework/src/Illuminate/Pipeline/Pipeline.php(167): Illuminate\\View\\Middleware\\ShareErrorsFromSession->handle(Object(Illuminate\\Http\\Request), Object(Closure))
#30 /home/sistemas/www/sistema/vendor/laravel/framework/src/Illuminate/Session/Middleware/StartSession.php(121): Illuminate\\Pipeline\\Pipeline->Illuminate\\Pipeline\\{closure}(Object(Illuminate\\Http\\Request))
#31 /home/sistemas/www/sistema/vendor/laravel/framework/src/Illuminate/Session/Middleware/StartSession.php(64): Illuminate\\Session\\Middleware\\StartSession->handleStatefulRequest(Object(Illuminate\\Http\\Request), Object(Illuminate\\Session\\Store), Object(Closure))
#32 /home/sistemas/www/sistema/vendor/laravel/framework/src/Illuminate/Pipeline/Pipeline.php(167): Illuminate\\Session\\Middleware\\StartSession->handle(Object(Illuminate\\Http\\Request), Object(Closure))
#33 /home/sistemas/www/sistema/vendor/laravel/framework/src/Illuminate/Cookie/Middleware/AddQueuedCookiesToResponse.php(37): Illuminate\\Pipeline\\Pipeline->Illuminate\\Pipeline\\{closure}(Object(Illuminate\\Http\\Request))
#34 /home/sistemas/www/sistema/vendor/laravel/framework/src/Illuminate/Pipeline/Pipeline.php(167): Illuminate\\Cookie\\Middleware\\AddQueuedCookiesToResponse->handle(Object(Illuminate\\Http\\Request), Object(Closure))
#35 /home/sistemas/www/sistema/vendor/laravel/framework/src/Illuminate/Cookie/Middleware/EncryptCookies.php(67): Illuminate\\Pipeline\\Pipeline->Illuminate\\Pipeline\\{closure}(Object(Illuminate\\Http\\Request))
#36 /home/sistemas/www/sistema/vendor/laravel/framework/src/Illuminate/Pipeline/Pipeline.php(167): Illuminate\\Cookie\\Middleware\\EncryptCookies->handle(Object(Illuminate\\Http\\Request), Object(Closure))
#37 /home/sistemas/www/sistema/vendor/laravel/framework/src/Illuminate/Pipeline/Pipeline.php(103): Illuminate\\Pipeline\\Pipeline->Illuminate\\Pipeline\\{closure}(Object(Illuminate\\Http\\Request))
#38 /home/sistemas/www/sistema/vendor/laravel/framework/src/Illuminate/Routing/Router.php(723): Illuminate\\Pipeline\\Pipeline->then(Object(Closure))
#39 /home/sistemas/www/sistema/vendor/laravel/framework/src/Illuminate/Routing/Router.php(698): Illuminate\\Routing\\Router->runRouteWithinStack(Object(Illuminate\\Routing\\Route), Object(Illuminate\\Http\\Request))
#40 /home/sistemas/www/sistema/vendor/laravel/framework/src/Illuminate/Routing/Router.php(662): Illuminate\\Routing\\Router->runRoute(Object(Illuminate\\Http\\Request), Object(Illuminate\\Routing\\Route))
#41 /home/sistemas/www/sistema/vendor/laravel/framework/src/Illuminate/Routing/Router.php(651): Illuminate\\Routing\\Router->dispatchToRoute(Object(Illuminate\\Http\\Request))
#42 /home/sistemas/www/sistema/vendor/laravel/framework/src/Illuminate/Foundation/Http/Kernel.php(167): Illuminate\\Routing\\Router->dispatch(Object(Illuminate\\Http\\Request))
#43 /home/sistemas/www/sistema/vendor/laravel/framework/src/Illuminate/Pipeline/Pipeline.php(128): Illuminate\\Foundation\\Http\\Kernel->Illuminate\\Foundation\\Http\\{closure}(Object(Illuminate\\Http\\Request))
#44 /home/sistemas/www/sistema/vendor/laravel/framework/src/Illuminate/Foundation/Http/Middleware/TransformsRequest.php(21): Illuminate\\Pipeline\\Pipeline->Illuminate\\Pipeline\\{closure}(Object(Illuminate\\Http\\Request))
#45 /home/sistemas/www/sistema/vendor/laravel/framework/src/Illuminate/Foundation/Http/Middleware/ConvertEmptyStringsToNull.php(31): Illuminate\\Foundation\\Http\\Middleware\\TransformsRequest->handle(Object(Illuminate\\Http\\Request), Object(Closure))
#46 /home/sistemas/www/sistema/vendor/laravel/framework/src/Illuminate/Pipeline/Pipeline.php(167): Illuminate\\Foundation\\Http\\Middleware\\ConvertEmptyStringsToNull->handle(Object(Illuminate\\Http\\Request), Object(Closure))
#47 /home/sistemas/www/sistema/vendor/laravel/framework/src/Illuminate/Foundation/Http/Middleware/TransformsRequest.php(21): Illuminate\\Pipeline\\Pipeline->Illuminate\\Pipeline\\{closure}(Object(Illuminate\\Http\\Request))
#48 /home/sistemas/www/sistema/vendor/laravel/framework/src/Illuminate/Foundation/Http/Middleware/TrimStrings.php(40): Illuminate\\Foundation\\Http\\Middleware\\TransformsRequest->handle(Object(Illuminate\\Http\\Request), Object(Closure))
#49 /home/sistemas/www/sistema/vendor/laravel/framework/src/Illuminate/Pipeline/Pipeline.php(167): Illuminate\\Foundation\\Http\\Middleware\\TrimStrings->handle(Object(Illuminate\\Http\\Request), Object(Closure))
#50 /home/sistemas/www/sistema/vendor/laravel/framework/src/Illuminate/Foundation/Http/Middleware/ValidatePostSize.php(27): Illuminate\\Pipeline\\Pipeline->Illuminate\\Pipeline\\{closure}(Object(Illuminate\\Http\\Request))
#51 /home/sistemas/www/sistema/vendor/laravel/framework/src/Illuminate/Pipeline/Pipeline.php(167): Illuminate\\Foundation\\Http\\Middleware\\ValidatePostSize->handle(Object(Illuminate\\Http\\Request), Object(Closure))
#52 /home/sistemas/www/sistema/vendor/laravel/framework/src/Illuminate/Foundation/Http/Middleware/PreventRequestsDuringMaintenance.php(86): Illuminate\\Pipeline\\Pipeline->Illuminate\\Pipeline\\{closure}(Object(Illuminate\\Http\\Request))
#53 /home/sistemas/www/sistema/vendor/laravel/framework/src/Illuminate/Pipeline/Pipeline.php(167): Illuminate\\Foundation\\Http\\Middleware\\PreventRequestsDuringMaintenance->handle(Object(Illuminate\\Http\\Request), Object(Closure))
#54 /home/sistemas/www/sistema/vendor/fruitcake/laravel-cors/src/HandleCors.php(38): Illuminate\\Pipeline\\Pipeline->Illuminate\\Pipeline\\{closure}(Object(Illuminate\\Http\\Request))
#55 /home/sistemas/www/sistema/vendor/laravel/framework/src/Illuminate/Pipeline/Pipeline.php(167): Fruitcake\\Cors\\HandleCors->handle(Object(Illuminate\\Http\\Request), Object(Closure))
#56 /home/sistemas/www/sistema/vendor/laravel/framework/src/Illuminate/Http/Middleware/TrustProxies.php(39): Illuminate\\Pipeline\\Pipeline->Illuminate\\Pipeline\\{closure}(Object(Illuminate\\Http\\Request))
#57 /home/sistemas/www/sistema/vendor/laravel/framework/src/Illuminate/Pipeline/Pipeline.php(167): Illuminate\\Http\\Middleware\\TrustProxies->handle(Object(Illuminate\\Http\\Request), Object(Closure))
#58 /home/sistemas/www/sistema/vendor/laravel/framework/src/Illuminate/Pipeline/Pipeline.php(103): Illuminate\\Pipeline\\Pipeline->Illuminate\\Pipeline\\{closure}(Object(Illuminate\\Http\\Request))
#59 /home/sistemas/www/sistema/vendor/laravel/framework/src/Illuminate/Foundation/Http/Kernel.php(142): Illuminate\\Pipeline\\Pipeline->then(Object(Closure))
#60 /home/sistemas/www/sistema/vendor/laravel/framework/src/Illuminate/Foundation/Http/Kernel.php(111): Illuminate\\Foundation\\Http\\Kernel->sendRequestThroughRouter(Object(Illuminate\\Http\\Request))
#61 /home/sistemas/www/index.php(52): Illuminate\\Foundation\\Http\\Kernel->handle(Object(Illuminate\\Http\\Request))
#62 {main}
"} 
