[2022-02-27 00:05:12] production.ERROR: SQLSTATE[HY000]: General error: 1364 Field 'numero_socio' doesn't have a default value (SQL: insert into `associados` (`instituicao_id`, `titulacao_id`, `updated_at`, `created_at`) values (867, 5, 2022-02-27 00:05:12, 2022-02-27 00:05:12)) {"userId":10,"exception":"[object] (Illuminate\\Database\\QueryException(code: HY000): SQLSTATE[HY000]: General error: 1364 Field 'numero_socio' doesn't have a default value (SQL: insert into `associados` (`instituicao_id`, `titulacao_id`, `updated_at`, `created_at`) values (867, 5, 2022-02-27 00:05:12, 2022-02-27 00:05:12)) at /home/sistemas/www/sistema/vendor/laravel/framework/src/Illuminate/Database/Connection.php:712)
[stacktrace]
#0 /home/sistemas/www/sistema/vendor/laravel/framework/src/Illuminate/Database/Connection.php(672): Illuminate\\Database\\Connection->runQueryCallback('insert into `as...', Array, Object(Closure))
#1 /home/sistemas/www/sistema/vendor/laravel/framework/src/Illuminate/Database/Connection.php(502): Illuminate\\Database\\Connection->run('insert into `as...', Array, Object(Closure))
#2 /home/sistemas/www/sistema/vendor/laravel/framework/src/Illuminate/Database/Connection.php(454): Illuminate\\Database\\Connection->statement('insert into `as...', Array)
#3 /home/sistemas/www/sistema/vendor/laravel/framework/src/Illuminate/Database/Query/Processors/Processor.php(32): Illuminate\\Database\\Connection->insert('insert into `as...', Array)
#4 /home/sistemas/www/sistema/vendor/laravel/framework/src/Illuminate/Database/Query/Builder.php(2999): Illuminate\\Database\\Query\\Processors\\Processor->processInsertGetId(Object(Illuminate\\Database\\Query\\Builder), 'insert into `as...', Array, 'id')
#5 /home/sistemas/www/sistema/vendor/laravel/framework/src/Illuminate/Database/Eloquent/Builder.php(1657): Illuminate\\Database\\Query\\Builder->insertGetId(Array, 'id')
#6 /home/sistemas/www/sistema/vendor/laravel/framework/src/Illuminate/Database/Eloquent/Model.php(1188): Illuminate\\Database\\Eloquent\\Builder->__call('insertGetId', Array)
#7 /home/sistemas/www/sistema/vendor/laravel/framework/src/Illuminate/Database/Eloquent/Model.php(1153): Illuminate\\Database\\Eloquent\\Model->insertAndSetId(Object(Illuminate\\Database\\Eloquent\\Builder), Array)
#8 /home/sistemas/www/sistema/vendor/laravel/framework/src/Illuminate/Database/Eloquent/Model.php(994): Illuminate\\Database\\Eloquent\\Model->performInsert(Object(Illuminate\\Database\\Eloquent\\Builder))
#9 /home/sistemas/www/sistema/vendor/laravel/framework/src/Illuminate/Database/Eloquent/Builder.php(509): Illuminate\\Database\\Eloquent\\Model->save()
#10 /home/sistemas/www/sistema/vendor/laravel/framework/src/Illuminate/Support/helpers.php(263): Illuminate\\Database\\Eloquent\\Builder->Illuminate\\Database\\Eloquent\\{closure}(Object(App\\Models\\Associado))
#11 /home/sistemas/www/sistema/vendor/laravel/framework/src/Illuminate/Database/Eloquent/Builder.php(510): tap(Object(App\\Models\\Associado), Object(Closure))
#12 /home/sistemas/www/sistema/vendor/laravel/framework/src/Illuminate/Support/Traits/ForwardsCalls.php(23): Illuminate\\Database\\Eloquent\\Builder->updateOrCreate(Array, Array)
#13 /home/sistemas/www/sistema/vendor/laravel/framework/src/Illuminate/Database/Eloquent/Model.php(2132): Illuminate\\Database\\Eloquent\\Model->forwardCallTo(Object(Illuminate\\Database\\Eloquent\\Builder), 'updateOrCreate', Array)
#14 /home/sistemas/www/sistema/vendor/laravel/framework/src/Illuminate/Database/Eloquent/Model.php(2144): Illuminate\\Database\\Eloquent\\Model->__call('updateOrCreate', Array)
#15 /home/sistemas/www/sistema/app/Http/Controllers/PagSeguroController.php(55): Illuminate\\Database\\Eloquent\\Model::__callStatic('updateOrCreate', Array)
#16 /home/sistemas/www/sistema/vendor/laravel/framework/src/Illuminate/Routing/Controller.php(54): App\\Http\\Controllers\\PagSeguroController->associadocredito(Object(Illuminate\\Http\\Request))
#17 /home/sistemas/www/sistema/vendor/laravel/framework/src/Illuminate/Routing/ControllerDispatcher.php(45): Illuminate\\Routing\\Controller->callAction('associadocredit...', Array)
#18 /home/sistemas/www/sistema/vendor/laravel/framework/src/Illuminate/Routing/Route.php(262): Illuminate\\Routing\\ControllerDispatcher->dispatch(Object(Illuminate\\Routing\\Route), Object(App\\Http\\Controllers\\PagSeguroController), 'associadocredit...')
#19 /home/sistemas/www/sistema/vendor/laravel/framework/src/Illuminate/Routing/Route.php(205): Illuminate\\Routing\\Route->runController()
#20 /home/sistemas/www/sistema/vendor/laravel/framework/src/Illuminate/Routing/Router.php(721): Illuminate\\Routing\\Route->run()
#21 /home/sistemas/www/sistema/vendor/laravel/framework/src/Illuminate/Pipeline/Pipeline.php(128): Illuminate\\Routing\\Router->Illuminate\\Routing\\{closure}(Object(Illuminate\\Http\\Request))
#22 /home/sistemas/www/sistema/vendor/laravel/framework/src/Illuminate/Routing/Middleware/SubstituteBindings.php(50): Illuminate\\Pipeline\\Pipeline->Illuminate\\Pipeline\\{closure}(Object(Illuminate\\Http\\Request))
#23 /home/sistemas/www/sistema/vendor/laravel/framework/src/Illuminate/Pipeline/Pipeline.php(167): Illuminate\\Routing\\Middleware\\SubstituteBindings->handle(Object(Illuminate\\Http\\Request), Object(Closure))
#24 /home/sistemas/www/sistema/vendor/laravel/framework/src/Illuminate/Foundation/Http/Middleware/VerifyCsrfToken.php(78): Illuminate\\Pipeline\\Pipeline->Illuminate\\Pipeline\\{closure}(Object(Illuminate\\Http\\Request))
#25 /home/sistemas/www/sistema/vendor/laravel/framework/src/Illuminate/Pipeline/Pipeline.php(167): Illuminate\\Foundation\\Http\\Middleware\\VerifyCsrfToken->handle(Object(Illuminate\\Http\\Request), Object(Closure))
#26 /home/sistemas/www/sistema/vendor/laravel/framework/src/Illuminate/View/Middleware/ShareErrorsFromSession.php(49): Illuminate\\Pipeline\\Pipeline->Illuminate\\Pipeline\\{closure}(Object(Illuminate\\Http\\Request))
#27 /home/sistemas/www/sistema/vendor/laravel/framework/src/Illuminate/Pipeline/Pipeline.php(167): Illuminate\\View\\Middleware\\ShareErrorsFromSession->handle(Object(Illuminate\\Http\\Request), Object(Closure))
#28 /home/sistemas/www/sistema/vendor/laravel/framework/src/Illuminate/Session/Middleware/StartSession.php(121): Illuminate\\Pipeline\\Pipeline->Illuminate\\Pipeline\\{closure}(Object(Illuminate\\Http\\Request))
#29 /home/sistemas/www/sistema/vendor/laravel/framework/src/Illuminate/Session/Middleware/StartSession.php(64): Illuminate\\Session\\Middleware\\StartSession->handleStatefulRequest(Object(Illuminate\\Http\\Request), Object(Illuminate\\Session\\Store), Object(Closure))
#30 /home/sistemas/www/sistema/vendor/laravel/framework/src/Illuminate/Pipeline/Pipeline.php(167): Illuminate\\Session\\Middleware\\StartSession->handle(Object(Illuminate\\Http\\Request), Object(Closure))
#31 /home/sistemas/www/sistema/vendor/laravel/framework/src/Illuminate/Cookie/Middleware/AddQueuedCookiesToResponse.php(37): Illuminate\\Pipeline\\Pipeline->Illuminate\\Pipeline\\{closure}(Object(Illuminate\\Http\\Request))
#32 /home/sistemas/www/sistema/vendor/laravel/framework/src/Illuminate/Pipeline/Pipeline.php(167): Illuminate\\Cookie\\Middleware\\AddQueuedCookiesToResponse->handle(Object(Illuminate\\Http\\Request), Object(Closure))
#33 /home/sistemas/www/sistema/vendor/laravel/framework/src/Illuminate/Cookie/Middleware/EncryptCookies.php(67): Illuminate\\Pipeline\\Pipeline->Illuminate\\Pipeline\\{closure}(Object(Illuminate\\Http\\Request))
#34 /home/sistemas/www/sistema/vendor/laravel/framework/src/Illuminate/Pipeline/Pipeline.php(167): Illuminate\\Cookie\\Middleware\\EncryptCookies->handle(Object(Illuminate\\Http\\Request), Object(Closure))
#35 /home/sistemas/www/sistema/vendor/laravel/framework/src/Illuminate/Pipeline/Pipeline.php(103): Illuminate\\Pipeline\\Pipeline->Illuminate\\Pipeline\\{closure}(Object(Illuminate\\Http\\Request))
#36 /home/sistemas/www/sistema/vendor/laravel/framework/src/Illuminate/Routing/Router.php(723): Illuminate\\Pipeline\\Pipeline->then(Object(Closure))
#37 /home/sistemas/www/sistema/vendor/laravel/framework/src/Illuminate/Routing/Router.php(698): Illuminate\\Routing\\Router->runRouteWithinStack(Object(Illuminate\\Routing\\Route), Object(Illuminate\\Http\\Request))
#38 /home/sistemas/www/sistema/vendor/laravel/framework/src/Illuminate/Routing/Router.php(662): Illuminate\\Routing\\Router->runRoute(Object(Illuminate\\Http\\Request), Object(Illuminate\\Routing\\Route))
#39 /home/sistemas/www/sistema/vendor/laravel/framework/src/Illuminate/Routing/Router.php(651): Illuminate\\Routing\\Router->dispatchToRoute(Object(Illuminate\\Http\\Request))
#40 /home/sistemas/www/sistema/vendor/laravel/framework/src/Illuminate/Foundation/Http/Kernel.php(167): Illuminate\\Routing\\Router->dispatch(Object(Illuminate\\Http\\Request))
#41 /home/sistemas/www/sistema/vendor/laravel/framework/src/Illuminate/Pipeline/Pipeline.php(128): Illuminate\\Foundation\\Http\\Kernel->Illuminate\\Foundation\\Http\\{closure}(Object(Illuminate\\Http\\Request))
#42 /home/sistemas/www/sistema/vendor/laravel/framework/src/Illuminate/Foundation/Http/Middleware/TransformsRequest.php(21): Illuminate\\Pipeline\\Pipeline->Illuminate\\Pipeline\\{closure}(Object(Illuminate\\Http\\Request))
#43 /home/sistemas/www/sistema/vendor/laravel/framework/src/Illuminate/Foundation/Http/Middleware/ConvertEmptyStringsToNull.php(31): Illuminate\\Foundation\\Http\\Middleware\\TransformsRequest->handle(Object(Illuminate\\Http\\Request), Object(Closure))
#44 /home/sistemas/www/sistema/vendor/laravel/framework/src/Illuminate/Pipeline/Pipeline.php(167): Illuminate\\Foundation\\Http\\Middleware\\ConvertEmptyStringsToNull->handle(Object(Illuminate\\Http\\Request), Object(Closure))
#45 /home/sistemas/www/sistema/vendor/laravel/framework/src/Illuminate/Foundation/Http/Middleware/TransformsRequest.php(21): Illuminate\\Pipeline\\Pipeline->Illuminate\\Pipeline\\{closure}(Object(Illuminate\\Http\\Request))
#46 /home/sistemas/www/sistema/vendor/laravel/framework/src/Illuminate/Foundation/Http/Middleware/TrimStrings.php(40): Illuminate\\Foundation\\Http\\Middleware\\TransformsRequest->handle(Object(Illuminate\\Http\\Request), Object(Closure))
#47 /home/sistemas/www/sistema/vendor/laravel/framework/src/Illuminate/Pipeline/Pipeline.php(167): Illuminate\\Foundation\\Http\\Middleware\\TrimStrings->handle(Object(Illuminate\\Http\\Request), Object(Closure))
#48 /home/sistemas/www/sistema/vendor/laravel/framework/src/Illuminate/Foundation/Http/Middleware/ValidatePostSize.php(27): Illuminate\\Pipeline\\Pipeline->Illuminate\\Pipeline\\{closure}(Object(Illuminate\\Http\\Request))
#49 /home/sistemas/www/sistema/vendor/laravel/framework/src/Illuminate/Pipeline/Pipeline.php(167): Illuminate\\Foundation\\Http\\Middleware\\ValidatePostSize->handle(Object(Illuminate\\Http\\Request), Object(Closure))
#50 /home/sistemas/www/sistema/vendor/laravel/framework/src/Illuminate/Foundation/Http/Middleware/PreventRequestsDuringMaintenance.php(86): Illuminate\\Pipeline\\Pipeline->Illuminate\\Pipeline\\{closure}(Object(Illuminate\\Http\\Request))
#51 /home/sistemas/www/sistema/vendor/laravel/framework/src/Illuminate/Pipeline/Pipeline.php(167): Illuminate\\Foundation\\Http\\Middleware\\PreventRequestsDuringMaintenance->handle(Object(Illuminate\\Http\\Request), Object(Closure))
#52 /home/sistemas/www/sistema/vendor/fruitcake/laravel-cors/src/HandleCors.php(38): Illuminate\\Pipeline\\Pipeline->Illuminate\\Pipeline\\{closure}(Object(Illuminate\\Http\\Request))
#53 /home/sistemas/www/sistema/vendor/laravel/framework/src/Illuminate/Pipeline/Pipeline.php(167): Fruitcake\\Cors\\HandleCors->handle(Object(Illuminate\\Http\\Request), Object(Closure))
#54 /home/sistemas/www/sistema/vendor/laravel/framework/src/Illuminate/Http/Middleware/TrustProxies.php(39): Illuminate\\Pipeline\\Pipeline->Illuminate\\Pipeline\\{closure}(Object(Illuminate\\Http\\Request))
#55 /home/sistemas/www/sistema/vendor/laravel/framework/src/Illuminate/Pipeline/Pipeline.php(167): Illuminate\\Http\\Middleware\\TrustProxies->handle(Object(Illuminate\\Http\\Request), Object(Closure))
#56 /home/sistemas/www/sistema/vendor/laravel/framework/src/Illuminate/Pipeline/Pipeline.php(103): Illuminate\\Pipeline\\Pipeline->Illuminate\\Pipeline\\{closure}(Object(Illuminate\\Http\\Request))
#57 /home/sistemas/www/sistema/vendor/laravel/framework/src/Illuminate/Foundation/Http/Kernel.php(142): Illuminate\\Pipeline\\Pipeline->then(Object(Closure))
#58 /home/sistemas/www/sistema/vendor/laravel/framework/src/Illuminate/Foundation/Http/Kernel.php(111): Illuminate\\Foundation\\Http\\Kernel->sendRequestThroughRouter(Object(Illuminate\\Http\\Request))
#59 /home/sistemas/www/index.php(52): Illuminate\\Foundation\\Http\\Kernel->handle(Object(Illuminate\\Http\\Request))
#60 {main}

[previous exception] [object] (PDOException(code: HY000): SQLSTATE[HY000]: General error: 1364 Field 'numero_socio' doesn't have a default value at /home/sistemas/www/sistema/vendor/laravel/framework/src/Illuminate/Database/Connection.php:501)
[stacktrace]
#0 /home/sistemas/www/sistema/vendor/laravel/framework/src/Illuminate/Database/Connection.php(501): PDOStatement->execute()
#1 /home/sistemas/www/sistema/vendor/laravel/framework/src/Illuminate/Database/Connection.php(705): Illuminate\\Database\\Connection->Illuminate\\Database\\{closure}('insert into `as...', Array)
#2 /home/sistemas/www/sistema/vendor/laravel/framework/src/Illuminate/Database/Connection.php(672): Illuminate\\Database\\Connection->runQueryCallback('insert into `as...', Array, Object(Closure))
#3 /home/sistemas/www/sistema/vendor/laravel/framework/src/Illuminate/Database/Connection.php(502): Illuminate\\Database\\Connection->run('insert into `as...', Array, Object(Closure))
#4 /home/sistemas/www/sistema/vendor/laravel/framework/src/Illuminate/Database/Connection.php(454): Illuminate\\Database\\Connection->statement('insert into `as...', Array)
#5 /home/sistemas/www/sistema/vendor/laravel/framework/src/Illuminate/Database/Query/Processors/Processor.php(32): Illuminate\\Database\\Connection->insert('insert into `as...', Array)
#6 /home/sistemas/www/sistema/vendor/laravel/framework/src/Illuminate/Database/Query/Builder.php(2999): Illuminate\\Database\\Query\\Processors\\Processor->processInsertGetId(Object(Illuminate\\Database\\Query\\Builder), 'insert into `as...', Array, 'id')
#7 /home/sistemas/www/sistema/vendor/laravel/framework/src/Illuminate/Database/Eloquent/Builder.php(1657): Illuminate\\Database\\Query\\Builder->insertGetId(Array, 'id')
#8 /home/sistemas/www/sistema/vendor/laravel/framework/src/Illuminate/Database/Eloquent/Model.php(1188): Illuminate\\Database\\Eloquent\\Builder->__call('insertGetId', Array)
#9 /home/sistemas/www/sistema/vendor/laravel/framework/src/Illuminate/Database/Eloquent/Model.php(1153): Illuminate\\Database\\Eloquent\\Model->insertAndSetId(Object(Illuminate\\Database\\Eloquent\\Builder), Array)
#10 /home/sistemas/www/sistema/vendor/laravel/framework/src/Illuminate/Database/Eloquent/Model.php(994): Illuminate\\Database\\Eloquent\\Model->performInsert(Object(Illuminate\\Database\\Eloquent\\Builder))
#11 /home/sistemas/www/sistema/vendor/laravel/framework/src/Illuminate/Database/Eloquent/Builder.php(509): Illuminate\\Database\\Eloquent\\Model->save()
#12 /home/sistemas/www/sistema/vendor/laravel/framework/src/Illuminate/Support/helpers.php(263): Illuminate\\Database\\Eloquent\\Builder->Illuminate\\Database\\Eloquent\\{closure}(Object(App\\Models\\Associado))
#13 /home/sistemas/www/sistema/vendor/laravel/framework/src/Illuminate/Database/Eloquent/Builder.php(510): tap(Object(App\\Models\\Associado), Object(Closure))
#14 /home/sistemas/www/sistema/vendor/laravel/framework/src/Illuminate/Support/Traits/ForwardsCalls.php(23): Illuminate\\Database\\Eloquent\\Builder->updateOrCreate(Array, Array)
#15 /home/sistemas/www/sistema/vendor/laravel/framework/src/Illuminate/Database/Eloquent/Model.php(2132): Illuminate\\Database\\Eloquent\\Model->forwardCallTo(Object(Illuminate\\Database\\Eloquent\\Builder), 'updateOrCreate', Array)
#16 /home/sistemas/www/sistema/vendor/laravel/framework/src/Illuminate/Database/Eloquent/Model.php(2144): Illuminate\\Database\\Eloquent\\Model->__call('updateOrCreate', Array)
#17 /home/sistemas/www/sistema/app/Http/Controllers/PagSeguroController.php(55): Illuminate\\Database\\Eloquent\\Model::__callStatic('updateOrCreate', Array)
#18 /home/sistemas/www/sistema/vendor/laravel/framework/src/Illuminate/Routing/Controller.php(54): App\\Http\\Controllers\\PagSeguroController->associadocredito(Object(Illuminate\\Http\\Request))
#19 /home/sistemas/www/sistema/vendor/laravel/framework/src/Illuminate/Routing/ControllerDispatcher.php(45): Illuminate\\Routing\\Controller->callAction('associadocredit...', Array)
#20 /home/sistemas/www/sistema/vendor/laravel/framework/src/Illuminate/Routing/Route.php(262): Illuminate\\Routing\\ControllerDispatcher->dispatch(Object(Illuminate\\Routing\\Route), Object(App\\Http\\Controllers\\PagSeguroController), 'associadocredit...')
#21 /home/sistemas/www/sistema/vendor/laravel/framework/src/Illuminate/Routing/Route.php(205): Illuminate\\Routing\\Route->runController()
#22 /home/sistemas/www/sistema/vendor/laravel/framework/src/Illuminate/Routing/Router.php(721): Illuminate\\Routing\\Route->run()
#23 /home/sistemas/www/sistema/vendor/laravel/framework/src/Illuminate/Pipeline/Pipeline.php(128): Illuminate\\Routing\\Router->Illuminate\\Routing\\{closure}(Object(Illuminate\\Http\\Request))
#24 /home/sistemas/www/sistema/vendor/laravel/framework/src/Illuminate/Routing/Middleware/SubstituteBindings.php(50): Illuminate\\Pipeline\\Pipeline->Illuminate\\Pipeline\\{closure}(Object(Illuminate\\Http\\Request))
#25 /home/sistemas/www/sistema/vendor/laravel/framework/src/Illuminate/Pipeline/Pipeline.php(167): Illuminate\\Routing\\Middleware\\SubstituteBindings->handle(Object(Illuminate\\Http\\Request), Object(Closure))
#26 /home/sistemas/www/sistema/vendor/laravel/framework/src/Illuminate/Foundation/Http/Middleware/VerifyCsrfToken.php(78): Illuminate\\Pipeline\\Pipeline->Illuminate\\Pipeline\\{closure}(Object(Illuminate\\Http\\Request))
#27 /home/sistemas/www/sistema/vendor/laravel/framework/src/Illuminate/Pipeline/Pipeline.php(167): Illuminate\\Foundation\\Http\\Middleware\\VerifyCsrfToken->handle(Object(Illuminate\\Http\\Request), Object(Closure))
#28 /home/sistemas/www/sistema/vendor/laravel/framework/src/Illuminate/View/Middleware/ShareErrorsFromSession.php(49): Illuminate\\Pipeline\\Pipeline->Illuminate\\Pipeline\\{closure}(Object(Illuminate\\Http\\Request))
#29 /home/sistemas/www/sistema/vendor/laravel/framework/src/Illuminate/Pipeline/Pipeline.php(167): Illuminate\\View\\Middleware\\ShareErrorsFromSession->handle(Object(Illuminate\\Http\\Request), Object(Closure))
#30 /home/sistemas/www/sistema/vendor/laravel/framework/src/Illuminate/Session/Middleware/StartSession.php(121): Illuminate\\Pipeline\\Pipeline->Illuminate\\Pipeline\\{closure}(Object(Illuminate\\Http\\Request))
#31 /home/sistemas/www/sistema/vendor/laravel/framework/src/Illuminate/Session/Middleware/StartSession.php(64): Illuminate\\Session\\Middleware\\StartSession->handleStatefulRequest(Object(Illuminate\\Http\\Request), Object(Illuminate\\Session\\Store), Object(Closure))
#32 /home/sistemas/www/sistema/vendor/laravel/framework/src/Illuminate/Pipeline/Pipeline.php(167): Illuminate\\Session\\Middleware\\StartSession->handle(Object(Illuminate\\Http\\Request), Object(Closure))
#33 /home/sistemas/www/sistema/vendor/laravel/framework/src/Illuminate/Cookie/Middleware/AddQueuedCookiesToResponse.php(37): Illuminate\\Pipeline\\Pipeline->Illuminate\\Pipeline\\{closure}(Object(Illuminate\\Http\\Request))
#34 /home/sistemas/www/sistema/vendor/laravel/framework/src/Illuminate/Pipeline/Pipeline.php(167): Illuminate\\Cookie\\Middleware\\AddQueuedCookiesToResponse->handle(Object(Illuminate\\Http\\Request), Object(Closure))
#35 /home/sistemas/www/sistema/vendor/laravel/framework/src/Illuminate/Cookie/Middleware/EncryptCookies.php(67): Illuminate\\Pipeline\\Pipeline->Illuminate\\Pipeline\\{closure}(Object(Illuminate\\Http\\Request))
#36 /home/sistemas/www/sistema/vendor/laravel/framework/src/Illuminate/Pipeline/Pipeline.php(167): Illuminate\\Cookie\\Middleware\\EncryptCookies->handle(Object(Illuminate\\Http\\Request), Object(Closure))
#37 /home/sistemas/www/sistema/vendor/laravel/framework/src/Illuminate/Pipeline/Pipeline.php(103): Illuminate\\Pipeline\\Pipeline->Illuminate\\Pipeline\\{closure}(Object(Illuminate\\Http\\Request))
#38 /home/sistemas/www/sistema/vendor/laravel/framework/src/Illuminate/Routing/Router.php(723): Illuminate\\Pipeline\\Pipeline->then(Object(Closure))
#39 /home/sistemas/www/sistema/vendor/laravel/framework/src/Illuminate/Routing/Router.php(698): Illuminate\\Routing\\Router->runRouteWithinStack(Object(Illuminate\\Routing\\Route), Object(Illuminate\\Http\\Request))
#40 /home/sistemas/www/sistema/vendor/laravel/framework/src/Illuminate/Routing/Router.php(662): Illuminate\\Routing\\Router->runRoute(Object(Illuminate\\Http\\Request), Object(Illuminate\\Routing\\Route))
#41 /home/sistemas/www/sistema/vendor/laravel/framework/src/Illuminate/Routing/Router.php(651): Illuminate\\Routing\\Router->dispatchToRoute(Object(Illuminate\\Http\\Request))
#42 /home/sistemas/www/sistema/vendor/laravel/framework/src/Illuminate/Foundation/Http/Kernel.php(167): Illuminate\\Routing\\Router->dispatch(Object(Illuminate\\Http\\Request))
#43 /home/sistemas/www/sistema/vendor/laravel/framework/src/Illuminate/Pipeline/Pipeline.php(128): Illuminate\\Foundation\\Http\\Kernel->Illuminate\\Foundation\\Http\\{closure}(Object(Illuminate\\Http\\Request))
#44 /home/sistemas/www/sistema/vendor/laravel/framework/src/Illuminate/Foundation/Http/Middleware/TransformsRequest.php(21): Illuminate\\Pipeline\\Pipeline->Illuminate\\Pipeline\\{closure}(Object(Illuminate\\Http\\Request))
#45 /home/sistemas/www/sistema/vendor/laravel/framework/src/Illuminate/Foundation/Http/Middleware/ConvertEmptyStringsToNull.php(31): Illuminate\\Foundation\\Http\\Middleware\\TransformsRequest->handle(Object(Illuminate\\Http\\Request), Object(Closure))
#46 /home/sistemas/www/sistema/vendor/laravel/framework/src/Illuminate/Pipeline/Pipeline.php(167): Illuminate\\Foundation\\Http\\Middleware\\ConvertEmptyStringsToNull->handle(Object(Illuminate\\Http\\Request), Object(Closure))
#47 /home/sistemas/www/sistema/vendor/laravel/framework/src/Illuminate/Foundation/Http/Middleware/TransformsRequest.php(21): Illuminate\\Pipeline\\Pipeline->Illuminate\\Pipeline\\{closure}(Object(Illuminate\\Http\\Request))
#48 /home/sistemas/www/sistema/vendor/laravel/framework/src/Illuminate/Foundation/Http/Middleware/TrimStrings.php(40): Illuminate\\Foundation\\Http\\Middleware\\TransformsRequest->handle(Object(Illuminate\\Http\\Request), Object(Closure))
#49 /home/sistemas/www/sistema/vendor/laravel/framework/src/Illuminate/Pipeline/Pipeline.php(167): Illuminate\\Foundation\\Http\\Middleware\\TrimStrings->handle(Object(Illuminate\\Http\\Request), Object(Closure))
#50 /home/sistemas/www/sistema/vendor/laravel/framework/src/Illuminate/Foundation/Http/Middleware/ValidatePostSize.php(27): Illuminate\\Pipeline\\Pipeline->Illuminate\\Pipeline\\{closure}(Object(Illuminate\\Http\\Request))
#51 /home/sistemas/www/sistema/vendor/laravel/framework/src/Illuminate/Pipeline/Pipeline.php(167): Illuminate\\Foundation\\Http\\Middleware\\ValidatePostSize->handle(Object(Illuminate\\Http\\Request), Object(Closure))
#52 /home/sistemas/www/sistema/vendor/laravel/framework/src/Illuminate/Foundation/Http/Middleware/PreventRequestsDuringMaintenance.php(86): Illuminate\\Pipeline\\Pipeline->Illuminate\\Pipeline\\{closure}(Object(Illuminate\\Http\\Request))
#53 /home/sistemas/www/sistema/vendor/laravel/framework/src/Illuminate/Pipeline/Pipeline.php(167): Illuminate\\Foundation\\Http\\Middleware\\PreventRequestsDuringMaintenance->handle(Object(Illuminate\\Http\\Request), Object(Closure))
#54 /home/sistemas/www/sistema/vendor/fruitcake/laravel-cors/src/HandleCors.php(38): Illuminate\\Pipeline\\Pipeline->Illuminate\\Pipeline\\{closure}(Object(Illuminate\\Http\\Request))
#55 /home/sistemas/www/sistema/vendor/laravel/framework/src/Illuminate/Pipeline/Pipeline.php(167): Fruitcake\\Cors\\HandleCors->handle(Object(Illuminate\\Http\\Request), Object(Closure))
#56 /home/sistemas/www/sistema/vendor/laravel/framework/src/Illuminate/Http/Middleware/TrustProxies.php(39): Illuminate\\Pipeline\\Pipeline->Illuminate\\Pipeline\\{closure}(Object(Illuminate\\Http\\Request))
#57 /home/sistemas/www/sistema/vendor/laravel/framework/src/Illuminate/Pipeline/Pipeline.php(167): Illuminate\\Http\\Middleware\\TrustProxies->handle(Object(Illuminate\\Http\\Request), Object(Closure))
#58 /home/sistemas/www/sistema/vendor/laravel/framework/src/Illuminate/Pipeline/Pipeline.php(103): Illuminate\\Pipeline\\Pipeline->Illuminate\\Pipeline\\{closure}(Object(Illuminate\\Http\\Request))
#59 /home/sistemas/www/sistema/vendor/laravel/framework/src/Illuminate/Foundation/Http/Kernel.php(142): Illuminate\\Pipeline\\Pipeline->then(Object(Closure))
#60 /home/sistemas/www/sistema/vendor/laravel/framework/src/Illuminate/Foundation/Http/Kernel.php(111): Illuminate\\Foundation\\Http\\Kernel->sendRequestThroughRouter(Object(Illuminate\\Http\\Request))
#61 /home/sistemas/www/index.php(52): Illuminate\\Foundation\\Http\\Kernel->handle(Object(Illuminate\\Http\\Request))
#62 {main}
"} 
[2022-02-27 00:07:34] production.INFO: Cadastro de usuario: {"id":10,"name":"Murilo Carvalho","email":"murilocarvalho2204@gmail.com","estrangeiro":0,"passaporte":null,"cpf":"440.205.928-37","data_nascimento":null,"rg":"49.205.300-5","orgao_expedidor":"SSP","telefone":"(11) 9413-0220","celular":"(11) 99636-945","sexo_id":"1","email_verified_at":null,"ativo":"1","created_at":"2022-02-25T16:31:33.000000Z","updated_at":"2022-02-27T00:05:11.000000Z","deleted_at":null,"is_root":false,"is_admin":false,"is_user":false,"is_associado":false}  
[2022-02-27 00:07:34] production.INFO: Venda efetuada  com sucesso{"user_id":10,"updated_at":"2022-02-27T00:07:34.000000Z","created_at":"2022-02-27T00:07:34.000000Z","id":3}  
[2022-02-27 00:07:34] production.INFO: Venda de  item efetuado com sucesso{"venda_id":3,"produto_id":1,"qtd":1,"valor":0.200000000000000011102230246251565404236316680908203125,"valor_total":0,"updated_at":"2022-02-27T00:07:34.000000Z","created_at":"2022-02-27T00:07:34.000000Z","id":3}  
[2022-02-27 00:07:38] production.INFO: Pagamento efetuado{"date":"2022-02-26T21:07:35.000-03:00","code":"BCEF3E0A-BBE6-4A01-A369-C284BA2E5DDD","reference":"3","type":"1","status":"1","lastEventDate":"2022-02-26T21:07:35.000-03:00","paymentMethod":{"type":"1","code":"102"},"grossAmount":"0.20","discountAmount":"0.00","feeAmount":"0.20","netAmount":"0.00","extraAmount":"0.00","installmentCount":"1","itemCount":"1","items":{"item":{"id":"3","description":"Associado","quantity":"1","amount":"0.20"}},"sender":{"name":"Murilo Carvalho","email":"murilocarvalho2204@gmail.com","phone":{"areaCode":"11","number":"99636945"}}}  
[2022-02-27 00:07:39] production.INFO: Pagamento efetuado com sucesso{"tipo_pgto_detalhe":{"0":"102"},"transacao":{"0":"BCEF3E0A-BBE6-4A01-A369-C284BA2E5DDD"},"parcelas":1,"valor_parcela":0.200000000000000011102230246251565404236316680908203125,"valor_total":0.200000000000000011102230246251565404236316680908203125,"valor_juros":0,"valor_receber":0,"venda_id":3,"tipo_pagto_id":1,"status_id":1,"user_id":10,"updated_at":"2022-02-27T00:07:38.000000Z","created_at":"2022-02-27T00:07:38.000000Z","id":3}  
[2022-02-27 01:18:01] production.INFO: Cadastro de usuario: {"id":null,"name":"Paulo Roberto de Asevedo","email":"rubensdefalcon@mercuriotecnologia.com.br","password":"$2y$10$iYTJFOQ\/jaRPiiy8aKgrW.y.jWrj0wnQI6WX5ehN1kCHGqWpBuDye","estrangeiro":0,"data_nascimento":null,"orgao_expedidor":null,"cpf":"010.148.458-58","rg":null,"telefone":null,"celular":null,"sexo_id":null,"todos_tipos_id":[4],"ativo":1,"acessos":[4],"enderecos":{"id":null,"cep":null,"logradouro":null,"bairro":null,"municipio":null,"estado":null},"_method":"post"}  
[2022-02-27 01:18:01] production.INFO: E-mail enviado apos o cadastro para : com o email: "rubensdefalcon@mercuriotecnologia.com.br"  
[2022-02-27 01:18:02] production.ERROR: Trying to get property 'todos_tipos' of non-object in file /home/sistemas/www/sistema/app/Models/User.php on line 74  
[2022-02-27 13:18:20] production.INFO: Cadastro de usuario: {"id":null,"name":"Rubens de Falcon","email":"rubensdefalcon@gmail.com","password":"$2y$10$K2zzC6CWIuz37hXYbm1HW.Pb1llavmlaCv\/.5xBdoHnp.yqTBx7sW","estrangeiro":0,"data_nascimento":null,"orgao_expedidor":null,"cpf":"338.977.498-07","rg":null,"telefone":null,"celular":null,"sexo_id":null,"todos_tipos_id":[4],"ativo":1,"acessos":[4],"enderecos":{"id":null,"cep":null,"logradouro":null,"bairro":null,"municipio":null,"estado":null},"_method":"post","associado":0}  
[2022-02-27 13:18:20] production.INFO: E-mail enviado apos o cadastro para : com o email: "rubensdefalcon@gmail.com"  
[2022-02-27 13:18:21] production.ERROR: Trying to get property 'todos_tipos' of non-object in file /home/sistemas/www/sistema/app/Models/User.php on line 74  
[2022-02-27 13:39:26] production.INFO: Cadastro de usuario: {"id":15,"name":"Rubens de Falcon","email":"rubensdefalcon@gmail.com","estrangeiro":0,"passaporte":null,"cpf":"338.977.498-07","data_nascimento":null,"rg":null,"orgao_expedidor":null,"telefone":"(11) 9963-6945","celular":"(11) 99636-9451","sexo_id":"2","email_verified_at":null,"ativo":"1","created_at":"2022-02-27T13:18:20.000000Z","updated_at":"2022-02-27T13:39:26.000000Z","deleted_at":null,"is_root":false,"is_admin":false,"is_user":true,"is_associado":false}  
[2022-02-27 13:39:26] production.INFO: Venda efetuada  com sucesso{"user_id":15,"updated_at":"2022-02-27T13:39:26.000000Z","created_at":"2022-02-27T13:39:26.000000Z","id":4}  
[2022-02-27 13:39:26] production.INFO: Venda de  item efetuado com sucesso{"venda_id":4,"produto_id":1,"qtd":1,"valor":0.200000000000000011102230246251565404236316680908203125,"valor_total":0,"updated_at":"2022-02-27T13:39:26.000000Z","created_at":"2022-02-27T13:39:26.000000Z","id":4}  
[2022-02-27 13:39:28] production.INFO: Pagamento efetuado{"date":"2022-02-27T10:39:27.000-03:00","code":"F1F181BB-6753-4593-9D3D-5F0E25B0A9AC","reference":"4","type":"1","status":"1","lastEventDate":"2022-02-27T10:39:27.000-03:00","paymentMethod":{"type":"1","code":"102"},"grossAmount":"0.20","discountAmount":"0.00","feeAmount":"0.20","netAmount":"0.00","extraAmount":"0.00","installmentCount":"1","itemCount":"1","items":{"item":{"id":"4","description":"Associado","quantity":"1","amount":"0.20"}},"sender":{"name":"Rubens de Falcon","email":"rubensdefalcon@gmail.com","phone":{"areaCode":"11","number":"996369451"}}}  
[2022-02-27 13:39:28] production.INFO: Pagamento efetuado com sucesso{"tipo_pgto_detalhe":{"0":"102"},"transacao":{"0":"F1F181BB-6753-4593-9D3D-5F0E25B0A9AC"},"parcelas":1,"valor_parcela":0.200000000000000011102230246251565404236316680908203125,"valor_total":0.200000000000000011102230246251565404236316680908203125,"valor_juros":0,"valor_receber":0,"venda_id":4,"tipo_pagto_id":1,"status_id":1,"user_id":15,"updated_at":"2022-02-27T13:39:28.000000Z","created_at":"2022-02-27T13:39:28.000000Z","id":4}  
[2022-02-27 13:55:20] production.INFO: User: {"id":1,"name":"Admin","email":"murilo@mercuriotecnologia.com.br","estrangeiro":0,"passaporte":null,"cpf":"123.456.789-01","data_nascimento":"1990-01-01","rg":"12345678901","orgao_expedidor":"SSP","telefone":null,"celular":"(11) 9963-6945","sexo_id":1,"email_verified_at":null,"ativo":"1","created_at":"2022-02-25T11:50:14.000000Z","updated_at":"2022-02-25T21:32:03.000000Z","deleted_at":null,"is_root":false,"is_admin":false,"is_user":false,"is_associado":true,"todos_tipos":[{"id":3,"nome":"Associado","descricao":"Associado do Sistema","created_at":"2022-02-25T11:50:13.000000Z","updated_at":"2022-02-25T11:50:13.000000Z","deleted_at":null,"pivot":{"user_id":1,"tipo_id":3}}]} | Create sexo | App\Http\Controllers\SexoController::store | Request Send to: {"id":null,"tipo_sexo":"Trans","_method":"post"}  
[2022-02-27 13:56:07] production.INFO: Usuário {"id":1,"name":"Admin","email":"murilo@mercuriotecnologia.com.br","estrangeiro":0,"passaporte":null,"cpf":"123.456.789-01","data_nascimento":"1990-01-01","rg":"12345678901","orgao_expedidor":"SSP","telefone":null,"celular":"(11) 9963-6945","sexo_id":1,"email_verified_at":null,"ativo":"1","created_at":"2022-02-25T11:50:14.000000Z","updated_at":"2022-02-25T21:32:03.000000Z","deleted_at":null,"is_root":false,"is_admin":false,"is_user":false,"is_associado":true,"todos_tipos":[{"id":3,"nome":"Associado","descricao":"Associado do Sistema","created_at":"2022-02-25T11:50:13.000000Z","updated_at":"2022-02-25T11:50:13.000000Z","deleted_at":null,"pivot":{"user_id":1,"tipo_id":3}}]} Deletou a sexo | App\Http\Controllers\SexoController::destroy |{"id":4,"deleted_at":"2022-02-27T13:56:07.000000Z","updated_at":"2022-02-27T13:56:07.000000Z"}  
[2022-02-27 13:58:48] production.INFO: Cadastro de usuario: {"id":null,"name":"Paulo Roberto de Asevedo","email":"paulo@mercuriotecnologia.com.br","password":"$2y$10$\/CM1n9euWUDrLEK8cBU31.Lrd0QUEy8FjMqTnLzJqVgjDBY3j4Qge","estrangeiro":0,"data_nascimento":null,"orgao_expedidor":null,"cpf":"010.148.458-58","rg":null,"telefone":null,"celular":null,"sexo_id":null,"todos_tipos_id":[4],"ativo":1,"acessos":[4],"enderecos":{"id":null,"cep":null,"logradouro":null,"bairro":null,"municipio":null,"estado":null},"_method":"post"}  
[2022-02-27 13:58:48] production.INFO: E-mail enviado apos o cadastro para : com o email: "paulo@mercuriotecnologia.com.br"  
[2022-02-27 13:58:49] production.ERROR: Trying to get property 'todos_tipos' of non-object in file /home/sistemas/www/sistema/app/Models/User.php on line 74  
[2022-02-27 14:09:06] production.INFO: Cadastro de usuario: {"id":null,"name":"Paulo Roberto de Asevedo","email":"rubensdefalcon@gmail.com","password":"$2y$10$mqQ7cgUm.Ge\/jXpl\/xGU3u1\/UiE3JCf8pS1i2csP0CmnqWWfTWqbC","estrangeiro":0,"data_nascimento":null,"orgao_expedidor":null,"cpf":"010.148.458-58","rg":null,"telefone":null,"celular":null,"sexo_id":null,"todos_tipos_id":[4],"ativo":1,"acessos":[4],"enderecos":{"id":null,"cep":null,"logradouro":null,"bairro":null,"municipio":null,"estado":null},"_method":"post"}  
[2022-02-27 14:09:06] production.INFO: E-mail enviado apos o cadastro para : com o email: "rubensdefalcon@gmail.com"  
[2022-02-27 15:33:16] production.INFO: Cadastro de usuario: {"id":null,"name":"Rubens de Falcon","email":"contato@mercuriotecnologia.com.br","password":"$2y$10$t9qxSgr6gd5W4UvtJcMPfORBD2kLZ7h1YLJZhUd0hmCv6Nnj0Gp9a","estrangeiro":0,"data_nascimento":null,"orgao_expedidor":null,"cpf":"586.780.098-96","rg":null,"telefone":null,"celular":null,"sexo_id":null,"todos_tipos_id":[4],"ativo":1,"acessos":[4],"enderecos":{"id":null,"cep":null,"logradouro":null,"bairro":null,"municipio":null,"estado":null},"_method":"post"}  
[2022-02-27 15:33:16] production.INFO: E-mail enviado apos o cadastro para : com o email: "contato@mercuriotecnologia.com.br"  
[2022-02-27 17:39:21] production.INFO: Cadastro de usuario: {"id":10,"name":"Murilo Carvalho","email":"murilocarvalho2204@gmail.com","estrangeiro":0,"passaporte":null,"cpf":"440.205.928-37","data_nascimento":null,"rg":"49.205.300-5","orgao_expedidor":"SSP","telefone":"(11) 9413-0220","celular":"(11) 99636-945","sexo_id":"1","email_verified_at":null,"ativo":"1","created_at":"2022-02-25T16:31:33.000000Z","updated_at":"2022-02-27T00:05:11.000000Z","deleted_at":null,"is_root":false,"is_admin":false,"is_user":false,"is_associado":false}  
[2022-02-27 17:39:21] production.INFO: Venda efetuada  com sucesso{"user_id":10,"updated_at":"2022-02-27T17:39:21.000000Z","created_at":"2022-02-27T17:39:21.000000Z","id":5}  
[2022-02-27 17:39:21] production.INFO: Venda de  item efetuado com sucesso{"venda_id":5,"produto_id":1,"qtd":1,"valor":0.200000000000000011102230246251565404236316680908203125,"valor_total":0,"updated_at":"2022-02-27T17:39:21.000000Z","created_at":"2022-02-27T17:39:21.000000Z","id":5}  
[2022-02-27 17:39:23] production.INFO: Pagamento efetuado{"date":"2022-02-27T14:39:21.000-03:00","code":"F37C9179-1314-4E9A-AD4E-9C298D2A4D57","reference":"5","type":"1","status":"1","lastEventDate":"2022-02-27T14:39:21.000-03:00","paymentMethod":{"type":"1","code":"102"},"grossAmount":"0.20","discountAmount":"0.00","feeAmount":"0.20","netAmount":"0.00","extraAmount":"0.00","installmentCount":"1","itemCount":"1","items":{"item":{"id":"5","description":"Associado","quantity":"1","amount":"0.20"}},"sender":{"name":"Murilo Carvalho","email":"murilocarvalho2204@gmail.com","phone":{"areaCode":"11","number":"99636945"}}}  
[2022-02-27 17:39:23] production.INFO: Pagamento efetuado com sucesso{"tipo_pgto_detalhe":{"0":"102"},"transacao":{"0":"F37C9179-1314-4E9A-AD4E-9C298D2A4D57"},"parcelas":1,"valor_parcela":0.200000000000000011102230246251565404236316680908203125,"valor_total":0.200000000000000011102230246251565404236316680908203125,"valor_juros":0,"valor_receber":0,"venda_id":5,"tipo_pagto_id":1,"status_id":1,"user_id":10,"updated_at":"2022-02-27T17:39:23.000000Z","created_at":"2022-02-27T17:39:23.000000Z","id":5}  
[2022-02-27 20:56:50] production.INFO: Venda efetuada  com sucesso{"user_id":10,"updated_at":"2022-02-27T20:56:50.000000Z","created_at":"2022-02-27T20:56:50.000000Z","id":6}  
[2022-02-27 20:56:50] production.INFO: Venda de  item efetuado com sucesso{"venda_id":6,"produto_id":2,"qtd":1,"valor":0,"valor_total":0,"updated_at":"2022-02-27T20:56:50.000000Z","created_at":"2022-02-27T20:56:50.000000Z","id":6}  
[2022-02-27 20:56:50] production.INFO: Dados para pagamento enviados ao PagSeguro{"email":"secretaria@intercom.org.br","token":"d09d300a-e6d9-462b-92cd-83b42869491666564eb5455390e5b8090b51682a4ef9e0ef-f66e-4e6d-916c-315a8cfae4b3","receiverEmail":"secretaria@intercom.org.br","notificationURL":"https:\/\/www.sistemas.intercom.org.br\/pagseguro\/retorno","billingAddressCountry":"Brasil","paymentMode":"default","paymentMethod":"creditCard","creditCardToken":"79b16601e4dc4c0a9e06f52619e05796","senderHash":"61539a0a7e5c5518c21bf25f65382342b8f072b2b85dde83cc29916baf1f14dc","installmentQuantity":"1","installmentValue":"0.20","extraAmount":"0.00","creditCardHolderName":"Murilo Carvalho","creditCardHolderCPF":"44020592837","creditCardHolderBirthDate":"01\/01\/2000","creditCardHolderAreaCode":"11","creditCardHolderPhone":"99636945","billingAddressStreet":"Avenida Barro Branco","billingAddressNumber":"0","billingAddressComplement":"","billingAddressDistrict":"Centro","billingAddressPostalCode":"04324-090","billingAddressCity":"Alta Floresta D'Oeste","billingAddressState":"SP","shippingAddressRequired":false,"currency":"BRL","itemId1":6,"itemDescription1":"Anuidade 2022","itemAmount1":"0.00","itemQuantity1":1,"reference":6,"senderName":"Murilo Carvalho","senderCPF":"44020592837","senderAreaCode":"11","senderPhone":"99636945","senderEmail":"murilocarvalho2204@gmail.com"}  
[2022-02-27 20:56:51] production.INFO: Pagamento efetuado{"error":{"code":"53079","message":"item amount out of range: 0.00"}}  
[2022-02-27 20:56:51] production.INFO: Erro ao efetuar pagamento{"error":{"code":"53079","message":"item amount out of range: 0.00"}}  
[2022-02-27 21:01:30] production.INFO: Venda efetuada  com sucesso{"user_id":10,"updated_at":"2022-02-27T21:01:30.000000Z","created_at":"2022-02-27T21:01:30.000000Z","id":7}  
[2022-02-27 21:01:30] production.INFO: Venda de  item efetuado com sucesso{"venda_id":7,"produto_id":2,"qtd":1,"valor":0.200000000000000011102230246251565404236316680908203125,"valor_total":0,"updated_at":"2022-02-27T21:01:30.000000Z","created_at":"2022-02-27T21:01:30.000000Z","id":7}  
[2022-02-27 21:01:30] production.INFO: Dados para pagamento enviados ao PagSeguro{"email":"secretaria@intercom.org.br","token":"d09d300a-e6d9-462b-92cd-83b42869491666564eb5455390e5b8090b51682a4ef9e0ef-f66e-4e6d-916c-315a8cfae4b3","receiverEmail":"secretaria@intercom.org.br","notificationURL":"https:\/\/www.sistemas.intercom.org.br\/pagseguro\/retorno","billingAddressCountry":"Brasil","paymentMode":"default","paymentMethod":"creditCard","creditCardToken":"ce418f6628a84c64a7c419893141db9e","senderHash":"a86440b266c596955e13e77e9b5b405a262d1b1f9b26b9bbcd82306808a1fbdc","installmentQuantity":"1","installmentValue":"0.20","extraAmount":"0.00","creditCardHolderName":"Murilo Carvalho","creditCardHolderCPF":"44020592837","creditCardHolderBirthDate":"01\/01\/2000","creditCardHolderAreaCode":"11","creditCardHolderPhone":"99636945","billingAddressStreet":"Avenida Barro Branco","billingAddressNumber":"0","billingAddressComplement":"","billingAddressDistrict":"Centro","billingAddressPostalCode":"04324-090","billingAddressCity":"Alta Floresta D'Oeste","billingAddressState":"SP","shippingAddressRequired":false,"currency":"BRL","itemId1":7,"itemDescription1":"Anuidade 2022","itemAmount1":"0.20","itemQuantity1":1,"reference":7,"senderName":"Murilo Carvalho","senderCPF":"44020592837","senderAreaCode":"11","senderPhone":"99636945","senderEmail":"murilocarvalho2204@gmail.com"}  
[2022-02-27 21:01:32] production.INFO: Pagamento efetuado{"date":"2022-02-27T18:01:30.000-03:00","code":"AA53B6AD-0993-42E9-87C9-DB86569CAD14","reference":"7","type":"1","status":"1","lastEventDate":"2022-02-27T18:01:30.000-03:00","paymentMethod":{"type":"1","code":"102"},"grossAmount":"0.20","discountAmount":"0.00","feeAmount":"0.20","netAmount":"0.00","extraAmount":"0.00","installmentCount":"1","itemCount":"1","items":{"item":{"id":"7","description":"Anuidade 2022","quantity":"1","amount":"0.20"}},"sender":{"name":"Murilo Carvalho","email":"murilocarvalho2204@gmail.com","phone":{"areaCode":"11","number":"99636945"}}}  
[2022-02-27 21:01:32] production.INFO: Pagamento efetuado com sucesso{"tipo_pgto_detalhe":{"0":"102"},"transacao":{"0":"AA53B6AD-0993-42E9-87C9-DB86569CAD14"},"parcelas":1,"valor_parcela":0.200000000000000011102230246251565404236316680908203125,"valor_total":0.200000000000000011102230246251565404236316680908203125,"valor_juros":0,"valor_receber":0,"venda_id":7,"tipo_pagto_id":1,"status_id":1,"user_id":10,"updated_at":"2022-02-27T21:01:32.000000Z","created_at":"2022-02-27T21:01:32.000000Z","id":6}  
[2022-02-27 21:03:20] production.INFO: Cadastro de usuario: {"id":null,"name":"Contabilidade Merc\u00fario","email":"contabilidade@mercuriotecnologia.com.br","password":"$2y$10$2r2mtRfW1957IUkBB21GYeVKSrEjx4cgvHId.NcMZAgRtnYqtD2VW","estrangeiro":0,"data_nascimento":null,"orgao_expedidor":null,"cpf":"000.000.000-00","rg":null,"telefone":null,"celular":null,"sexo_id":null,"todos_tipos_id":[4],"ativo":1,"acessos":[],"enderecos":{"id":null,"cep":null,"logradouro":null,"bairro":null,"municipio":null,"estado":null},"_method":"post"}  
[2022-02-27 21:03:20] production.INFO: E-mail enviado apos o cadastro para : com o email: "contabilidade@mercuriotecnologia.com.br"  
[2022-02-27 21:06:22] production.INFO: Cadastro de usuario: {"id":20,"name":"Contabilidade Merc\u00fario","email":"contabilidade@mercuriotecnologia.com.br","estrangeiro":0,"passaporte":null,"cpf":"000.000.000-00","data_nascimento":null,"rg":null,"orgao_expedidor":null,"telefone":"(11) 1111-1111","celular":"(11) 11111-1111","sexo_id":"2","email_verified_at":null,"ativo":"1","created_at":"2022-02-27T21:03:20.000000Z","updated_at":"2022-02-27T21:06:22.000000Z","deleted_at":null,"is_root":false,"is_admin":false,"is_user":true,"is_associado":false}  
[2022-02-27 21:06:22] production.INFO: Venda efetuada  com sucesso{"user_id":20,"updated_at":"2022-02-27T21:06:22.000000Z","created_at":"2022-02-27T21:06:22.000000Z","id":8}  
[2022-02-27 21:06:22] production.INFO: Venda de  item efetuado com sucesso{"venda_id":8,"produto_id":1,"qtd":1,"valor":0.200000000000000011102230246251565404236316680908203125,"valor_total":0,"updated_at":"2022-02-27T21:06:22.000000Z","created_at":"2022-02-27T21:06:22.000000Z","id":8}  
[2022-02-27 21:06:25] production.INFO: Pagamento efetuado{"date":"2022-02-27T18:06:22.000-03:00","code":"C7A07FC9-C061-44EE-9E5E-6CF57F537664","reference":"8","type":"1","status":"1","lastEventDate":"2022-02-27T18:06:22.000-03:00","paymentMethod":{"type":"1","code":"102"},"grossAmount":"0.20","discountAmount":"0.00","feeAmount":"0.20","netAmount":"0.00","extraAmount":"0.00","installmentCount":"1","itemCount":"1","items":{"item":{"id":"8","description":"Associado","quantity":"1","amount":"0.20"}},"sender":{"name":"Contabilidade Merc\u00fario","email":"contabilidade@mercuriotecnologia.com.br","phone":{"areaCode":"11","number":"111111111"}}}  
[2022-02-27 21:06:25] production.INFO: Pagamento efetuado com sucesso{"tipo_pgto_detalhe":{"0":"102"},"transacao":{"0":"C7A07FC9-C061-44EE-9E5E-6CF57F537664"},"parcelas":1,"valor_parcela":0.200000000000000011102230246251565404236316680908203125,"valor_total":0.200000000000000011102230246251565404236316680908203125,"valor_juros":0,"valor_receber":0,"venda_id":8,"tipo_pagto_id":1,"status_id":1,"user_id":20,"updated_at":"2022-02-27T21:06:25.000000Z","created_at":"2022-02-27T21:06:25.000000Z","id":7}  
[2022-02-27 21:41:22] production.INFO: User: 1 | App\Http\Controllers\PerfilController::emailCheck | {"email":"contato@mercuriotecnologia.com.br","id":[18]}  
[2022-02-27 22:20:20] production.INFO: Venda efetuada  com sucesso{"user_id":17,"updated_at":"2022-02-27T22:20:20.000000Z","created_at":"2022-02-27T22:20:20.000000Z","id":9}  
[2022-02-27 22:20:20] production.INFO: Venda de  item efetuado com sucesso{"venda_id":9,"produto_id":2,"qtd":1,"valor":0.200000000000000011102230246251565404236316680908203125,"valor_total":0,"updated_at":"2022-02-27T22:20:20.000000Z","created_at":"2022-02-27T22:20:20.000000Z","id":9}  
[2022-02-27 22:20:20] production.INFO: Dados para pagamento enviados ao PagSeguro{"email":"secretaria@intercom.org.br","token":"d09d300a-e6d9-462b-92cd-83b42869491666564eb5455390e5b8090b51682a4ef9e0ef-f66e-4e6d-916c-315a8cfae4b3","receiverEmail":"secretaria@intercom.org.br","notificationURL":"https:\/\/www.sistemas.intercom.org.br\/pagseguro\/retorno","billingAddressCountry":"Brasil","paymentMode":"default","paymentMethod":"creditCard","creditCardToken":"b3ff481b6fed43a29e92918114eb0536","senderHash":"d5eb288744ae4a150135015b1bde3c588a03bd4ea0371c97195aa57f73fafd10","installmentQuantity":"1","installmentValue":"0.20","extraAmount":"0.00","creditCardHolderName":"Paulo Roberto de Asevedo","creditCardHolderCPF":"01014845858","creditCardHolderBirthDate":"01\/01\/2000","creditCardHolderAreaCode":"","creditCardHolderPhone":false,"billingAddressStreet":null,"billingAddressNumber":"0","billingAddressComplement":"","billingAddressDistrict":"Centro","billingAddressPostalCode":"1","billingAddressCity":"Alta Floresta D'Oeste","billingAddressState":"SP","shippingAddressRequired":false,"currency":"BRL","itemId1":9,"itemDescription1":"Anuidade 2022","itemAmount1":"0.20","itemQuantity1":1,"reference":9,"senderName":"Paulo Roberto de Asevedo","senderCPF":"01014845858","senderAreaCode":"","senderPhone":false,"senderEmail":"rubensdefalcon@gmail.com"}  
[2022-02-27 22:20:21] production.INFO: Pagamento efetuado{"error":[{"code":"53018","message":"sender area code is required."},{"code":"53021","message":"sender phone invalid value: 0"},{"code":"53055","message":"billing address street is required."},{"code":"53049","message":"credit card holder area code is required."},{"code":"53054","message":"billing address postal code invalid value: 1"},{"code":"53052","message":"credit card holder phone invalid value: 0"}]}  
[2022-02-27 22:20:21] production.INFO: Erro ao efetuar pagamento{"error":[{"code":"53018","message":"sender area code is required."},{"code":"53021","message":"sender phone invalid value: 0"},{"code":"53055","message":"billing address street is required."},{"code":"53049","message":"credit card holder area code is required."},{"code":"53054","message":"billing address postal code invalid value: 1"},{"code":"53052","message":"credit card holder phone invalid value: 0"}]}  
[2022-02-27 22:32:11] production.INFO: Cadastro de usuario: {"id":null,"name":"Rubens F P Asevedo","email":"rubens@mercuriotecnologia.com.br","password":"$2y$10$KGE8lw6bNLR8w5msTX3jhu0v1SQTaiCIlzSUoFCZafMbYQcei\/OZy","estrangeiro":0,"data_nascimento":null,"orgao_expedidor":null,"cpf":"338.977.498-07","rg":null,"telefone":null,"celular":null,"sexo_id":null,"todos_tipos_id":[4],"ativo":1,"acessos":[],"enderecos":{"id":null,"cep":null,"logradouro":null,"bairro":null,"municipio":null,"estado":null},"_method":"post"}  
[2022-02-27 22:32:11] production.INFO: E-mail enviado apos o cadastro para : com o email: "rubens@mercuriotecnologia.com.br"  
[2022-02-27 22:40:18] production.INFO: Cadastro de usuario: {"id":21,"name":"Rubens F P Asevedo","email":"rubens@mercuriotecnologia.com.br","estrangeiro":0,"passaporte":null,"cpf":"338.977.498-07","data_nascimento":null,"rg":null,"orgao_expedidor":null,"telefone":"(11) 2307-9231","celular":"(11) 99636-9451","sexo_id":"2","email_verified_at":null,"ativo":"1","created_at":"2022-02-27T22:32:11.000000Z","updated_at":"2022-02-27T22:40:18.000000Z","deleted_at":null,"is_root":false,"is_admin":false,"is_user":true,"is_associado":false}  
[2022-02-27 22:40:18] production.INFO: Venda efetuada  com sucesso{"user_id":21,"updated_at":"2022-02-27T22:40:18.000000Z","created_at":"2022-02-27T22:40:18.000000Z","id":10}  
[2022-02-27 22:40:18] production.INFO: Venda de  item efetuado com sucesso{"venda_id":10,"produto_id":1,"qtd":1,"valor":0.200000000000000011102230246251565404236316680908203125,"valor_total":0,"updated_at":"2022-02-27T22:40:18.000000Z","created_at":"2022-02-27T22:40:18.000000Z","id":10}  
[2022-02-27 22:40:19] production.INFO: Pagamento efetuado{"date":"2022-02-27T19:40:18.000-03:00","code":"2CB985DF-EDA8-44C1-8BFE-AE2A48780F13","reference":"10","type":"1","status":"1","lastEventDate":"2022-02-27T19:40:18.000-03:00","paymentMethod":{"type":"1","code":"102"},"grossAmount":"0.20","discountAmount":"0.00","feeAmount":"0.20","netAmount":"0.00","extraAmount":"0.00","installmentCount":"1","itemCount":"1","items":{"item":{"id":"10","description":"Associado","quantity":"1","amount":"0.20"}},"sender":{"name":"Rubens F P Asevedo","email":"rubens@mercuriotecnologia.com.br","phone":{"areaCode":"11","number":"996369451"}}}  
[2022-02-27 22:40:19] production.INFO: Pagamento efetuado com sucesso{"tipo_pgto_detalhe":{"0":"102"},"transacao":{"0":"2CB985DF-EDA8-44C1-8BFE-AE2A48780F13"},"parcelas":1,"valor_parcela":0.200000000000000011102230246251565404236316680908203125,"valor_total":0.200000000000000011102230246251565404236316680908203125,"valor_juros":0,"valor_receber":0,"venda_id":10,"tipo_pagto_id":1,"status_id":1,"user_id":21,"updated_at":"2022-02-27T22:40:19.000000Z","created_at":"2022-02-27T22:40:19.000000Z","id":8}  
