[2022-03-07 14:41:37] production.ERROR: SQLSTATE[42S02]: Base table or view not found: 1146 Table 'interco21newsist22.divisoes_tematicas' doesn't exist (SQL: select `divisoes_tematicas`.`id`, `divisoes_tematicas`.`descricao`, `todos_divisoes_tematicas`.`user_id` as `pivot_user_id`, `todos_divisoes_tematicas`.`dt_id` as `pivot_dt_id` from `divisoes_tematicas` inner join `todos_divisoes_tematicas` on `divisoes_tematicas`.`id` = `todos_divisoes_tematicas`.`dt_id` where `todos_divisoes_tematicas`.`user_id` in (1) and `divisoes_tematicas`.`deleted_at` is null) {"userId":1,"exception":"[object] (Illuminate\\Database\\QueryException(code: 42S02): SQLSTATE[42S02]: Base table or view not found: 1146 Table 'interco21newsist22.divisoes_tematicas' doesn't exist (SQL: select `divisoes_tematicas`.`id`, `divisoes_tematicas`.`descricao`, `todos_divisoes_tematicas`.`user_id` as `pivot_user_id`, `todos_divisoes_tematicas`.`dt_id` as `pivot_dt_id` from `divisoes_tematicas` inner join `todos_divisoes_tematicas` on `divisoes_tematicas`.`id` = `todos_divisoes_tematicas`.`dt_id` where `todos_divisoes_tematicas`.`user_id` in (1) and `divisoes_tematicas`.`deleted_at` is null) at /home/sistemas/www/sistema/vendor/laravel/framework/src/Illuminate/Database/Connection.php:712)
[stacktrace]
#0 /home/sistemas/www/sistema/vendor/laravel/framework/src/Illuminate/Database/Connection.php(672): Illuminate\\Database\\Connection->runQueryCallback('select `divisoe...', Array, Object(Closure))
#1 /home/sistemas/www/sistema/vendor/laravel/framework/src/Illuminate/Database/Connection.php(376): Illuminate\\Database\\Connection->run('select `divisoe...', Array, Object(Closure))
#2 /home/sistemas/www/sistema/vendor/laravel/framework/src/Illuminate/Database/Query/Builder.php(2414): Illuminate\\Database\\Connection->select('select `divisoe...', Array, true)
#3 /home/sistemas/www/sistema/vendor/laravel/framework/src/Illuminate/Database/Query/Builder.php(2402): Illuminate\\Database\\Query\\Builder->runSelect()
#4 /home/sistemas/www/sistema/vendor/laravel/framework/src/Illuminate/Database/Query/Builder.php(2936): Illuminate\\Database\\Query\\Builder->Illuminate\\Database\\Query\\{closure}()
#5 /home/sistemas/www/sistema/vendor/laravel/framework/src/Illuminate/Database/Query/Builder.php(2403): Illuminate\\Database\\Query\\Builder->onceWithColumns(Array, Object(Closure))
#6 /home/sistemas/www/sistema/vendor/laravel/framework/src/Illuminate/Database/Eloquent/Builder.php(625): Illuminate\\Database\\Query\\Builder->get(Array)
#7 /home/sistemas/www/sistema/vendor/laravel/framework/src/Illuminate/Database/Eloquent/Relations/BelongsToMany.php(807): Illuminate\\Database\\Eloquent\\Builder->getModels()
#8 /home/sistemas/www/sistema/vendor/laravel/framework/src/Illuminate/Database/Eloquent/Relations/Relation.php(160): Illuminate\\Database\\Eloquent\\Relations\\BelongsToMany->get()
#9 /home/sistemas/www/sistema/vendor/laravel/framework/src/Illuminate/Database/Eloquent/Builder.php(673): Illuminate\\Database\\Eloquent\\Relations\\Relation->getEager()
#10 /home/sistemas/www/sistema/vendor/laravel/framework/src/Illuminate/Database/Eloquent/Builder.php(642): Illuminate\\Database\\Eloquent\\Builder->eagerLoadRelation(Array, 'todos_divisoes_...', Object(Closure))
#11 /home/sistemas/www/sistema/vendor/laravel/framework/src/Illuminate/Database/Eloquent/Builder.php(610): Illuminate\\Database\\Eloquent\\Builder->eagerLoadRelations(Array)
#12 /home/sistemas/www/sistema/vendor/laravel/framework/src/Illuminate/Database/Concerns/BuildsQueries.php(294): Illuminate\\Database\\Eloquent\\Builder->get(Array)
#13 /home/sistemas/www/sistema/vendor/laravel/framework/src/Illuminate/Database/Eloquent/Builder.php(400): Illuminate\\Database\\Eloquent\\Builder->first(Array)
#14 /home/sistemas/www/sistema/app/Http/Controllers/AvaliadorExpocomController.php(34): Illuminate\\Database\\Eloquent\\Builder->find(1)
#15 /home/sistemas/www/sistema/app/Http/Controllers/AvaliadorExpocomController.php(48): App\\Http\\Controllers\\AvaliadorExpocomController->usuario()
#16 /home/sistemas/www/sistema/vendor/laravel/framework/src/Illuminate/Routing/Controller.php(54): App\\Http\\Controllers\\AvaliadorExpocomController->formavaliadorjr()
#17 /home/sistemas/www/sistema/vendor/laravel/framework/src/Illuminate/Routing/ControllerDispatcher.php(45): Illuminate\\Routing\\Controller->callAction('formavaliadorjr', Array)
#18 /home/sistemas/www/sistema/vendor/laravel/framework/src/Illuminate/Routing/Route.php(262): Illuminate\\Routing\\ControllerDispatcher->dispatch(Object(Illuminate\\Routing\\Route), Object(App\\Http\\Controllers\\AvaliadorExpocomController), 'formavaliadorjr')
#19 /home/sistemas/www/sistema/vendor/laravel/framework/src/Illuminate/Routing/Route.php(205): Illuminate\\Routing\\Route->runController()
#20 /home/sistemas/www/sistema/vendor/laravel/framework/src/Illuminate/Routing/Router.php(721): Illuminate\\Routing\\Route->run()
#21 /home/sistemas/www/sistema/vendor/laravel/framework/src/Illuminate/Pipeline/Pipeline.php(128): Illuminate\\Routing\\Router->Illuminate\\Routing\\{closure}(Object(Illuminate\\Http\\Request))
#22 /home/sistemas/www/sistema/vendor/laravel/framework/src/Illuminate/Routing/Middleware/SubstituteBindings.php(50): Illuminate\\Pipeline\\Pipeline->Illuminate\\Pipeline\\{closure}(Object(Illuminate\\Http\\Request))
#23 /home/sistemas/www/sistema/vendor/laravel/framework/src/Illuminate/Pipeline/Pipeline.php(167): Illuminate\\Routing\\Middleware\\SubstituteBindings->handle(Object(Illuminate\\Http\\Request), Object(Closure))
#24 /home/sistemas/www/sistema/vendor/laravel/framework/src/Illuminate/Auth/Middleware/Authenticate.php(44): Illuminate\\Pipeline\\Pipeline->Illuminate\\Pipeline\\{closure}(Object(Illuminate\\Http\\Request))
#25 /home/sistemas/www/sistema/vendor/laravel/framework/src/Illuminate/Pipeline/Pipeline.php(167): Illuminate\\Auth\\Middleware\\Authenticate->handle(Object(Illuminate\\Http\\Request), Object(Closure))
#26 /home/sistemas/www/sistema/vendor/laravel/framework/src/Illuminate/Foundation/Http/Middleware/VerifyCsrfToken.php(78): Illuminate\\Pipeline\\Pipeline->Illuminate\\Pipeline\\{closure}(Object(Illuminate\\Http\\Request))
#27 /home/sistemas/www/sistema/vendor/laravel/framework/src/Illuminate/Pipeline/Pipeline.php(167): Illuminate\\Foundation\\Http\\Middleware\\VerifyCsrfToken->handle(Object(Illuminate\\Http\\Request), Object(Closure))
#28 /home/sistemas/www/sistema/vendor/laravel/framework/src/Illuminate/View/Middleware/ShareErrorsFromSession.php(49): Illuminate\\Pipeline\\Pipeline->Illuminate\\Pipeline\\{closure}(Object(Illuminate\\Http\\Request))
#29 /home/sistemas/www/sistema/vendor/laravel/framework/src/Illuminate/Pipeline/Pipeline.php(167): Illuminate\\View\\Middleware\\ShareErrorsFromSession->handle(Object(Illuminate\\Http\\Request), Object(Closure))
#30 /home/sistemas/www/sistema/vendor/laravel/framework/src/Illuminate/Session/Middleware/StartSession.php(121): Illuminate\\Pipeline\\Pipeline->Illuminate\\Pipeline\\{closure}(Object(Illuminate\\Http\\Request))
#31 /home/sistemas/www/sistema/vendor/laravel/framework/src/Illuminate/Session/Middleware/StartSession.php(64): Illuminate\\Session\\Middleware\\StartSession->handleStatefulRequest(Object(Illuminate\\Http\\Request), Object(Illuminate\\Session\\Store), Object(Closure))
#32 /home/sistemas/www/sistema/vendor/laravel/framework/src/Illuminate/Pipeline/Pipeline.php(167): Illuminate\\Session\\Middleware\\StartSession->handle(Object(Illuminate\\Http\\Request), Object(Closure))
#33 /home/sistemas/www/sistema/vendor/laravel/framework/src/Illuminate/Cookie/Middleware/AddQueuedCookiesToResponse.php(37): Illuminate\\Pipeline\\Pipeline->Illuminate\\Pipeline\\{closure}(Object(Illuminate\\Http\\Request))
#34 /home/sistemas/www/sistema/vendor/laravel/framework/src/Illuminate/Pipeline/Pipeline.php(167): Illuminate\\Cookie\\Middleware\\AddQueuedCookiesToResponse->handle(Object(Illuminate\\Http\\Request), Object(Closure))
#35 /home/sistemas/www/sistema/vendor/laravel/framework/src/Illuminate/Cookie/Middleware/EncryptCookies.php(67): Illuminate\\Pipeline\\Pipeline->Illuminate\\Pipeline\\{closure}(Object(Illuminate\\Http\\Request))
#36 /home/sistemas/www/sistema/vendor/laravel/framework/src/Illuminate/Pipeline/Pipeline.php(167): Illuminate\\Cookie\\Middleware\\EncryptCookies->handle(Object(Illuminate\\Http\\Request), Object(Closure))
#37 /home/sistemas/www/sistema/vendor/laravel/framework/src/Illuminate/Pipeline/Pipeline.php(103): Illuminate\\Pipeline\\Pipeline->Illuminate\\Pipeline\\{closure}(Object(Illuminate\\Http\\Request))
#38 /home/sistemas/www/sistema/vendor/laravel/framework/src/Illuminate/Routing/Router.php(723): Illuminate\\Pipeline\\Pipeline->then(Object(Closure))
#39 /home/sistemas/www/sistema/vendor/laravel/framework/src/Illuminate/Routing/Router.php(698): Illuminate\\Routing\\Router->runRouteWithinStack(Object(Illuminate\\Routing\\Route), Object(Illuminate\\Http\\Request))
#40 /home/sistemas/www/sistema/vendor/laravel/framework/src/Illuminate/Routing/Router.php(662): Illuminate\\Routing\\Router->runRoute(Object(Illuminate\\Http\\Request), Object(Illuminate\\Routing\\Route))
#41 /home/sistemas/www/sistema/vendor/laravel/framework/src/Illuminate/Routing/Router.php(651): Illuminate\\Routing\\Router->dispatchToRoute(Object(Illuminate\\Http\\Request))
#42 /home/sistemas/www/sistema/vendor/laravel/framework/src/Illuminate/Foundation/Http/Kernel.php(167): Illuminate\\Routing\\Router->dispatch(Object(Illuminate\\Http\\Request))
#43 /home/sistemas/www/sistema/vendor/laravel/framework/src/Illuminate/Pipeline/Pipeline.php(128): Illuminate\\Foundation\\Http\\Kernel->Illuminate\\Foundation\\Http\\{closure}(Object(Illuminate\\Http\\Request))
#44 /home/sistemas/www/sistema/vendor/laravel/framework/src/Illuminate/Foundation/Http/Middleware/TransformsRequest.php(21): Illuminate\\Pipeline\\Pipeline->Illuminate\\Pipeline\\{closure}(Object(Illuminate\\Http\\Request))
#45 /home/sistemas/www/sistema/vendor/laravel/framework/src/Illuminate/Foundation/Http/Middleware/ConvertEmptyStringsToNull.php(31): Illuminate\\Foundation\\Http\\Middleware\\TransformsRequest->handle(Object(Illuminate\\Http\\Request), Object(Closure))
#46 /home/sistemas/www/sistema/vendor/laravel/framework/src/Illuminate/Pipeline/Pipeline.php(167): Illuminate\\Foundation\\Http\\Middleware\\ConvertEmptyStringsToNull->handle(Object(Illuminate\\Http\\Request), Object(Closure))
#47 /home/sistemas/www/sistema/vendor/laravel/framework/src/Illuminate/Foundation/Http/Middleware/TransformsRequest.php(21): Illuminate\\Pipeline\\Pipeline->Illuminate\\Pipeline\\{closure}(Object(Illuminate\\Http\\Request))
#48 /home/sistemas/www/sistema/vendor/laravel/framework/src/Illuminate/Foundation/Http/Middleware/TrimStrings.php(40): Illuminate\\Foundation\\Http\\Middleware\\TransformsRequest->handle(Object(Illuminate\\Http\\Request), Object(Closure))
#49 /home/sistemas/www/sistema/vendor/laravel/framework/src/Illuminate/Pipeline/Pipeline.php(167): Illuminate\\Foundation\\Http\\Middleware\\TrimStrings->handle(Object(Illuminate\\Http\\Request), Object(Closure))
#50 /home/sistemas/www/sistema/vendor/laravel/framework/src/Illuminate/Foundation/Http/Middleware/ValidatePostSize.php(27): Illuminate\\Pipeline\\Pipeline->Illuminate\\Pipeline\\{closure}(Object(Illuminate\\Http\\Request))
#51 /home/sistemas/www/sistema/vendor/laravel/framework/src/Illuminate/Pipeline/Pipeline.php(167): Illuminate\\Foundation\\Http\\Middleware\\ValidatePostSize->handle(Object(Illuminate\\Http\\Request), Object(Closure))
#52 /home/sistemas/www/sistema/vendor/laravel/framework/src/Illuminate/Foundation/Http/Middleware/PreventRequestsDuringMaintenance.php(86): Illuminate\\Pipeline\\Pipeline->Illuminate\\Pipeline\\{closure}(Object(Illuminate\\Http\\Request))
#53 /home/sistemas/www/sistema/vendor/laravel/framework/src/Illuminate/Pipeline/Pipeline.php(167): Illuminate\\Foundation\\Http\\Middleware\\PreventRequestsDuringMaintenance->handle(Object(Illuminate\\Http\\Request), Object(Closure))
#54 /home/sistemas/www/sistema/vendor/fruitcake/laravel-cors/src/HandleCors.php(38): Illuminate\\Pipeline\\Pipeline->Illuminate\\Pipeline\\{closure}(Object(Illuminate\\Http\\Request))
#55 /home/sistemas/www/sistema/vendor/laravel/framework/src/Illuminate/Pipeline/Pipeline.php(167): Fruitcake\\Cors\\HandleCors->handle(Object(Illuminate\\Http\\Request), Object(Closure))
#56 /home/sistemas/www/sistema/vendor/laravel/framework/src/Illuminate/Http/Middleware/TrustProxies.php(39): Illuminate\\Pipeline\\Pipeline->Illuminate\\Pipeline\\{closure}(Object(Illuminate\\Http\\Request))
#57 /home/sistemas/www/sistema/vendor/laravel/framework/src/Illuminate/Pipeline/Pipeline.php(167): Illuminate\\Http\\Middleware\\TrustProxies->handle(Object(Illuminate\\Http\\Request), Object(Closure))
#58 /home/sistemas/www/sistema/vendor/laravel/framework/src/Illuminate/Pipeline/Pipeline.php(103): Illuminate\\Pipeline\\Pipeline->Illuminate\\Pipeline\\{closure}(Object(Illuminate\\Http\\Request))
#59 /home/sistemas/www/sistema/vendor/laravel/framework/src/Illuminate/Foundation/Http/Kernel.php(142): Illuminate\\Pipeline\\Pipeline->then(Object(Closure))
#60 /home/sistemas/www/sistema/vendor/laravel/framework/src/Illuminate/Foundation/Http/Kernel.php(111): Illuminate\\Foundation\\Http\\Kernel->sendRequestThroughRouter(Object(Illuminate\\Http\\Request))
#61 /home/sistemas/www/index.php(52): Illuminate\\Foundation\\Http\\Kernel->handle(Object(Illuminate\\Http\\Request))
#62 {main}

[previous exception] [object] (PDOException(code: 42S02): SQLSTATE[42S02]: Base table or view not found: 1146 Table 'interco21newsist22.divisoes_tematicas' doesn't exist at /home/sistemas/www/sistema/vendor/laravel/framework/src/Illuminate/Database/Connection.php:368)
[stacktrace]
#0 /home/sistemas/www/sistema/vendor/laravel/framework/src/Illuminate/Database/Connection.php(368): PDO->prepare('select `divisoe...')
#1 /home/sistemas/www/sistema/vendor/laravel/framework/src/Illuminate/Database/Connection.php(705): Illuminate\\Database\\Connection->Illuminate\\Database\\{closure}('select `divisoe...', Array)
#2 /home/sistemas/www/sistema/vendor/laravel/framework/src/Illuminate/Database/Connection.php(672): Illuminate\\Database\\Connection->runQueryCallback('select `divisoe...', Array, Object(Closure))
#3 /home/sistemas/www/sistema/vendor/laravel/framework/src/Illuminate/Database/Connection.php(376): Illuminate\\Database\\Connection->run('select `divisoe...', Array, Object(Closure))
#4 /home/sistemas/www/sistema/vendor/laravel/framework/src/Illuminate/Database/Query/Builder.php(2414): Illuminate\\Database\\Connection->select('select `divisoe...', Array, true)
#5 /home/sistemas/www/sistema/vendor/laravel/framework/src/Illuminate/Database/Query/Builder.php(2402): Illuminate\\Database\\Query\\Builder->runSelect()
#6 /home/sistemas/www/sistema/vendor/laravel/framework/src/Illuminate/Database/Query/Builder.php(2936): Illuminate\\Database\\Query\\Builder->Illuminate\\Database\\Query\\{closure}()
#7 /home/sistemas/www/sistema/vendor/laravel/framework/src/Illuminate/Database/Query/Builder.php(2403): Illuminate\\Database\\Query\\Builder->onceWithColumns(Array, Object(Closure))
#8 /home/sistemas/www/sistema/vendor/laravel/framework/src/Illuminate/Database/Eloquent/Builder.php(625): Illuminate\\Database\\Query\\Builder->get(Array)
#9 /home/sistemas/www/sistema/vendor/laravel/framework/src/Illuminate/Database/Eloquent/Relations/BelongsToMany.php(807): Illuminate\\Database\\Eloquent\\Builder->getModels()
#10 /home/sistemas/www/sistema/vendor/laravel/framework/src/Illuminate/Database/Eloquent/Relations/Relation.php(160): Illuminate\\Database\\Eloquent\\Relations\\BelongsToMany->get()
#11 /home/sistemas/www/sistema/vendor/laravel/framework/src/Illuminate/Database/Eloquent/Builder.php(673): Illuminate\\Database\\Eloquent\\Relations\\Relation->getEager()
#12 /home/sistemas/www/sistema/vendor/laravel/framework/src/Illuminate/Database/Eloquent/Builder.php(642): Illuminate\\Database\\Eloquent\\Builder->eagerLoadRelation(Array, 'todos_divisoes_...', Object(Closure))
#13 /home/sistemas/www/sistema/vendor/laravel/framework/src/Illuminate/Database/Eloquent/Builder.php(610): Illuminate\\Database\\Eloquent\\Builder->eagerLoadRelations(Array)
#14 /home/sistemas/www/sistema/vendor/laravel/framework/src/Illuminate/Database/Concerns/BuildsQueries.php(294): Illuminate\\Database\\Eloquent\\Builder->get(Array)
#15 /home/sistemas/www/sistema/vendor/laravel/framework/src/Illuminate/Database/Eloquent/Builder.php(400): Illuminate\\Database\\Eloquent\\Builder->first(Array)
#16 /home/sistemas/www/sistema/app/Http/Controllers/AvaliadorExpocomController.php(34): Illuminate\\Database\\Eloquent\\Builder->find(1)
#17 /home/sistemas/www/sistema/app/Http/Controllers/AvaliadorExpocomController.php(48): App\\Http\\Controllers\\AvaliadorExpocomController->usuario()
#18 /home/sistemas/www/sistema/vendor/laravel/framework/src/Illuminate/Routing/Controller.php(54): App\\Http\\Controllers\\AvaliadorExpocomController->formavaliadorjr()
#19 /home/sistemas/www/sistema/vendor/laravel/framework/src/Illuminate/Routing/ControllerDispatcher.php(45): Illuminate\\Routing\\Controller->callAction('formavaliadorjr', Array)
#20 /home/sistemas/www/sistema/vendor/laravel/framework/src/Illuminate/Routing/Route.php(262): Illuminate\\Routing\\ControllerDispatcher->dispatch(Object(Illuminate\\Routing\\Route), Object(App\\Http\\Controllers\\AvaliadorExpocomController), 'formavaliadorjr')
#21 /home/sistemas/www/sistema/vendor/laravel/framework/src/Illuminate/Routing/Route.php(205): Illuminate\\Routing\\Route->runController()
#22 /home/sistemas/www/sistema/vendor/laravel/framework/src/Illuminate/Routing/Router.php(721): Illuminate\\Routing\\Route->run()
#23 /home/sistemas/www/sistema/vendor/laravel/framework/src/Illuminate/Pipeline/Pipeline.php(128): Illuminate\\Routing\\Router->Illuminate\\Routing\\{closure}(Object(Illuminate\\Http\\Request))
#24 /home/sistemas/www/sistema/vendor/laravel/framework/src/Illuminate/Routing/Middleware/SubstituteBindings.php(50): Illuminate\\Pipeline\\Pipeline->Illuminate\\Pipeline\\{closure}(Object(Illuminate\\Http\\Request))
#25 /home/sistemas/www/sistema/vendor/laravel/framework/src/Illuminate/Pipeline/Pipeline.php(167): Illuminate\\Routing\\Middleware\\SubstituteBindings->handle(Object(Illuminate\\Http\\Request), Object(Closure))
#26 /home/sistemas/www/sistema/vendor/laravel/framework/src/Illuminate/Auth/Middleware/Authenticate.php(44): Illuminate\\Pipeline\\Pipeline->Illuminate\\Pipeline\\{closure}(Object(Illuminate\\Http\\Request))
#27 /home/sistemas/www/sistema/vendor/laravel/framework/src/Illuminate/Pipeline/Pipeline.php(167): Illuminate\\Auth\\Middleware\\Authenticate->handle(Object(Illuminate\\Http\\Request), Object(Closure))
#28 /home/sistemas/www/sistema/vendor/laravel/framework/src/Illuminate/Foundation/Http/Middleware/VerifyCsrfToken.php(78): Illuminate\\Pipeline\\Pipeline->Illuminate\\Pipeline\\{closure}(Object(Illuminate\\Http\\Request))
#29 /home/sistemas/www/sistema/vendor/laravel/framework/src/Illuminate/Pipeline/Pipeline.php(167): Illuminate\\Foundation\\Http\\Middleware\\VerifyCsrfToken->handle(Object(Illuminate\\Http\\Request), Object(Closure))
#30 /home/sistemas/www/sistema/vendor/laravel/framework/src/Illuminate/View/Middleware/ShareErrorsFromSession.php(49): Illuminate\\Pipeline\\Pipeline->Illuminate\\Pipeline\\{closure}(Object(Illuminate\\Http\\Request))
#31 /home/sistemas/www/sistema/vendor/laravel/framework/src/Illuminate/Pipeline/Pipeline.php(167): Illuminate\\View\\Middleware\\ShareErrorsFromSession->handle(Object(Illuminate\\Http\\Request), Object(Closure))
#32 /home/sistemas/www/sistema/vendor/laravel/framework/src/Illuminate/Session/Middleware/StartSession.php(121): Illuminate\\Pipeline\\Pipeline->Illuminate\\Pipeline\\{closure}(Object(Illuminate\\Http\\Request))
#33 /home/sistemas/www/sistema/vendor/laravel/framework/src/Illuminate/Session/Middleware/StartSession.php(64): Illuminate\\Session\\Middleware\\StartSession->handleStatefulRequest(Object(Illuminate\\Http\\Request), Object(Illuminate\\Session\\Store), Object(Closure))
#34 /home/sistemas/www/sistema/vendor/laravel/framework/src/Illuminate/Pipeline/Pipeline.php(167): Illuminate\\Session\\Middleware\\StartSession->handle(Object(Illuminate\\Http\\Request), Object(Closure))
#35 /home/sistemas/www/sistema/vendor/laravel/framework/src/Illuminate/Cookie/Middleware/AddQueuedCookiesToResponse.php(37): Illuminate\\Pipeline\\Pipeline->Illuminate\\Pipeline\\{closure}(Object(Illuminate\\Http\\Request))
#36 /home/sistemas/www/sistema/vendor/laravel/framework/src/Illuminate/Pipeline/Pipeline.php(167): Illuminate\\Cookie\\Middleware\\AddQueuedCookiesToResponse->handle(Object(Illuminate\\Http\\Request), Object(Closure))
#37 /home/sistemas/www/sistema/vendor/laravel/framework/src/Illuminate/Cookie/Middleware/EncryptCookies.php(67): Illuminate\\Pipeline\\Pipeline->Illuminate\\Pipeline\\{closure}(Object(Illuminate\\Http\\Request))
#38 /home/sistemas/www/sistema/vendor/laravel/framework/src/Illuminate/Pipeline/Pipeline.php(167): Illuminate\\Cookie\\Middleware\\EncryptCookies->handle(Object(Illuminate\\Http\\Request), Object(Closure))
#39 /home/sistemas/www/sistema/vendor/laravel/framework/src/Illuminate/Pipeline/Pipeline.php(103): Illuminate\\Pipeline\\Pipeline->Illuminate\\Pipeline\\{closure}(Object(Illuminate\\Http\\Request))
#40 /home/sistemas/www/sistema/vendor/laravel/framework/src/Illuminate/Routing/Router.php(723): Illuminate\\Pipeline\\Pipeline->then(Object(Closure))
#41 /home/sistemas/www/sistema/vendor/laravel/framework/src/Illuminate/Routing/Router.php(698): Illuminate\\Routing\\Router->runRouteWithinStack(Object(Illuminate\\Routing\\Route), Object(Illuminate\\Http\\Request))
#42 /home/sistemas/www/sistema/vendor/laravel/framework/src/Illuminate/Routing/Router.php(662): Illuminate\\Routing\\Router->runRoute(Object(Illuminate\\Http\\Request), Object(Illuminate\\Routing\\Route))
#43 /home/sistemas/www/sistema/vendor/laravel/framework/src/Illuminate/Routing/Router.php(651): Illuminate\\Routing\\Router->dispatchToRoute(Object(Illuminate\\Http\\Request))
#44 /home/sistemas/www/sistema/vendor/laravel/framework/src/Illuminate/Foundation/Http/Kernel.php(167): Illuminate\\Routing\\Router->dispatch(Object(Illuminate\\Http\\Request))
#45 /home/sistemas/www/sistema/vendor/laravel/framework/src/Illuminate/Pipeline/Pipeline.php(128): Illuminate\\Foundation\\Http\\Kernel->Illuminate\\Foundation\\Http\\{closure}(Object(Illuminate\\Http\\Request))
#46 /home/sistemas/www/sistema/vendor/laravel/framework/src/Illuminate/Foundation/Http/Middleware/TransformsRequest.php(21): Illuminate\\Pipeline\\Pipeline->Illuminate\\Pipeline\\{closure}(Object(Illuminate\\Http\\Request))
#47 /home/sistemas/www/sistema/vendor/laravel/framework/src/Illuminate/Foundation/Http/Middleware/ConvertEmptyStringsToNull.php(31): Illuminate\\Foundation\\Http\\Middleware\\TransformsRequest->handle(Object(Illuminate\\Http\\Request), Object(Closure))
#48 /home/sistemas/www/sistema/vendor/laravel/framework/src/Illuminate/Pipeline/Pipeline.php(167): Illuminate\\Foundation\\Http\\Middleware\\ConvertEmptyStringsToNull->handle(Object(Illuminate\\Http\\Request), Object(Closure))
#49 /home/sistemas/www/sistema/vendor/laravel/framework/src/Illuminate/Foundation/Http/Middleware/TransformsRequest.php(21): Illuminate\\Pipeline\\Pipeline->Illuminate\\Pipeline\\{closure}(Object(Illuminate\\Http\\Request))
#50 /home/sistemas/www/sistema/vendor/laravel/framework/src/Illuminate/Foundation/Http/Middleware/TrimStrings.php(40): Illuminate\\Foundation\\Http\\Middleware\\TransformsRequest->handle(Object(Illuminate\\Http\\Request), Object(Closure))
#51 /home/sistemas/www/sistema/vendor/laravel/framework/src/Illuminate/Pipeline/Pipeline.php(167): Illuminate\\Foundation\\Http\\Middleware\\TrimStrings->handle(Object(Illuminate\\Http\\Request), Object(Closure))
#52 /home/sistemas/www/sistema/vendor/laravel/framework/src/Illuminate/Foundation/Http/Middleware/ValidatePostSize.php(27): Illuminate\\Pipeline\\Pipeline->Illuminate\\Pipeline\\{closure}(Object(Illuminate\\Http\\Request))
#53 /home/sistemas/www/sistema/vendor/laravel/framework/src/Illuminate/Pipeline/Pipeline.php(167): Illuminate\\Foundation\\Http\\Middleware\\ValidatePostSize->handle(Object(Illuminate\\Http\\Request), Object(Closure))
#54 /home/sistemas/www/sistema/vendor/laravel/framework/src/Illuminate/Foundation/Http/Middleware/PreventRequestsDuringMaintenance.php(86): Illuminate\\Pipeline\\Pipeline->Illuminate\\Pipeline\\{closure}(Object(Illuminate\\Http\\Request))
#55 /home/sistemas/www/sistema/vendor/laravel/framework/src/Illuminate/Pipeline/Pipeline.php(167): Illuminate\\Foundation\\Http\\Middleware\\PreventRequestsDuringMaintenance->handle(Object(Illuminate\\Http\\Request), Object(Closure))
#56 /home/sistemas/www/sistema/vendor/fruitcake/laravel-cors/src/HandleCors.php(38): Illuminate\\Pipeline\\Pipeline->Illuminate\\Pipeline\\{closure}(Object(Illuminate\\Http\\Request))
#57 /home/sistemas/www/sistema/vendor/laravel/framework/src/Illuminate/Pipeline/Pipeline.php(167): Fruitcake\\Cors\\HandleCors->handle(Object(Illuminate\\Http\\Request), Object(Closure))
#58 /home/sistemas/www/sistema/vendor/laravel/framework/src/Illuminate/Http/Middleware/TrustProxies.php(39): Illuminate\\Pipeline\\Pipeline->Illuminate\\Pipeline\\{closure}(Object(Illuminate\\Http\\Request))
#59 /home/sistemas/www/sistema/vendor/laravel/framework/src/Illuminate/Pipeline/Pipeline.php(167): Illuminate\\Http\\Middleware\\TrustProxies->handle(Object(Illuminate\\Http\\Request), Object(Closure))
#60 /home/sistemas/www/sistema/vendor/laravel/framework/src/Illuminate/Pipeline/Pipeline.php(103): Illuminate\\Pipeline\\Pipeline->Illuminate\\Pipeline\\{closure}(Object(Illuminate\\Http\\Request))
#61 /home/sistemas/www/sistema/vendor/laravel/framework/src/Illuminate/Foundation/Http/Kernel.php(142): Illuminate\\Pipeline\\Pipeline->then(Object(Closure))
#62 /home/sistemas/www/sistema/vendor/laravel/framework/src/Illuminate/Foundation/Http/Kernel.php(111): Illuminate\\Foundation\\Http\\Kernel->sendRequestThroughRouter(Object(Illuminate\\Http\\Request))
#63 /home/sistemas/www/index.php(52): Illuminate\\Foundation\\Http\\Kernel->handle(Object(Illuminate\\Http\\Request))
#64 {main}
"} 
[2022-03-07 14:51:00] production.INFO: Ficha Avaliador Expocom Criada ou Atualizada: {"id":"1","name":"Admin","email":"murilo@mercuriotecnologia.com.br","cpf":"123.456.789-01","telefone":"(12) 3456-789","celular":"(12) 34567-89","divisoes_tematicas":["1"],"divisoes_tematicas_jr":["1"],"instituicao_id":"9","titulacao_id":"4","enderecos":{"id":"4","cep":"04324-090","logradouro":"Avenida Barro Branco","numero":"370","complemento":"S\/N","bairro":"Vila do Encontro","municipio":{"id":"3830","estado_id":"20","codigo":"3550308","nome":"S\u00e3o Paulo","created_at":"2019-02-07T20:32:57.000000Z","updated_at":null,"estado":{"id":"20","codigo":"35","nome":"S\u00e3o Paulo","sigla":"SP","regiao":"Sudeste","created_at":"2019-02-07T20:32:43.000000Z","updated_at":null}},"estado":{"id":"20","codigo":"35","nome":"S\u00e3o Paulo","sigla":"SP","regiao":"Sudeste","created_at":"2019-02-07T20:32:43.000000Z","updated_at":null}},"_method":"post","pais":"Brasil","junior":"1","avaliador":"0"}  
[2022-03-07 14:53:03] production.INFO: Ficha Avaliador Expocom Criada ou Atualizada: {"id":"1","name":"Admin","email":"murilo@mercuriotecnologia.com.br","cpf":"123.456.789-01","telefone":"(12) 3456-789","celular":"(12) 34567-89","divisoes_tematicas":["1"],"divisoes_tematicas_jr":["1"],"instituicao_id":"9","titulacao_id":"4","enderecos":{"id":"4","cep":"04324-090","logradouro":"Avenida Barro Branco","numero":"370","complemento":"S\/N","bairro":"Vila do Encontro","municipio":{"id":"3830","estado_id":"20","codigo":"3550308","nome":"S\u00e3o Paulo","created_at":"2019-02-07T20:32:57.000000Z","updated_at":null,"estado":{"id":"20","codigo":"35","nome":"S\u00e3o Paulo","sigla":"SP","regiao":"Sudeste","created_at":"2019-02-07T20:32:43.000000Z","updated_at":null}},"estado":{"id":"20","codigo":"35","nome":"S\u00e3o Paulo","sigla":"SP","regiao":"Sudeste","created_at":"2019-02-07T20:32:43.000000Z","updated_at":null}},"_method":"post","pais":"Brasil","cinema_audiovisual":["9"],"jornalismo":["9"],"publicidade_propaganda":["9"],"relacoes_publicas":["1"],"producao_editorial":["11"],"radio_internet":["5"],"junior":"1","avaliador":"1"}  
[2022-03-07 16:30:03] production.INFO: User: 1156 | Atualizou Usuario: {"id":"1156","name":"GENIO NASCIMENTO","email":"genionascimento@gmail.com","estrangeiro":"0","anuidade2022":"1","associacao":null,"data_nascimento":"1981-07-03","orgao_expedidor":"SSPSP","instituicao_id":null,"titulacao_id":null,"cpf":"282.096.538-57","rg":"34.158.528-2","telefone":"(11) 9459-4217","celular":"(11) 94594-2172","sexo_id":"1","ativo":"1","enderecos":{"id":"2","cep":"18130-005","logradouro":"Rua Jos\u00e9 Bonif\u00e1cio de Andrada e Silva","numero":"382","complemento":"Apto 16","bairro":"Jardim Meny","municipio":{"id":"3833","estado_id":"20","codigo":"3550605","nome":"S\u00e3o Roque","created_at":"2019-02-07T20:32:57.000000Z","updated_at":null,"estado":{"id":"20","codigo":"35","nome":"S\u00e3o Paulo","sigla":"SP","regiao":"Sudeste","created_at":"2019-02-07T20:32:43.000000Z","updated_at":null}},"estado":{"id":"20","codigo":"35","nome":"S\u00e3o Paulo","sigla":"SP","regiao":"Sudeste","created_at":"2019-02-07T20:32:43.000000Z","updated_at":null}},"_method":"post","metodo":"credito","passaporte":null,"pais":"Brasil"}  
[2022-03-07 16:30:28] production.INFO: Ficha Avaliador Expocom Criada ou Atualizada: {"id":"1","name":"Admin","email":"murilo@mercuriotecnologia.com.br","cpf":"123.456.789-01","telefone":"(12) 3456-789","celular":"(12) 34567-89","divisoes_tematicas":["1"],"divisoes_tematicas_jr":["1"],"instituicao_id":"1","titulacao_id":"5","enderecos":{"id":"4","cep":"04324-090","logradouro":"Avenida Barro Branco","numero":"370","complemento":"S\/N","bairro":"Vila do Encontro","municipio":{"id":"3830","estado_id":"20","codigo":"3550308","nome":"S\u00e3o Paulo","created_at":"2019-02-07T20:32:57.000000Z","updated_at":null,"estado":{"id":"20","codigo":"35","nome":"S\u00e3o Paulo","sigla":"SP","regiao":"Sudeste","created_at":"2019-02-07T20:32:43.000000Z","updated_at":null}},"estado":{"id":"20","codigo":"35","nome":"S\u00e3o Paulo","sigla":"SP","regiao":"Sudeste","created_at":"2019-02-07T20:32:43.000000Z","updated_at":null}},"_method":"post","pais":"Brasil","cinema_audiovisual":["9"],"jornalismo":["9"],"publicidade_propaganda":["9"],"relacoes_publicas":["1"],"producao_editorial":["11"],"radio_internet":["5"],"junior":"1","avaliador":"1"}  
[2022-03-07 16:31:26] production.INFO: User: 1 | Atualizou Usuario: {"id":"1","name":"Admin","email":"murilo@mercuriotecnologia.com.br","estrangeiro":"0","anuidade2022":"1","associacao":null,"data_nascimento":"1993-04-22","orgao_expedidor":"SSP","instituicao_id":null,"titulacao_id":null,"cpf":"123.456.789-01","rg":"19.205.300-5","telefone":"(12) 3456-789","celular":"(12) 34567-89","sexo_id":"1","ativo":"1","enderecos":{"id":"4","cep":"04324-090","logradouro":"Avenida Barro Branco","numero":"370","complemento":"S\/N","bairro":"Vila do Encontro","municipio":{"id":"3830","estado_id":"20","codigo":"3550308","nome":"S\u00e3o Paulo","created_at":"2019-02-07T20:32:57.000000Z","updated_at":null,"estado":{"id":"20","codigo":"35","nome":"S\u00e3o Paulo","sigla":"SP","regiao":"Sudeste","created_at":"2019-02-07T20:32:43.000000Z","updated_at":null}},"estado":{"id":"20","codigo":"35","nome":"S\u00e3o Paulo","sigla":"SP","regiao":"Sudeste","created_at":"2019-02-07T20:32:43.000000Z","updated_at":null}},"_method":"post","metodo":"credito","passaporte":null,"pais":"Brasil"}  
[2022-03-07 16:32:08] production.INFO: User: 1 | Atualizou Usuario: {"id":"1","name":"Admin","email":"murilo@mercuriotecnologia.com.br","estrangeiro":"0","anuidade2022":"1","associacao":null,"data_nascimento":"1993-04-22","orgao_expedidor":"SSP","instituicao_id":null,"titulacao_id":null,"cpf":"123.456.789-01","rg":"19.205.300-5","telefone":"(12) 3456-789","celular":"(12) 34567-89","sexo_id":"1","ativo":"1","enderecos":{"id":"4","cep":"04324-090","logradouro":"Avenida Barro Branco","numero":"370","complemento":"S\/N","bairro":"Vila do Encontro","municipio":{"id":"3830","estado_id":"20","codigo":"3550308","nome":"S\u00e3o Paulo","created_at":"2019-02-07T20:32:57.000000Z","updated_at":null,"estado":{"id":"20","codigo":"35","nome":"S\u00e3o Paulo","sigla":"SP","regiao":"Sudeste","created_at":"2019-02-07T20:32:43.000000Z","updated_at":null}},"estado":{"id":"20","codigo":"35","nome":"S\u00e3o Paulo","sigla":"SP","regiao":"Sudeste","created_at":"2019-02-07T20:32:43.000000Z","updated_at":null}},"_method":"post","metodo":"credito","passaporte":null,"pais":"Brasil"}  
[2022-03-07 16:38:56] production.INFO: User: 1 | Atualizou Usuario: {"id":"1","name":"Admin","email":"murilo@mercuriotecnologia.com.br","estrangeiro":"0","anuidade2022":"1","associacao":null,"data_nascimento":"1993-04-22","orgao_expedidor":"SSP","instituicao_id":null,"titulacao_id":null,"cpf":"123.456.789-01","rg":"19.205.300-5","telefone":"(12) 3456-789","celular":"(12) 34567-89","sexo_id":"1","ativo":"1","enderecos":{"id":"4","cep":"04324-090","logradouro":"Avenida Barro Branco","numero":"370","complemento":"S\/N","bairro":"Vila do Encontro","municipio":{"id":"3830","estado_id":"20","codigo":"3550308","nome":"S\u00e3o Paulo","created_at":"2019-02-07T20:32:57.000000Z","updated_at":null,"estado":{"id":"20","codigo":"35","nome":"S\u00e3o Paulo","sigla":"SP","regiao":"Sudeste","created_at":"2019-02-07T20:32:43.000000Z","updated_at":null}},"estado":{"id":"20","codigo":"35","nome":"S\u00e3o Paulo","sigla":"SP","regiao":"Sudeste","created_at":"2019-02-07T20:32:43.000000Z","updated_at":null}},"_method":"post","metodo":"credito","passaporte":null,"pais":"Brasil"}  
[2022-03-07 16:39:24] production.INFO: User: 1 | Atualizou Usuario: {"id":"1","name":"Admin","email":"murilo@mercuriotecnologia.com.br","estrangeiro":"0","anuidade2022":"1","associacao":null,"data_nascimento":"1993-04-22","orgao_expedidor":"SSP","instituicao_id":null,"titulacao_id":null,"cpf":"123.456.789-01","rg":"19.205.300-5","telefone":"(12) 3456-789","celular":"(12) 34567-89","sexo_id":"1","ativo":"1","enderecos":{"id":"4","cep":"04324-090","logradouro":"Avenida Barro Branco","numero":"370","complemento":"S\/N","bairro":"Vila do Encontro","municipio":{"id":"3830","estado_id":"20","codigo":"3550308","nome":"S\u00e3o Paulo","created_at":"2019-02-07T20:32:57.000000Z","updated_at":null,"estado":{"id":"20","codigo":"35","nome":"S\u00e3o Paulo","sigla":"SP","regiao":"Sudeste","created_at":"2019-02-07T20:32:43.000000Z","updated_at":null}},"estado":{"id":"20","codigo":"35","nome":"S\u00e3o Paulo","sigla":"SP","regiao":"Sudeste","created_at":"2019-02-07T20:32:43.000000Z","updated_at":null}},"_method":"post","metodo":"credito","passaporte":null,"pais":"Brasil"}  
[2022-03-07 16:39:29] production.INFO: User: 1 | Atualizou Usuario: {"id":"1","name":"Admin","email":"murilo@mercuriotecnologia.com.br","estrangeiro":"0","anuidade2022":"1","associacao":null,"data_nascimento":"1993-04-22","orgao_expedidor":"SSP","instituicao_id":null,"titulacao_id":null,"cpf":"123.456.789-01","rg":"19.205.300-5","telefone":"(12) 3456-789","celular":"(12) 34567-89","sexo_id":"1","ativo":"1","enderecos":{"id":"4","cep":"04324-090","logradouro":"Avenida Barro Branco","numero":"370","complemento":"S\/N","bairro":"Vila do Encontro","municipio":{"id":"3830","estado_id":"20","codigo":"3550308","nome":"S\u00e3o Paulo","created_at":"2019-02-07T20:32:57.000000Z","updated_at":null,"estado":{"id":"20","codigo":"35","nome":"S\u00e3o Paulo","sigla":"SP","regiao":"Sudeste","created_at":"2019-02-07T20:32:43.000000Z","updated_at":null}},"estado":{"id":"20","codigo":"35","nome":"S\u00e3o Paulo","sigla":"SP","regiao":"Sudeste","created_at":"2019-02-07T20:32:43.000000Z","updated_at":null}},"_method":"post","metodo":"credito","passaporte":null,"pais":"Brasil"}  
[2022-03-07 17:01:53] production.INFO: User: 1 | Atualizou Usuario: {"id":"1","name":"Admin","email":"murilo@mercuriotecnologia.com.br","estrangeiro":"0","anuidade2022":"1","associacao":null,"data_nascimento":"1993-04-22","orgao_expedidor":"SSP","instituicao_id":null,"titulacao_id":null,"cpf":"123.456.789-01","rg":"19.205.300-5","telefone":"(12) 3456-789","celular":"(12) 34567-89","sexo_id":"1","ativo":"1","enderecos":{"id":"4","cep":"04324-090","logradouro":"Avenida Barro Branco","numero":"370","complemento":"S\/N","bairro":"Vila do Encontro","municipio":{"id":"3830","estado_id":"20","codigo":"3550308","nome":"S\u00e3o Paulo","created_at":"2019-02-07T20:32:57.000000Z","updated_at":null,"estado":{"id":"20","codigo":"35","nome":"S\u00e3o Paulo","sigla":"SP","regiao":"Sudeste","created_at":"2019-02-07T20:32:43.000000Z","updated_at":null}},"estado":{"id":"20","codigo":"35","nome":"S\u00e3o Paulo","sigla":"SP","regiao":"Sudeste","created_at":"2019-02-07T20:32:43.000000Z","updated_at":null}},"_method":"post","metodo":"credito","passaporte":null,"pais":"Brasil"}  
[2022-03-07 17:04:45] production.INFO: User: 1156 | Atualizou Usuario: {"id":"1156","name":"GENIO NASCIMENTO","email":"genionascimento@gmail.com","estrangeiro":"0","anuidade2022":"1","associacao":null,"data_nascimento":"1981-07-03","orgao_expedidor":"SSPSP","instituicao_id":"441","titulacao_id":"3","cpf":"282.096.538-57","rg":"34.158.528-2","telefone":"(11) 9459-4217","celular":"(11) 94594-2172","sexo_id":"1","ativo":"1","enderecos":{"id":"2","cep":"18130-005","logradouro":"Rua Jos\u00e9 Bonif\u00e1cio de Andrada e Silva","numero":"382","complemento":"Apto 16","bairro":"Jardim Meny","municipio":{"id":"3833","estado_id":"20","codigo":"3550605","nome":"S\u00e3o Roque","created_at":"2019-02-07T20:32:57.000000Z","updated_at":null,"estado":{"id":"20","codigo":"35","nome":"S\u00e3o Paulo","sigla":"SP","regiao":"Sudeste","created_at":"2019-02-07T20:32:43.000000Z","updated_at":null}},"estado":{"id":"20","codigo":"35","nome":"S\u00e3o Paulo","sigla":"SP","regiao":"Sudeste","created_at":"2019-02-07T20:32:43.000000Z","updated_at":null}},"_method":"post","metodo":"credito","passaporte":null,"pais":"Brasil"}  
[2022-03-07 17:09:50] production.INFO: Ficha Avaliador Expocom Criada ou Atualizada: {"id":"1156","name":"GENIO NASCIMENTO","email":"genionascimento@gmail.com","cpf":"282.096.538-57","telefone":"(11) 9459-4217","celular":"(11) 94594-2172","divisoes_tematicas":["1","5","8"],"divisoes_tematicas_jr":["1","5","8"],"instituicao_id":"441","titulacao_id":"3","enderecos":{"id":"2","cep":"18130-005","logradouro":"Rua Jos\u00e9 Bonif\u00e1cio de Andrada e Silva","numero":"382","complemento":"Apto 16","bairro":"Jardim Meny","municipio":{"id":"3833","estado_id":"20","codigo":"3550605","nome":"S\u00e3o Roque","created_at":"2019-02-07T20:32:57.000000Z","updated_at":null,"estado":{"id":"20","codigo":"35","nome":"S\u00e3o Paulo","sigla":"SP","regiao":"Sudeste","created_at":"2019-02-07T20:32:43.000000Z","updated_at":null}},"estado":{"id":"20","codigo":"35","nome":"S\u00e3o Paulo","sigla":"SP","regiao":"Sudeste","created_at":"2019-02-07T20:32:43.000000Z","updated_at":null}},"_method":"post","pais":"Brasil","junior":"1","avaliador":"0"}  
[2022-03-07 17:10:09] production.INFO: Ficha Avaliador Expocom Criada ou Atualizada: {"id":"1156","name":"GENIO NASCIMENTO","email":"genionascimento@gmail.com","cpf":"282.096.538-57","telefone":"(11) 9459-4217","celular":"(11) 94594-2172","divisoes_tematicas":["1","5","8"],"divisoes_tematicas_jr":["1","5","8"],"instituicao_id":"441","titulacao_id":"3","enderecos":{"id":"2","cep":"18130-005","logradouro":"Rua Jos\u00e9 Bonif\u00e1cio de Andrada e Silva","numero":"382","complemento":"Apto 16","bairro":"Jardim Meny","municipio":{"id":"3833","estado_id":"20","codigo":"3550605","nome":"S\u00e3o Roque","created_at":"2019-02-07T20:32:57.000000Z","updated_at":null,"estado":{"id":"20","codigo":"35","nome":"S\u00e3o Paulo","sigla":"SP","regiao":"Sudeste","created_at":"2019-02-07T20:32:43.000000Z","updated_at":null}},"estado":{"id":"20","codigo":"35","nome":"S\u00e3o Paulo","sigla":"SP","regiao":"Sudeste","created_at":"2019-02-07T20:32:43.000000Z","updated_at":null}},"_method":"post","pais":"Brasil","junior":"1","avaliador":"0"}  
[2022-03-07 17:16:13] production.INFO: Ficha Avaliador Expocom Criada ou Atualizada: {"id":"1156","name":"GENIO NASCIMENTO","email":"genionascimento@gmail.com","cpf":"282.096.538-57","telefone":"(11) 9459-4217","celular":"(11) 94594-2172","divisoes_tematicas":["1","5","8"],"divisoes_tematicas_jr":["1","5","8"],"instituicao_id":"441","titulacao_id":"3","enderecos":{"id":"2","cep":"18130-005","logradouro":"Rua Jos\u00e9 Bonif\u00e1cio de Andrada e Silva","numero":"382","complemento":"Apto 16","bairro":"Jardim Meny","municipio":{"id":"3833","estado_id":"20","codigo":"3550605","nome":"S\u00e3o Roque","created_at":"2019-02-07T20:32:57.000000Z","updated_at":null,"estado":{"id":"20","codigo":"35","nome":"S\u00e3o Paulo","sigla":"SP","regiao":"Sudeste","created_at":"2019-02-07T20:32:43.000000Z","updated_at":null}},"estado":{"id":"20","codigo":"35","nome":"S\u00e3o Paulo","sigla":"SP","regiao":"Sudeste","created_at":"2019-02-07T20:32:43.000000Z","updated_at":null}},"_method":"post","pais":"Brasil","cinema_audiovisual":["1","2","7"],"jornalismo":["1","9"],"publicidade_propaganda":["1","15"],"relacoes_publicas":["1","6"],"producao_editorial":["1","6","14"],"radio_internet":["2","6"],"junior":"1","avaliador":"1"}  
[2022-03-07 18:11:00] production.INFO: Ficha Avaliador Expocom Criada ou Atualizada: {"id":"1156","name":"GENIO NASCIMENTO","email":"genionascimento@gmail.com","cpf":"282.096.538-57","telefone":"(11) 9459-4217","celular":"(11) 94594-2172","divisoes_tematicas":["1","5","6"],"divisoes_tematicas_jr":["4","5","1"],"instituicao_id":"441","titulacao_id":"3","enderecos":{"id":"2","cep":"18130-005","logradouro":"Rua Jos\u00e9 Bonif\u00e1cio de Andrada e Silva","numero":"382","complemento":"Apto 16","bairro":"Jardim Meny","municipio":{"id":"3833","estado_id":"20","codigo":"3550605","nome":"S\u00e3o Roque","created_at":"2019-02-07T20:32:57.000000Z","updated_at":null,"estado":{"id":"20","codigo":"35","nome":"S\u00e3o Paulo","sigla":"SP","regiao":"Sudeste","created_at":"2019-02-07T20:32:43.000000Z","updated_at":null}},"estado":{"id":"20","codigo":"35","nome":"S\u00e3o Paulo","sigla":"SP","regiao":"Sudeste","created_at":"2019-02-07T20:32:43.000000Z","updated_at":null}},"_method":"post","pais":"Brasil","junior":"1","avaliador":"1"}  
[2022-03-07 19:37:09] production.INFO: User: 1 | Atualizou Usuario: {"id":"1","name":"Admin","email":"murilo@mercuriotecnologia.com.br","estrangeiro":"0","anuidade2022":"1","associacao":null,"data_nascimento":"1993-04-22","orgao_expedidor":"SSP","instituicao_id":"4","titulacao_id":"5","cpf":"123.456.789-01","rg":"19.205.300-5","telefone":"(12) 3456-789","celular":"(12) 34567-89","sexo_id":"1","ativo":"1","enderecos":{"id":"4","cep":"04324-090","logradouro":"Avenida Barro Branco","numero":"370","complemento":"S\/N","bairro":"Vila do Encontro","municipio":{"id":"3830","estado_id":"20","codigo":"3550308","nome":"S\u00e3o Paulo","created_at":"2019-02-07T20:32:57.000000Z","updated_at":null,"estado":{"id":"20","codigo":"35","nome":"S\u00e3o Paulo","sigla":"SP","regiao":"Sudeste","created_at":"2019-02-07T20:32:43.000000Z","updated_at":null}},"estado":{"id":"20","codigo":"35","nome":"S\u00e3o Paulo","sigla":"SP","regiao":"Sudeste","created_at":"2019-02-07T20:32:43.000000Z","updated_at":null}},"_method":"post","metodo":"credito","passaporte":null,"pais":"Brasil"}  
[2022-03-07 20:45:30] production.INFO: Ficha Avaliador Expocom Criada ou Atualizada: {"id":"1","name":"Admin","email":"murilo@mercuriotecnologia.com.br","cpf":"123.456.789-01","telefone":"(12) 3456-789","celular":"(12) 34567-89","divisoes_tematicas":["1","8"],"divisoes_tematicas_jr":["1","8"],"instituicao_id":"4","titulacao_id":"5","enderecos":{"id":"4","cep":"04324-090","logradouro":"Avenida Barro Branco","numero":"370","complemento":"S\/N","bairro":"Vila do Encontro","municipio":{"id":"3830","estado_id":"20","codigo":"3550308","nome":"S\u00e3o Paulo","created_at":"2019-02-07T20:32:57.000000Z","updated_at":null,"estado":{"id":"20","codigo":"35","nome":"S\u00e3o Paulo","sigla":"SP","regiao":"Sudeste","created_at":"2019-02-07T20:32:43.000000Z","updated_at":null}},"estado":{"id":"20","codigo":"35","nome":"S\u00e3o Paulo","sigla":"SP","regiao":"Sudeste","created_at":"2019-02-07T20:32:43.000000Z","updated_at":null}},"_method":"post","pais":"Brasil","cinema_audiovisual":["9"],"jornalismo":["9"],"publicidade_propaganda":["9"],"relacoes_publicas":["1"],"producao_editorial":["11"],"radio_internet":["5"],"junior":"1","avaliador":"0"}  
[2022-03-07 20:45:57] production.INFO: Ficha Avaliador Expocom Criada ou Atualizada: {"id":"1","name":"Admin","email":"murilo@mercuriotecnologia.com.br","cpf":"123.456.789-01","telefone":"(12) 3456-789","celular":"(12) 34567-89","divisoes_tematicas":["1","8"],"divisoes_tematicas_jr":["1","8"],"instituicao_id":"4","titulacao_id":"5","enderecos":{"id":"4","cep":"04324-090","logradouro":"Avenida Barro Branco","numero":"370","complemento":"S\/N","bairro":"Vila do Encontro","municipio":{"id":"3830","estado_id":"20","codigo":"3550308","nome":"S\u00e3o Paulo","created_at":"2019-02-07T20:32:57.000000Z","updated_at":null,"estado":{"id":"20","codigo":"35","nome":"S\u00e3o Paulo","sigla":"SP","regiao":"Sudeste","created_at":"2019-02-07T20:32:43.000000Z","updated_at":null}},"estado":{"id":"20","codigo":"35","nome":"S\u00e3o Paulo","sigla":"SP","regiao":"Sudeste","created_at":"2019-02-07T20:32:43.000000Z","updated_at":null}},"_method":"post","pais":"Brasil","cinema_audiovisual":["1"],"jornalismo":["9"],"publicidade_propaganda":["9"],"relacoes_publicas":["1"],"producao_editorial":["11"],"radio_internet":["5"],"junior":"1","avaliador":"1"}  
[2022-03-07 20:46:09] production.INFO: Ficha Avaliador Expocom Criada ou Atualizada: {"id":"1","name":"Admin","email":"murilo@mercuriotecnologia.com.br","cpf":"123.456.789-01","telefone":"(12) 3456-789","celular":"(12) 34567-89","divisoes_tematicas":["1","8"],"divisoes_tematicas_jr":["1","8"],"instituicao_id":"4","titulacao_id":"5","enderecos":{"id":"4","cep":"04324-090","logradouro":"Avenida Barro Branco","numero":"370","complemento":"S\/N","bairro":"Vila do Encontro","municipio":{"id":"3830","estado_id":"20","codigo":"3550308","nome":"S\u00e3o Paulo","created_at":"2019-02-07T20:32:57.000000Z","updated_at":null,"estado":{"id":"20","codigo":"35","nome":"S\u00e3o Paulo","sigla":"SP","regiao":"Sudeste","created_at":"2019-02-07T20:32:43.000000Z","updated_at":null}},"estado":{"id":"20","codigo":"35","nome":"S\u00e3o Paulo","sigla":"SP","regiao":"Sudeste","created_at":"2019-02-07T20:32:43.000000Z","updated_at":null}},"_method":"post","pais":"Brasil","cinema_audiovisual":["1","2","3","4","9","8","7","6","5"],"jornalismo":["9"],"publicidade_propaganda":["9"],"relacoes_publicas":["1"],"producao_editorial":["11"],"radio_internet":["5"],"junior":"1","avaliador":"1"}  
[2022-03-07 21:14:29] production.INFO: Ficha Avaliador Expocom Criada ou Atualizada: {"id":"1","name":"Admin","email":"murilo@mercuriotecnologia.com.br","cpf":"123.456.789-01","telefone":"(12) 3456-789","celular":"(12) 34567-89","divisoes_tematicas":["1","8"],"divisoes_tematicas_jr":["1","8"],"instituicao_id":"4","titulacao_id":"5","enderecos":{"id":"4","cep":"04324-090","logradouro":"Avenida Barro Branco","numero":"370","complemento":"S\/N","bairro":"Vila do Encontro","municipio":{"id":"3830","estado_id":"20","codigo":"3550308","nome":"S\u00e3o Paulo","created_at":"2019-02-07T20:32:57.000000Z","updated_at":null,"estado":{"id":"20","codigo":"35","nome":"S\u00e3o Paulo","sigla":"SP","regiao":"Sudeste","created_at":"2019-02-07T20:32:43.000000Z","updated_at":null}},"estado":{"id":"20","codigo":"35","nome":"S\u00e3o Paulo","sigla":"SP","regiao":"Sudeste","created_at":"2019-02-07T20:32:43.000000Z","updated_at":null}},"_method":"post","pais":"Brasil","radio_internet":["5"],"junior":"1","avaliador":"1"}  
[2022-03-07 21:14:49] production.INFO: Ficha Avaliador Expocom Criada ou Atualizada: {"id":"1","name":"Admin","email":"murilo@mercuriotecnologia.com.br","cpf":"123.456.789-01","telefone":"(12) 3456-789","celular":"(12) 34567-89","divisoes_tematicas_jr":["8"],"instituicao_id":"4","titulacao_id":"5","enderecos":{"id":"4","cep":"04324-090","logradouro":"Avenida Barro Branco","numero":"370","complemento":"S\/N","bairro":"Vila do Encontro","municipio":{"id":"3830","estado_id":"20","codigo":"3550308","nome":"S\u00e3o Paulo","created_at":"2019-02-07T20:32:57.000000Z","updated_at":null,"estado":{"id":"20","codigo":"35","nome":"S\u00e3o Paulo","sigla":"SP","regiao":"Sudeste","created_at":"2019-02-07T20:32:43.000000Z","updated_at":null}},"estado":{"id":"20","codigo":"35","nome":"S\u00e3o Paulo","sigla":"SP","regiao":"Sudeste","created_at":"2019-02-07T20:32:43.000000Z","updated_at":null}},"_method":"post","pais":"Brasil","radio_internet":["5"],"junior":"1","avaliador":"1"}  
[2022-03-07 21:24:58] production.INFO: User: 1 | Atualizou Usuario: {"id":"1","name":"Admin","email":"murilo@mercuriotecnologia.com.br","estrangeiro":"0","anuidade2022":"1","associacao":null,"data_nascimento":"1993-04-22","orgao_expedidor":"SSP","instituicao_id":"4","titulacao_id":"5","cpf":"123.456.789-01","rg":"19.205.300-5","telefone":"(12) 3456-789","celular":"(12) 34567-89","sexo_id":"1","ativo":"1","enderecos":{"id":"4","cep":"04324-090","logradouro":"Avenida Barro Branco","numero":"370","complemento":"S\/N","bairro":"Vila do Encontro","municipio":{"id":"3830","estado_id":"20","codigo":"3550308","nome":"S\u00e3o Paulo","created_at":"2019-02-07T20:32:57.000000Z","updated_at":null,"estado":{"id":"20","codigo":"35","nome":"S\u00e3o Paulo","sigla":"SP","regiao":"Sudeste","created_at":"2019-02-07T20:32:43.000000Z","updated_at":null}},"estado":{"id":"20","codigo":"35","nome":"S\u00e3o Paulo","sigla":"SP","regiao":"Sudeste","created_at":"2019-02-07T20:32:43.000000Z","updated_at":null}},"_method":"post","metodo":"credito","passaporte":null,"pais":"Brasil"}  
[2022-03-07 21:25:13] production.INFO: User: 1 | Atualizou Usuario: {"id":"1","name":"Admin","email":"murilo@mercuriotecnologia.com.br","estrangeiro":"0","anuidade2022":"1","associacao":null,"data_nascimento":"1993-04-22","orgao_expedidor":"SSP","instituicao_id":"4","titulacao_id":"5","cpf":"123.456.789-01","rg":"19.205.300-5","telefone":"(12) 3456-789","celular":"(12) 34567-89","sexo_id":"1","ativo":"1","enderecos":{"id":"4","cep":"04324-090","logradouro":"Avenida Barro Branco","numero":"370","complemento":"S\/N","bairro":"Vila do Encontro","municipio":{"id":"3830","estado_id":"20","codigo":"3550308","nome":"S\u00e3o Paulo","created_at":"2019-02-07T20:32:57.000000Z","updated_at":null,"estado":{"id":"20","codigo":"35","nome":"S\u00e3o Paulo","sigla":"SP","regiao":"Sudeste","created_at":"2019-02-07T20:32:43.000000Z","updated_at":null}},"estado":{"id":"20","codigo":"35","nome":"S\u00e3o Paulo","sigla":"SP","regiao":"Sudeste","created_at":"2019-02-07T20:32:43.000000Z","updated_at":null}},"_method":"post","metodo":"credito","passaporte":null,"pais":"Brasil"}  
[2022-03-07 21:25:32] production.INFO: User: 1 | Atualizou Usuario: {"id":"1","name":"Admin","email":"murilo@mercuriotecnologia.com.br","estrangeiro":"0","associado":"1","associacao":null,"data_nascimento":"1993-04-22","orgao_expedidor":"SSP","instituicao_id":"4","titulacao_id":"5","cpf":"123.456.789-01","rg":"19.205.300-5","telefone":"(12) 3456-789","celular":"(12) 34567-89","sexo_id":"1","ativo":"1","enderecos":{"id":"4","cep":"04324-090","logradouro":"Avenida Barro Branco","numero":"370","complemento":"S\/N","bairro":"Vila do Encontro","municipio":{"id":"3830","estado_id":"20","codigo":"3550308","nome":"S\u00e3o Paulo","created_at":"2019-02-07T20:32:57.000000Z","updated_at":null,"estado":{"id":"20","codigo":"35","nome":"S\u00e3o Paulo","sigla":"SP","regiao":"Sudeste","created_at":"2019-02-07T20:32:43.000000Z","updated_at":null}},"estado":{"id":"20","codigo":"35","nome":"S\u00e3o Paulo","sigla":"SP","regiao":"Sudeste","created_at":"2019-02-07T20:32:43.000000Z","updated_at":null}},"_method":"post","metodo":"credito","passaporte":null,"pais":"Brasil"}  
[2022-03-07 23:15:01] production.INFO: Usuario antigo redirecionado: 1249  
[2022-03-07 23:19:44] production.INFO: Usuario antigo redirecionado: 1249  
[2022-03-07 23:28:26] production.INFO: Usuario antigo redirecionado: 1070  
[2022-03-07 23:33:37] production.INFO: User: 1070 | Atualizou Usuario: {"id":"1070","name":"ANDRE KRON MARQUES ZAPANI","email":"andrekron@gmail.com","estrangeiro":null,"passaporte":null,"data_nascimento":"0977-09-27","orgao_expedidor":null,"cpf":"201.716.938-25","rg":"0111570446","telefone":"(41) 99672-9599","celular":"(41) 9967-2959","sexo_id":"1","associado":"1","instituicao_id":"562","titulacao_id":"4","pais":"Brasil","enderecos":{"cep":"82010-490","logradouro":"Rua Andr\u00e9 Z\u00edlio","bairro":"Santo In\u00e1cio","estado":{"nome":"Paran\u00e1","sigla":"PR","id":"21"},"municipio":{"nome":"Curitiba","id":"4006"},"id":null,"numero":"143","complemento":"casa16","deleted":"false"},"_method":"post"}  
[2022-03-07 23:39:00] production.INFO: User: 1249 | Atualizou Usuario: {"id":"1249","name":"PAULO VITOR GIRALDI PIRES","email":"paulogiraldi2@gmail.com","estrangeiro":null,"passaporte":null,"data_nascimento":"1986-12-25","orgao_expedidor":null,"cpf":"352.499.348-62","rg":"431927297","telefone":"(99) 10870-69","celular":"(96) 9108-7069","sexo_id":"1","associado":"1","instituicao_id":"552","titulacao_id":"4","pais":"Brasil","enderecos":{"cep":"68900-030","logradouro":"Avenida Padre J\u00falio Maria Lombaerd","bairro":"Central","estado":{"nome":"Amap\u00e1","sigla":"AP","id":"6"},"municipio":{"nome":"Macap\u00e1","id":"304"},"id":null,"numero":"48","complemento":"Avenida","deleted":"false"},"_method":"post"}  
[2022-03-07 23:47:00] production.INFO: User: 1 | Atualizou Usuario: {"id":"1","name":"Admin","email":"murilo@mercuriotecnologia.com.br","estrangeiro":"0","anuidade2022":"1","associacao":null,"data_nascimento":"1993-04-22","orgao_expedidor":"SSP","instituicao_id":"4","titulacao_id":"5","cpf":"123.456.789-01","rg":"19.205.300-5","telefone":"(12) 3456-789","celular":"(12) 34567-89","sexo_id":"1","ativo":"1","enderecos":{"id":"4","cep":"04324-090","logradouro":"Avenida Barro Branco","numero":"370","complemento":"S\/N","bairro":"Vila do Encontro","municipio":{"id":"3830","estado_id":"20","codigo":"3550308","nome":"S\u00e3o Paulo","created_at":"2019-02-07T20:32:57.000000Z","updated_at":null,"estado":{"id":"20","codigo":"35","nome":"S\u00e3o Paulo","sigla":"SP","regiao":"Sudeste","created_at":"2019-02-07T20:32:43.000000Z","updated_at":null}},"estado":{"id":"20","codigo":"35","nome":"S\u00e3o Paulo","sigla":"SP","regiao":"Sudeste","created_at":"2019-02-07T20:32:43.000000Z","updated_at":null}},"_method":"post","metodo":"credito","passaporte":null,"pais":"Brasil"}  
