[2022-03-11 07:46:48] production.INFO: RETORNO | request{"notificationCode":"C728F9-6D0A2A0A2A24-56643C3F998C-F5BF2B","notificationType":"transaction"}  
[2022-03-11 07:46:48] production.INFO: RETORNO | URL de retorno do pagseguro"https:\/\/ws.pagseguro.uol.com.br\/v2\/transactions\/notifications\/C728F9-6D0A2A0A2A24-56643C3F998C-F5BF2B?email=secretaria@intercom.org.br&token=93d9cf0c-7c9e-49cf-92a4-7a6c7c8b840c4909c78b4f88851a95640db2db8a4b9c7948-263a-490e-bfe0-f79e37aeb7f7"  
[2022-03-11 07:46:49] production.INFO: RETORNO | Pagamento atualizado com sucesso{"id":16,"status_id":{"0":"3"},"updated_at":"2022-03-11T07:46:49.000000Z"}  
[2022-03-11 07:46:53] production.INFO: RETORNO | Erro ao receber retorno do pagseguro  
[2022-03-11 12:30:34] production.INFO: Usuario antigo redirecionado: 49  
[2022-03-11 12:33:49] production.INFO: User: 49 | Atualizou Usuario: {"id":"49","name":"JULIANE MARTINS","email":"juliane_martins@zipmail.com.br","estrangeiro":"0","anuidade2022":"1","associacao":null,"data_nascimento":"1979-09-14","orgao_expedidor":"SSPPR","instituicao_id":"562","titulacao_id":"4","cpf":"006.091.559-54","rg":"66886395","telefone":"(","celular":"(41) 99683-6093","sexo_id":"2","ativo":"1","enderecos":{"cep":"80610-240","logradouro":"Rua \u00c1lvaro Andrade","bairro":"Port\u00e3o","estado":{"nome":"Paran\u00e1","sigla":"PR","id":"21"},"municipio":{"nome":"Curitiba","id":"4006"},"id":null,"numero":"225","complemento":"ap 2021","deleted":"false"},"_method":"post","metodo":"credito","passaporte":null,"pais":"Brasil"}  
[2022-03-11 12:33:53] production.INFO: User: 49 | Atualizou Usuario: {"id":"49","name":"JULIANE MARTINS","email":"juliane_martins@zipmail.com.br","estrangeiro":"0","anuidade2022":"1","associacao":null,"data_nascimento":"1979-09-14","orgao_expedidor":"SSPPR","instituicao_id":"562","titulacao_id":"4","cpf":"006.091.559-54","rg":"66886395","telefone":"(","celular":"(41) 99683-6093","sexo_id":"2","ativo":"1","enderecos":{"cep":"80610-240","logradouro":"Rua \u00c1lvaro Andrade","bairro":"Port\u00e3o","estado":{"nome":"Paran\u00e1","sigla":"PR","id":"21"},"municipio":{"nome":"Curitiba","id":"4006"},"id":null,"numero":"225","complemento":"ap 2021","deleted":"false"},"_method":"post","metodo":"credito","passaporte":null,"pais":"Brasil"}  
[2022-03-11 12:34:01] production.INFO: Pagamento anuidade boleto | Dados do Usuario salvo: {"id":49,"name":"JULIANE MARTINS","email":"juliane_martins@zipmail.com.br","estrangeiro":null,"passaporte":null,"cpf":"006.091.559-54","data_nascimento":"1979-09-14","rg":"66886395","orgao_expedidor":"SSPPR","telefone":"(","celular":"(41) 99683-6093","sexo_id":"2","email_verified_at":null,"ativo":"1","created_at":"2022-03-04T15:19:32.000000Z","updated_at":"2022-03-11T12:33:49.000000Z","deleted_at":null,"is_root":false,"is_admin":false,"is_user":true,"is_associado":true,"anuidade_2022":false}  
[2022-03-11 12:34:01] production.INFO: Pagamento anuidade boleto | Anuidade atualizada : {"id":48,"user_id":49,"numero_socio":"2865","anuidade":"2022","isencao":null,"instituicao_id":562,"titulacao_id":4,"divisao_tematica":null,"obs_isentamos":null,"created_at":"2022-03-04T15:19:32.000000Z","updated_at":"2022-03-11T12:34:01.000000Z","deleted_at":null}  
[2022-03-11 12:34:01] production.INFO: Pagamento anuidade boleto | Venda efetuada  com sucesso{"user_id":49,"updated_at":"2022-03-11T12:34:01.000000Z","created_at":"2022-03-11T12:34:01.000000Z","id":21}  
[2022-03-11 12:34:01] production.INFO: Pagamento anuidade boleto | Venda de  item efetuado com sucesso{"venda_id":21,"produto_id":2,"qtd":"1","valor":230,"valor_total":230,"updated_at":"2022-03-11T12:34:01.000000Z","created_at":"2022-03-11T12:34:01.000000Z","id":21}  
[2022-03-11 12:34:04] production.INFO: RETORNO | request{"notificationCode":"C62B1E-1D69B569B5BD-4DD4253FB015-EEB316","notificationType":"transaction"}  
[2022-03-11 12:34:04] production.INFO: RETORNO | URL de retorno do pagseguro"https:\/\/ws.pagseguro.uol.com.br\/v2\/transactions\/notifications\/C62B1E-1D69B569B5BD-4DD4253FB015-EEB316?email=secretaria@intercom.org.br&token=93d9cf0c-7c9e-49cf-92a4-7a6c7c8b840c4909c78b4f88851a95640db2db8a4b9c7948-263a-490e-bfe0-f79e37aeb7f7"  
[2022-03-11 12:34:04] production.ERROR: Call to a member function update() on null {"exception":"[object] (Error(code: 0): Call to a member function update() on null at /home/sistemas/www/sistema/app/Http/Controllers/PagSeguroController.php:942)
[stacktrace]
#0 /home/sistemas/www/sistema/vendor/laravel/framework/src/Illuminate/Routing/Controller.php(54): App\\Http\\Controllers\\PagSeguroController->retorno(Object(Illuminate\\Http\\Request))
#1 /home/sistemas/www/sistema/vendor/laravel/framework/src/Illuminate/Routing/ControllerDispatcher.php(45): Illuminate\\Routing\\Controller->callAction('retorno', Array)
#2 /home/sistemas/www/sistema/vendor/laravel/framework/src/Illuminate/Routing/Route.php(262): Illuminate\\Routing\\ControllerDispatcher->dispatch(Object(Illuminate\\Routing\\Route), Object(App\\Http\\Controllers\\PagSeguroController), 'retorno')
#3 /home/sistemas/www/sistema/vendor/laravel/framework/src/Illuminate/Routing/Route.php(205): Illuminate\\Routing\\Route->runController()
#4 /home/sistemas/www/sistema/vendor/laravel/framework/src/Illuminate/Routing/Router.php(721): Illuminate\\Routing\\Route->run()
#5 /home/sistemas/www/sistema/vendor/laravel/framework/src/Illuminate/Pipeline/Pipeline.php(128): Illuminate\\Routing\\Router->Illuminate\\Routing\\{closure}(Object(Illuminate\\Http\\Request))
#6 /home/sistemas/www/sistema/vendor/laravel/framework/src/Illuminate/Routing/Middleware/SubstituteBindings.php(50): Illuminate\\Pipeline\\Pipeline->Illuminate\\Pipeline\\{closure}(Object(Illuminate\\Http\\Request))
#7 /home/sistemas/www/sistema/vendor/laravel/framework/src/Illuminate/Pipeline/Pipeline.php(167): Illuminate\\Routing\\Middleware\\SubstituteBindings->handle(Object(Illuminate\\Http\\Request), Object(Closure))
#8 /home/sistemas/www/sistema/vendor/laravel/framework/src/Illuminate/Routing/Middleware/ThrottleRequests.php(127): Illuminate\\Pipeline\\Pipeline->Illuminate\\Pipeline\\{closure}(Object(Illuminate\\Http\\Request))
#9 /home/sistemas/www/sistema/vendor/laravel/framework/src/Illuminate/Routing/Middleware/ThrottleRequests.php(103): Illuminate\\Routing\\Middleware\\ThrottleRequests->handleRequest(Object(Illuminate\\Http\\Request), Object(Closure), Array)
#10 /home/sistemas/www/sistema/vendor/laravel/framework/src/Illuminate/Routing/Middleware/ThrottleRequests.php(55): Illuminate\\Routing\\Middleware\\ThrottleRequests->handleRequestUsingNamedLimiter(Object(Illuminate\\Http\\Request), Object(Closure), 'api', Object(Closure))
#11 /home/sistemas/www/sistema/vendor/laravel/framework/src/Illuminate/Pipeline/Pipeline.php(167): Illuminate\\Routing\\Middleware\\ThrottleRequests->handle(Object(Illuminate\\Http\\Request), Object(Closure), 'api')
#12 /home/sistemas/www/sistema/vendor/laravel/framework/src/Illuminate/Pipeline/Pipeline.php(103): Illuminate\\Pipeline\\Pipeline->Illuminate\\Pipeline\\{closure}(Object(Illuminate\\Http\\Request))
#13 /home/sistemas/www/sistema/vendor/laravel/framework/src/Illuminate/Routing/Router.php(723): Illuminate\\Pipeline\\Pipeline->then(Object(Closure))
#14 /home/sistemas/www/sistema/vendor/laravel/framework/src/Illuminate/Routing/Router.php(698): Illuminate\\Routing\\Router->runRouteWithinStack(Object(Illuminate\\Routing\\Route), Object(Illuminate\\Http\\Request))
#15 /home/sistemas/www/sistema/vendor/laravel/framework/src/Illuminate/Routing/Router.php(662): Illuminate\\Routing\\Router->runRoute(Object(Illuminate\\Http\\Request), Object(Illuminate\\Routing\\Route))
#16 /home/sistemas/www/sistema/vendor/laravel/framework/src/Illuminate/Routing/Router.php(651): Illuminate\\Routing\\Router->dispatchToRoute(Object(Illuminate\\Http\\Request))
#17 /home/sistemas/www/sistema/vendor/laravel/framework/src/Illuminate/Foundation/Http/Kernel.php(167): Illuminate\\Routing\\Router->dispatch(Object(Illuminate\\Http\\Request))
#18 /home/sistemas/www/sistema/vendor/laravel/framework/src/Illuminate/Pipeline/Pipeline.php(128): Illuminate\\Foundation\\Http\\Kernel->Illuminate\\Foundation\\Http\\{closure}(Object(Illuminate\\Http\\Request))
#19 /home/sistemas/www/sistema/vendor/laravel/framework/src/Illuminate/Foundation/Http/Middleware/TransformsRequest.php(21): Illuminate\\Pipeline\\Pipeline->Illuminate\\Pipeline\\{closure}(Object(Illuminate\\Http\\Request))
#20 /home/sistemas/www/sistema/vendor/laravel/framework/src/Illuminate/Foundation/Http/Middleware/ConvertEmptyStringsToNull.php(31): Illuminate\\Foundation\\Http\\Middleware\\TransformsRequest->handle(Object(Illuminate\\Http\\Request), Object(Closure))
#21 /home/sistemas/www/sistema/vendor/laravel/framework/src/Illuminate/Pipeline/Pipeline.php(167): Illuminate\\Foundation\\Http\\Middleware\\ConvertEmptyStringsToNull->handle(Object(Illuminate\\Http\\Request), Object(Closure))
#22 /home/sistemas/www/sistema/vendor/laravel/framework/src/Illuminate/Foundation/Http/Middleware/TransformsRequest.php(21): Illuminate\\Pipeline\\Pipeline->Illuminate\\Pipeline\\{closure}(Object(Illuminate\\Http\\Request))
#23 /home/sistemas/www/sistema/vendor/laravel/framework/src/Illuminate/Foundation/Http/Middleware/TrimStrings.php(40): Illuminate\\Foundation\\Http\\Middleware\\TransformsRequest->handle(Object(Illuminate\\Http\\Request), Object(Closure))
#24 /home/sistemas/www/sistema/vendor/laravel/framework/src/Illuminate/Pipeline/Pipeline.php(167): Illuminate\\Foundation\\Http\\Middleware\\TrimStrings->handle(Object(Illuminate\\Http\\Request), Object(Closure))
#25 /home/sistemas/www/sistema/vendor/laravel/framework/src/Illuminate/Foundation/Http/Middleware/ValidatePostSize.php(27): Illuminate\\Pipeline\\Pipeline->Illuminate\\Pipeline\\{closure}(Object(Illuminate\\Http\\Request))
#26 /home/sistemas/www/sistema/vendor/laravel/framework/src/Illuminate/Pipeline/Pipeline.php(167): Illuminate\\Foundation\\Http\\Middleware\\ValidatePostSize->handle(Object(Illuminate\\Http\\Request), Object(Closure))
#27 /home/sistemas/www/sistema/vendor/laravel/framework/src/Illuminate/Foundation/Http/Middleware/PreventRequestsDuringMaintenance.php(86): Illuminate\\Pipeline\\Pipeline->Illuminate\\Pipeline\\{closure}(Object(Illuminate\\Http\\Request))
#28 /home/sistemas/www/sistema/vendor/laravel/framework/src/Illuminate/Pipeline/Pipeline.php(167): Illuminate\\Foundation\\Http\\Middleware\\PreventRequestsDuringMaintenance->handle(Object(Illuminate\\Http\\Request), Object(Closure))
#29 /home/sistemas/www/sistema/vendor/fruitcake/laravel-cors/src/HandleCors.php(52): Illuminate\\Pipeline\\Pipeline->Illuminate\\Pipeline\\{closure}(Object(Illuminate\\Http\\Request))
#30 /home/sistemas/www/sistema/vendor/laravel/framework/src/Illuminate/Pipeline/Pipeline.php(167): Fruitcake\\Cors\\HandleCors->handle(Object(Illuminate\\Http\\Request), Object(Closure))
#31 /home/sistemas/www/sistema/vendor/laravel/framework/src/Illuminate/Http/Middleware/TrustProxies.php(39): Illuminate\\Pipeline\\Pipeline->Illuminate\\Pipeline\\{closure}(Object(Illuminate\\Http\\Request))
#32 /home/sistemas/www/sistema/vendor/laravel/framework/src/Illuminate/Pipeline/Pipeline.php(167): Illuminate\\Http\\Middleware\\TrustProxies->handle(Object(Illuminate\\Http\\Request), Object(Closure))
#33 /home/sistemas/www/sistema/vendor/laravel/framework/src/Illuminate/Pipeline/Pipeline.php(103): Illuminate\\Pipeline\\Pipeline->Illuminate\\Pipeline\\{closure}(Object(Illuminate\\Http\\Request))
#34 /home/sistemas/www/sistema/vendor/laravel/framework/src/Illuminate/Foundation/Http/Kernel.php(142): Illuminate\\Pipeline\\Pipeline->then(Object(Closure))
#35 /home/sistemas/www/sistema/vendor/laravel/framework/src/Illuminate/Foundation/Http/Kernel.php(111): Illuminate\\Foundation\\Http\\Kernel->sendRequestThroughRouter(Object(Illuminate\\Http\\Request))
#36 /home/sistemas/www/index.php(52): Illuminate\\Foundation\\Http\\Kernel->handle(Object(Illuminate\\Http\\Request))
#37 {main}
"} 
[2022-03-11 12:34:04] production.INFO: Pagamento anuidade boleto | Pagamento efetuado{"date":"2022-03-11T09:34:02.000-03:00","code":"CD96B341-0A59-43E9-A497-CBB6F1A4E192","reference":"21","type":"1","status":"1","lastEventDate":"2022-03-11T09:34:03.000-03:00","paymentMethod":{"type":"2","code":"202"},"paymentLink":"https:\/\/pagseguro.uol.com.br\/checkout\/payment\/booklet\/print.jhtml?c=ab06b497eb0ff02ef01c88cc87b53eaf9c43f9c5a5625e70658e64b57c6c4e3c44174e354950b0e4","grossAmount":"230.00","discountAmount":"0.00","feeAmount":"11.83","netAmount":"217.17","extraAmount":"0.00","installmentCount":"1","itemCount":"1","items":{"item":{"id":"21","description":"Anuidade 2022","quantity":"1","amount":"230.00"}},"sender":{"name":"JULIANE MARTINS","email":"juliane_martins@zipmail.com.br","phone":{"areaCode":"41","number":"996836093"}}}  
[2022-03-11 12:34:04] production.INFO: Pagamento anuidade boleto | Pagamento efetuado com sucesso{"tipo_pgto_detalhe":{"0":"202"},"transacao":{"0":"CD96B341-0A59-43E9-A497-CBB6F1A4E192"},"parcelas":1,"valor_parcela":230,"valor_total":230,"valor_juros":0,"valor_receber":217.169999999999987494447850622236728668212890625,"venda_id":21,"tipo_pagto_id":2,"status_id":1,"user_id":49,"updated_at":"2022-03-11T12:34:04.000000Z","created_at":"2022-03-11T12:34:04.000000Z","id":21}  
[2022-03-11 12:34:09] production.INFO: RETORNO | Erro ao receber retorno do pagseguro{"VendedorEmail":"secretaria@intercom.org.br","TransacaoID":"CD96B3410A5943E9A497CBB6F1A4E192","Referencia":"21","Extras":"0,00","TipoFrete":"FR","ValorFrete":"0,00","Anotacao":null,"DataTransacao":"11\/03\/2022 09:34:02","TipoPagamento":"Boleto","StatusTransacao":"Aguardando Pagto","CliNome":"JULIANE MARTINS","CliEmail":"juliane_martins@zipmail.com.br","CliEndereco":null,"CliNumero":null,"CliComplemento":null,"CliBairro":null,"CliCidade":null,"CliEstado":null,"CliCEP":null,"CliTelefone":"41 996836093","NumItens":"1","Parcelas":"1","ProdID_1":"21","ProdDescricao_1":"Anuidade 2022","ProdValor_1":"230,00","ProdQuantidade_1":"1","ProdFrete_1":"0,00","ProdExtras_1":"0,00"}  
[2022-03-11 14:26:09] production.INFO: Usuario antigo redirecionado: 1386  
[2022-03-11 14:26:22] production.INFO: Usuario antigo redirecionado: 1386  
[2022-03-11 14:28:10] production.INFO: Usuario antigo redirecionado: 1386  
[2022-03-11 15:35:53] production.INFO: Cadastro de usuario: {"id":null,"name":"teste","email":"carmobarbosa99@gmail.com","password":"$2y$10$c7lfNB\/aWL0exQo.lkhSZ.uoTVACTNTZ1plRTxRpgkD0kkhoNYuVW","estrangeiro":"0","associado":"0","cpf":"077.003.178-10","rg":null,"todos_tipos_id":[4],"ativo":"1","_method":"post"}  
[2022-03-11 15:35:54] production.INFO: E-mail enviado apos o cadastro para : com o email: "carmobarbosa99@gmail.com"  
[2022-03-11 15:47:29] production.INFO: User: 1850 | Atualizou Usuario: {"id":"1850","name":"Murilo Carvalho","email":"murilocarvalho2204@gmail.com","estrangeiro":"0","anuidade2022":"1","associacao":null,"data_nascimento":"1993-04-22","orgao_expedidor":"SSP","instituicao_id":"17","titulacao_id":"5","cpf":"440.205.928-37","rg":"49.205.300-5","telefone":"(11) 9413-0220","celular":"(11) 11111-1111","sexo_id":"2","ativo":"1","enderecos":{"id":"3","cep":"01153-000","logradouro":"Rua Vitorino Carmilo","numero":"0","complemento":"S\/N","bairro":"Centro","municipio":{"id":"1","estado_id":"1","codigo":"1100015","nome":"Alta Floresta D'Oeste","created_at":"2019-02-07T20:32:57.000000Z","updated_at":null,"estado":{"id":"1","codigo":"11","nome":"Rond\u00f4nia","sigla":"RO","regiao":"Norte","created_at":"2019-02-07T20:32:43.000000Z","updated_at":null}},"estado":{"id":"1","codigo":"11","nome":"Rond\u00f4nia","sigla":"RO","regiao":"Norte","created_at":"2019-02-07T20:32:43.000000Z","updated_at":null}},"_method":"post","metodo":"credito","passaporte":null,"pais":"Brasil"}  
[2022-03-11 15:47:37] production.INFO: User: 1850 | Atualizou Usuario: {"id":"1850","name":"Murilo Carvalho","email":"murilocarvalho2204@gmail.com","estrangeiro":"0","anuidade2022":"1","associacao":null,"data_nascimento":"1993-04-22","orgao_expedidor":"SSP","instituicao_id":"17","titulacao_id":"5","cpf":"440.205.928-37","rg":"49.205.300-5","telefone":"(11) 9413-0220","celular":"(11) 11111-1111","sexo_id":"2","ativo":"1","enderecos":{"id":"3","cep":"01153-000","logradouro":"Rua Vitorino Carmilo","numero":"0","complemento":"S\/N","bairro":"Centro","municipio":{"id":"1","estado_id":"1","codigo":"1100015","nome":"Alta Floresta D'Oeste","created_at":"2019-02-07T20:32:57.000000Z","updated_at":null,"estado":{"id":"1","codigo":"11","nome":"Rond\u00f4nia","sigla":"RO","regiao":"Norte","created_at":"2019-02-07T20:32:43.000000Z","updated_at":null}},"estado":{"id":"1","codigo":"11","nome":"Rond\u00f4nia","sigla":"RO","regiao":"Norte","created_at":"2019-02-07T20:32:43.000000Z","updated_at":null}},"_method":"post","metodo":"credito","passaporte":null,"pais":"Brasil"}  
[2022-03-11 15:49:02] production.INFO: User: 1855 | Atualizou Usuario: {"id":"1855","name":"teste","email":"carmobarbosa99@gmail.com","estrangeiro":"0","associado":"1","associacao":null,"data_nascimento":"1964-09-15","orgao_expedidor":"SSP\/SP","instituicao_id":"475","titulacao_id":"6","cpf":"077.003.178-10","rg":"70241203","telefone":"(11) 4612-1614","celular":"(11) 98218-7588","sexo_id":"1","ativo":"1","enderecos":{"cep":"06714-200","logradouro":"Rua Jos\u00e9 de Andrade","bairro":"Parque Alexandre","estado":{"nome":"S\u00e3o Paulo","sigla":"SP","id":"20"},"municipio":{"nome":"Cotia","id":"3412"},"id":null,"numero":"433","complemento":"XXX","deleted":"false"},"_method":"post","metodo":"credito","passaporte":null,"pais":"Brasil"}  
[2022-03-11 15:49:06] production.INFO: User: 1855 | Atualizou Usuario: {"id":"1855","name":"teste","email":"carmobarbosa99@gmail.com","estrangeiro":"0","associado":"1","associacao":null,"data_nascimento":"1964-09-15","orgao_expedidor":"SSP\/SP","instituicao_id":"475","titulacao_id":"6","cpf":"077.003.178-10","rg":"70241203","telefone":"(11) 4612-1614","celular":"(11) 98218-7588","sexo_id":"1","ativo":"1","enderecos":{"cep":"06714-200","logradouro":"Rua Jos\u00e9 de Andrade","bairro":"Parque Alexandre","estado":{"nome":"S\u00e3o Paulo","sigla":"SP","id":"20"},"municipio":{"nome":"Cotia","id":"3412"},"id":null,"numero":"433","complemento":"XXX","deleted":"false"},"_method":"post","metodo":"credito","passaporte":null,"pais":"Brasil"}  
[2022-03-11 16:51:56] production.INFO: Usuario antigo redirecionado: 214  
[2022-03-11 16:54:22] production.INFO: User: 214 | Atualizou Usuario: {"id":"214","name":"JOS\u00c9 GUIBSON DELGADO DANTAS","email":"guibsondantas@hotmail.com","estrangeiro":null,"passaporte":null,"data_nascimento":"1977-02-03","orgao_expedidor":null,"cpf":"023.560.224-81","rg":"4600544","telefone":"(51) 99191-0191","celular":"(51) 9919-1019","sexo_id":"1","associado":"1","instituicao_id":"568","titulacao_id":"4","pais":"Brasil","enderecos":{"cep":"90670-020","logradouro":"Rua E\u00e7a de Queiroz","bairro":"Petr\u00f3polis","estado":{"nome":"Rio Grande do Sul","sigla":"RS","id":"23"},"municipio":{"nome":"Porto Alegre","id":"4932"},"id":null,"numero":"910","complemento":"apto 301","deleted":"false"},"_method":"post"}  
[2022-03-11 16:54:48] production.INFO: User: 214 | Atualizou Usuario: {"id":"214","name":"JOS\u00c9 GUIBSON DELGADO DANTAS","email":"guibsondantas@hotmail.com","estrangeiro":"0","anuidade2022":"1","associacao":null,"data_nascimento":"1977-02-03","orgao_expedidor":"SDS-PE","instituicao_id":"568","titulacao_id":"4","cpf":"023.560.224-81","rg":"4600544","telefone":"(51) 9919-1019","celular":"(51) 99191-019","sexo_id":"1","ativo":"1","enderecos":{"id":"18","cep":"90670-020","logradouro":"Rua E\u00e7a de Queiroz","numero":"910","complemento":"apto 301","bairro":"Petr\u00f3polis","municipio":{"id":"4932","estado_id":"23","codigo":"4314902","nome":"Porto Alegre","created_at":"2019-02-07T20:32:57.000000Z","updated_at":null,"estado":{"id":"23","codigo":"43","nome":"Rio Grande do Sul","sigla":"RS","regiao":"Sul","created_at":"2019-02-07T20:32:43.000000Z","updated_at":null}},"estado":{"id":"23","codigo":"43","nome":"Rio Grande do Sul","sigla":"RS","regiao":"Sul","created_at":"2019-02-07T20:32:43.000000Z","updated_at":null}},"_method":"post","metodo":"credito","passaporte":null,"pais":"Brasil"}  
[2022-03-11 16:54:52] production.INFO: User: 214 | Atualizou Usuario: {"id":"214","name":"JOS\u00c9 GUIBSON DELGADO DANTAS","email":"guibsondantas@hotmail.com","estrangeiro":"0","anuidade2022":"1","associacao":null,"data_nascimento":"1977-02-03","orgao_expedidor":"SDS-PE","instituicao_id":"568","titulacao_id":"4","cpf":"023.560.224-81","rg":"4600544","telefone":"(51) 9919-1019","celular":"(51) 99191-019","sexo_id":"1","ativo":"1","enderecos":{"id":"18","cep":"90670-020","logradouro":"Rua E\u00e7a de Queiroz","numero":"910","complemento":"apto 301","bairro":"Petr\u00f3polis","municipio":{"id":"4932","estado_id":"23","codigo":"4314902","nome":"Porto Alegre","created_at":"2019-02-07T20:32:57.000000Z","updated_at":null,"estado":{"id":"23","codigo":"43","nome":"Rio Grande do Sul","sigla":"RS","regiao":"Sul","created_at":"2019-02-07T20:32:43.000000Z","updated_at":null}},"estado":{"id":"23","codigo":"43","nome":"Rio Grande do Sul","sigla":"RS","regiao":"Sul","created_at":"2019-02-07T20:32:43.000000Z","updated_at":null}},"_method":"post","metodo":"credito","passaporte":null,"pais":"Brasil"}  
[2022-03-11 16:55:41] production.INFO: Pagamento anuidade credito | Dados do Usuario salvo: {"id":214,"name":"JOS\u00c9 GUIBSON DELGADO DANTAS","email":"guibsondantas@hotmail.com","estrangeiro":null,"passaporte":null,"cpf":"023.560.224-81","data_nascimento":"1977-02-03","rg":"4600544","orgao_expedidor":"SDS-PE","telefone":"(51) 9919-1019","celular":"(51) 99191-019","sexo_id":"1","email_verified_at":null,"ativo":"1","created_at":"2022-03-04T15:19:51.000000Z","updated_at":"2022-03-11T16:54:48.000000Z","deleted_at":null,"is_root":false,"is_admin":false,"is_user":true,"is_associado":true,"anuidade_2022":false}  
[2022-03-11 16:55:41] production.INFO: Pagamento anuidade credito | Associado atualizado : {"id":213,"user_id":214,"numero_socio":"1581","anuidade":"2022","isencao":null,"instituicao_id":568,"titulacao_id":4,"divisao_tematica":null,"obs_isentamos":null,"created_at":"2022-03-04T15:19:51.000000Z","updated_at":"2022-03-11T16:55:41.000000Z","deleted_at":null}  
[2022-03-11 16:55:41] production.INFO: Pagamento anuidade credito | Venda efetuada  com sucesso{"user_id":214,"updated_at":"2022-03-11T16:55:41.000000Z","created_at":"2022-03-11T16:55:41.000000Z","id":22}  
[2022-03-11 16:55:42] production.INFO: Pagamento anuidade credito | Venda de  item efetuado com sucesso{"venda_id":22,"produto_id":2,"qtd":"1","valor":230,"valor_total":230,"updated_at":"2022-03-11T16:55:41.000000Z","created_at":"2022-03-11T16:55:41.000000Z","id":22}  
[2022-03-11 16:55:42] production.INFO: Pagamento anuidade credito | Dados para pagamento enviados ao PagSeguro{"email":"secretaria@intercom.org.br","token":"93d9cf0c-7c9e-49cf-92a4-7a6c7c8b840c4909c78b4f88851a95640db2db8a4b9c7948-263a-490e-bfe0-f79e37aeb7f7","receiverEmail":"secretaria@intercom.org.br","notificationURL":"https:\/\/www.sistemas.intercom.org.br\/api\/pagseguro\/retorno","billingAddressCountry":"Brasil","paymentMode":"default","paymentMethod":"creditCard","creditCardToken":"78f55b1921904172880b55d1a96dcb82","senderHash":"bf2f24388ff0b11c1e35f140a8a5cc33de184fbc00c7578006b543ec06663f6b","installmentQuantity":"1","installmentValue":"230.00","extraAmount":"0.00","creditCardHolderName":"JOS\u00c9 GUIBSON DELGADO DANTAS","creditCardHolderCPF":"02356022481","creditCardHolderBirthDate":"01\/01\/2000","creditCardHolderAreaCode":"51","creditCardHolderPhone":"99191019","billingAddressStreet":"Rua E\u00e7a de Queiroz","billingAddressNumber":910,"billingAddressComplement":"","billingAddressDistrict":"Petr\u00f3polis","billingAddressPostalCode":"90670-020","billingAddressCity":"Porto Alegre","billingAddressState":"SP","shippingAddressRequired":false,"currency":"BRL","itemId1":22,"itemDescription1":"Anuidade 2022","itemAmount1":"230.00","itemQuantity1":1,"reference":22,"senderName":"JOS\u00c9 GUIBSON DELGADO DANTAS","senderCPF":"02356022481","senderAreaCode":"51","senderPhone":"99191019","senderEmail":"guibsondantas@hotmail.com"}  
[2022-03-11 16:55:49] production.INFO: Pagamento anuidade credito | Pagamento efetuado{"date":"2022-03-11T13:55:46.000-03:00","code":"F0D1D25A-656C-4832-BADC-E0ED3F8CD5C0","reference":"22","type":"1","status":"1","lastEventDate":"2022-03-11T13:55:46.000-03:00","paymentMethod":{"type":"1","code":"101"},"grossAmount":"230.00","discountAmount":"0.00","feeAmount":"11.88","netAmount":"218.12","extraAmount":"0.00","installmentCount":"1","itemCount":"1","items":{"item":{"id":"22","description":"Anuidade 2022","quantity":"1","amount":"230.00"}},"sender":{"name":"JOS\u00c9 GUIBSON DELGADO DANTAS","email":"guibsondantas@hotmail.com","phone":{"areaCode":"51","number":"99191019"}}}  
[2022-03-11 16:55:49] production.INFO: Pagamento anuidade credito | Pagamento efetuado com sucesso{"tipo_pgto_detalhe":{"0":"101"},"transacao":{"0":"F0D1D25A-656C-4832-BADC-E0ED3F8CD5C0"},"parcelas":1,"valor_parcela":230,"valor_total":230,"valor_juros":0,"valor_receber":218.1200000000000045474735088646411895751953125,"venda_id":22,"tipo_pagto_id":1,"status_id":1,"user_id":214,"updated_at":"2022-03-11T16:55:49.000000Z","created_at":"2022-03-11T16:55:49.000000Z","id":22}  
[2022-03-11 16:55:51] production.INFO: RETORNO | request{"notificationCode":"71B09F-3E0BD20BD252-4FF4E28F8E72-BB7118","notificationType":"transaction"}  
[2022-03-11 16:55:51] production.INFO: RETORNO | URL de retorno do pagseguro"https:\/\/ws.pagseguro.uol.com.br\/v2\/transactions\/notifications\/71B09F-3E0BD20BD252-4FF4E28F8E72-BB7118?email=secretaria@intercom.org.br&token=93d9cf0c-7c9e-49cf-92a4-7a6c7c8b840c4909c78b4f88851a95640db2db8a4b9c7948-263a-490e-bfe0-f79e37aeb7f7"  
[2022-03-11 16:55:51] production.INFO: RETORNO | Pagamento atualizado com sucesso{"id":22,"status_id":{"0":"7"},"updated_at":"2022-03-11T16:55:51.000000Z"}  
[2022-03-11 16:55:56] production.INFO: RETORNO | Erro ao receber retorno do pagseguro  
[2022-03-11 16:57:37] production.INFO: User: 214 | Atualizou Usuario: {"id":"214","name":"JOS\u00c9 GUIBSON DELGADO DANTAS","email":"guibsondantas@hotmail.com","estrangeiro":"0","anuidade2022":"1","associacao":null,"data_nascimento":"1977-02-03","orgao_expedidor":"SDS-PE","instituicao_id":"568","titulacao_id":"4","cpf":"023.560.224-81","rg":"4600544","telefone":"(51) 9919-1019","celular":"(51) 99191-019","sexo_id":"1","ativo":"1","enderecos":{"id":"18","cep":"90670-020","logradouro":"Rua E\u00e7a de Queiroz","numero":"910","complemento":"apto 301","bairro":"Petr\u00f3polis","municipio":{"id":"4932","estado_id":"23","codigo":"4314902","nome":"Porto Alegre","created_at":"2019-02-07T20:32:57.000000Z","updated_at":null,"estado":{"id":"23","codigo":"43","nome":"Rio Grande do Sul","sigla":"RS","regiao":"Sul","created_at":"2019-02-07T20:32:43.000000Z","updated_at":null}},"estado":{"id":"23","codigo":"43","nome":"Rio Grande do Sul","sigla":"RS","regiao":"Sul","created_at":"2019-02-07T20:32:43.000000Z","updated_at":null}},"_method":"post","metodo":"credito","passaporte":null,"pais":"Brasil"}  
[2022-03-11 16:58:39] production.INFO: Pagamento anuidade boleto | Dados do Usuario salvo: {"id":214,"name":"JOS\u00c9 GUIBSON DELGADO DANTAS","email":"guibsondantas@hotmail.com","estrangeiro":null,"passaporte":null,"cpf":"023.560.224-81","data_nascimento":"1977-02-03","rg":"4600544","orgao_expedidor":"SDS-PE","telefone":"(51) 9919-1019","celular":"(51) 99191-019","sexo_id":"1","email_verified_at":null,"ativo":"1","created_at":"2022-03-04T15:19:51.000000Z","updated_at":"2022-03-11T16:54:48.000000Z","deleted_at":null,"is_root":false,"is_admin":false,"is_user":true,"is_associado":true,"anuidade_2022":false}  
[2022-03-11 16:58:39] production.INFO: Pagamento anuidade boleto | Anuidade atualizada : {"id":213,"user_id":214,"numero_socio":"1581","anuidade":"2022","isencao":null,"instituicao_id":568,"titulacao_id":4,"divisao_tematica":null,"obs_isentamos":null,"created_at":"2022-03-04T15:19:51.000000Z","updated_at":"2022-03-11T16:55:41.000000Z","deleted_at":null}  
[2022-03-11 16:58:39] production.INFO: Pagamento anuidade boleto | Venda efetuada  com sucesso{"user_id":214,"updated_at":"2022-03-11T16:58:39.000000Z","created_at":"2022-03-11T16:58:39.000000Z","id":23}  
[2022-03-11 16:58:39] production.INFO: Pagamento anuidade boleto | Venda de  item efetuado com sucesso{"venda_id":23,"produto_id":2,"qtd":"1","valor":230,"valor_total":230,"updated_at":"2022-03-11T16:58:39.000000Z","created_at":"2022-03-11T16:58:39.000000Z","id":23}  
[2022-03-11 16:58:40] production.INFO: Pagamento anuidade boleto | Pagamento efetuado{"date":"2022-03-11T13:58:39.000-03:00","code":"5D523113-6854-4FC6-B89E-7F3AF6803F3B","reference":"23","type":"1","status":"1","lastEventDate":"2022-03-11T13:58:40.000-03:00","paymentMethod":{"type":"2","code":"202"},"paymentLink":"https:\/\/pagseguro.uol.com.br\/checkout\/payment\/booklet\/print.jhtml?c=f3098ebe569c8ddb6077b6cb0a1416f036b55f2f962a24d78eb4633f938fb2f61452ffa0fd46ed5d","grossAmount":"230.00","discountAmount":"0.00","feeAmount":"11.83","netAmount":"217.17","extraAmount":"0.00","installmentCount":"1","itemCount":"1","items":{"item":{"id":"23","description":"Anuidade 2022","quantity":"1","amount":"230.00"}},"sender":{"name":"JOS\u00c9 GUIBSON DELGADO DANTAS","email":"guibsondantas@hotmail.com","phone":{"areaCode":"51","number":"99191019"}}}  
[2022-03-11 16:58:40] production.INFO: Pagamento anuidade boleto | Pagamento efetuado com sucesso{"tipo_pgto_detalhe":{"0":"202"},"transacao":{"0":"5D523113-6854-4FC6-B89E-7F3AF6803F3B"},"parcelas":1,"valor_parcela":230,"valor_total":230,"valor_juros":0,"valor_receber":217.169999999999987494447850622236728668212890625,"venda_id":23,"tipo_pagto_id":2,"status_id":1,"user_id":214,"updated_at":"2022-03-11T16:58:40.000000Z","created_at":"2022-03-11T16:58:40.000000Z","id":23}  
[2022-03-11 16:58:40] production.INFO: RETORNO | request{"notificationCode":"091A70-4A819D819D7A-86640B1F9A98-7B2DCE","notificationType":"transaction"}  
[2022-03-11 16:58:40] production.INFO: RETORNO | URL de retorno do pagseguro"https:\/\/ws.pagseguro.uol.com.br\/v2\/transactions\/notifications\/091A70-4A819D819D7A-86640B1F9A98-7B2DCE?email=secretaria@intercom.org.br&token=93d9cf0c-7c9e-49cf-92a4-7a6c7c8b840c4909c78b4f88851a95640db2db8a4b9c7948-263a-490e-bfe0-f79e37aeb7f7"  
[2022-03-11 16:58:41] production.INFO: RETORNO | Pagamento já atualizado{"id":23}  
[2022-03-11 16:58:45] production.INFO: RETORNO | Erro ao receber retorno do pagseguro  
[2022-03-11 16:58:54] production.INFO: Pagamento anuidade boleto | Dados do Usuario salvo: {"id":214,"name":"JOS\u00c9 GUIBSON DELGADO DANTAS","email":"guibsondantas@hotmail.com","estrangeiro":null,"passaporte":null,"cpf":"023.560.224-81","data_nascimento":"1977-02-03","rg":"4600544","orgao_expedidor":"SDS-PE","telefone":"(51) 9919-1019","celular":"(51) 99191-019","sexo_id":"1","email_verified_at":null,"ativo":"1","created_at":"2022-03-04T15:19:51.000000Z","updated_at":"2022-03-11T16:54:48.000000Z","deleted_at":null,"is_root":false,"is_admin":false,"is_user":true,"is_associado":true,"anuidade_2022":false}  
[2022-03-11 16:58:54] production.INFO: Pagamento anuidade boleto | Anuidade atualizada : {"id":213,"user_id":214,"numero_socio":"1581","anuidade":"2022","isencao":null,"instituicao_id":568,"titulacao_id":4,"divisao_tematica":null,"obs_isentamos":null,"created_at":"2022-03-04T15:19:51.000000Z","updated_at":"2022-03-11T16:55:41.000000Z","deleted_at":null}  
[2022-03-11 16:58:54] production.INFO: Pagamento anuidade boleto | Venda efetuada  com sucesso{"user_id":214,"updated_at":"2022-03-11T16:58:54.000000Z","created_at":"2022-03-11T16:58:54.000000Z","id":24}  
[2022-03-11 16:58:54] production.INFO: Pagamento anuidade boleto | Venda de  item efetuado com sucesso{"venda_id":24,"produto_id":2,"qtd":"1","valor":230,"valor_total":230,"updated_at":"2022-03-11T16:58:54.000000Z","created_at":"2022-03-11T16:58:54.000000Z","id":24}  
[2022-03-11 16:58:56] production.INFO: RETORNO | request{"notificationCode":"45EF46-A14E904E90D4-B994C15F8F2A-6EFB68","notificationType":"transaction"}  
[2022-03-11 16:58:56] production.INFO: RETORNO | URL de retorno do pagseguro"https:\/\/ws.pagseguro.uol.com.br\/v2\/transactions\/notifications\/45EF46-A14E904E90D4-B994C15F8F2A-6EFB68?email=secretaria@intercom.org.br&token=93d9cf0c-7c9e-49cf-92a4-7a6c7c8b840c4909c78b4f88851a95640db2db8a4b9c7948-263a-490e-bfe0-f79e37aeb7f7"  
[2022-03-11 16:58:56] production.ERROR: Call to a member function update() on null {"exception":"[object] (Error(code: 0): Call to a member function update() on null at /home/sistemas/www/sistema/app/Http/Controllers/PagSeguroController.php:942)
[stacktrace]
#0 /home/sistemas/www/sistema/vendor/laravel/framework/src/Illuminate/Routing/Controller.php(54): App\\Http\\Controllers\\PagSeguroController->retorno(Object(Illuminate\\Http\\Request))
#1 /home/sistemas/www/sistema/vendor/laravel/framework/src/Illuminate/Routing/ControllerDispatcher.php(45): Illuminate\\Routing\\Controller->callAction('retorno', Array)
#2 /home/sistemas/www/sistema/vendor/laravel/framework/src/Illuminate/Routing/Route.php(262): Illuminate\\Routing\\ControllerDispatcher->dispatch(Object(Illuminate\\Routing\\Route), Object(App\\Http\\Controllers\\PagSeguroController), 'retorno')
#3 /home/sistemas/www/sistema/vendor/laravel/framework/src/Illuminate/Routing/Route.php(205): Illuminate\\Routing\\Route->runController()
#4 /home/sistemas/www/sistema/vendor/laravel/framework/src/Illuminate/Routing/Router.php(721): Illuminate\\Routing\\Route->run()
#5 /home/sistemas/www/sistema/vendor/laravel/framework/src/Illuminate/Pipeline/Pipeline.php(128): Illuminate\\Routing\\Router->Illuminate\\Routing\\{closure}(Object(Illuminate\\Http\\Request))
#6 /home/sistemas/www/sistema/vendor/laravel/framework/src/Illuminate/Routing/Middleware/SubstituteBindings.php(50): Illuminate\\Pipeline\\Pipeline->Illuminate\\Pipeline\\{closure}(Object(Illuminate\\Http\\Request))
#7 /home/sistemas/www/sistema/vendor/laravel/framework/src/Illuminate/Pipeline/Pipeline.php(167): Illuminate\\Routing\\Middleware\\SubstituteBindings->handle(Object(Illuminate\\Http\\Request), Object(Closure))
#8 /home/sistemas/www/sistema/vendor/laravel/framework/src/Illuminate/Routing/Middleware/ThrottleRequests.php(127): Illuminate\\Pipeline\\Pipeline->Illuminate\\Pipeline\\{closure}(Object(Illuminate\\Http\\Request))
#9 /home/sistemas/www/sistema/vendor/laravel/framework/src/Illuminate/Routing/Middleware/ThrottleRequests.php(103): Illuminate\\Routing\\Middleware\\ThrottleRequests->handleRequest(Object(Illuminate\\Http\\Request), Object(Closure), Array)
#10 /home/sistemas/www/sistema/vendor/laravel/framework/src/Illuminate/Routing/Middleware/ThrottleRequests.php(55): Illuminate\\Routing\\Middleware\\ThrottleRequests->handleRequestUsingNamedLimiter(Object(Illuminate\\Http\\Request), Object(Closure), 'api', Object(Closure))
#11 /home/sistemas/www/sistema/vendor/laravel/framework/src/Illuminate/Pipeline/Pipeline.php(167): Illuminate\\Routing\\Middleware\\ThrottleRequests->handle(Object(Illuminate\\Http\\Request), Object(Closure), 'api')
#12 /home/sistemas/www/sistema/vendor/laravel/framework/src/Illuminate/Pipeline/Pipeline.php(103): Illuminate\\Pipeline\\Pipeline->Illuminate\\Pipeline\\{closure}(Object(Illuminate\\Http\\Request))
#13 /home/sistemas/www/sistema/vendor/laravel/framework/src/Illuminate/Routing/Router.php(723): Illuminate\\Pipeline\\Pipeline->then(Object(Closure))
#14 /home/sistemas/www/sistema/vendor/laravel/framework/src/Illuminate/Routing/Router.php(698): Illuminate\\Routing\\Router->runRouteWithinStack(Object(Illuminate\\Routing\\Route), Object(Illuminate\\Http\\Request))
#15 /home/sistemas/www/sistema/vendor/laravel/framework/src/Illuminate/Routing/Router.php(662): Illuminate\\Routing\\Router->runRoute(Object(Illuminate\\Http\\Request), Object(Illuminate\\Routing\\Route))
#16 /home/sistemas/www/sistema/vendor/laravel/framework/src/Illuminate/Routing/Router.php(651): Illuminate\\Routing\\Router->dispatchToRoute(Object(Illuminate\\Http\\Request))
#17 /home/sistemas/www/sistema/vendor/laravel/framework/src/Illuminate/Foundation/Http/Kernel.php(167): Illuminate\\Routing\\Router->dispatch(Object(Illuminate\\Http\\Request))
#18 /home/sistemas/www/sistema/vendor/laravel/framework/src/Illuminate/Pipeline/Pipeline.php(128): Illuminate\\Foundation\\Http\\Kernel->Illuminate\\Foundation\\Http\\{closure}(Object(Illuminate\\Http\\Request))
#19 /home/sistemas/www/sistema/vendor/laravel/framework/src/Illuminate/Foundation/Http/Middleware/TransformsRequest.php(21): Illuminate\\Pipeline\\Pipeline->Illuminate\\Pipeline\\{closure}(Object(Illuminate\\Http\\Request))
#20 /home/sistemas/www/sistema/vendor/laravel/framework/src/Illuminate/Foundation/Http/Middleware/ConvertEmptyStringsToNull.php(31): Illuminate\\Foundation\\Http\\Middleware\\TransformsRequest->handle(Object(Illuminate\\Http\\Request), Object(Closure))
#21 /home/sistemas/www/sistema/vendor/laravel/framework/src/Illuminate/Pipeline/Pipeline.php(167): Illuminate\\Foundation\\Http\\Middleware\\ConvertEmptyStringsToNull->handle(Object(Illuminate\\Http\\Request), Object(Closure))
#22 /home/sistemas/www/sistema/vendor/laravel/framework/src/Illuminate/Foundation/Http/Middleware/TransformsRequest.php(21): Illuminate\\Pipeline\\Pipeline->Illuminate\\Pipeline\\{closure}(Object(Illuminate\\Http\\Request))
#23 /home/sistemas/www/sistema/vendor/laravel/framework/src/Illuminate/Foundation/Http/Middleware/TrimStrings.php(40): Illuminate\\Foundation\\Http\\Middleware\\TransformsRequest->handle(Object(Illuminate\\Http\\Request), Object(Closure))
#24 /home/sistemas/www/sistema/vendor/laravel/framework/src/Illuminate/Pipeline/Pipeline.php(167): Illuminate\\Foundation\\Http\\Middleware\\TrimStrings->handle(Object(Illuminate\\Http\\Request), Object(Closure))
#25 /home/sistemas/www/sistema/vendor/laravel/framework/src/Illuminate/Foundation/Http/Middleware/ValidatePostSize.php(27): Illuminate\\Pipeline\\Pipeline->Illuminate\\Pipeline\\{closure}(Object(Illuminate\\Http\\Request))
#26 /home/sistemas/www/sistema/vendor/laravel/framework/src/Illuminate/Pipeline/Pipeline.php(167): Illuminate\\Foundation\\Http\\Middleware\\ValidatePostSize->handle(Object(Illuminate\\Http\\Request), Object(Closure))
#27 /home/sistemas/www/sistema/vendor/laravel/framework/src/Illuminate/Foundation/Http/Middleware/PreventRequestsDuringMaintenance.php(86): Illuminate\\Pipeline\\Pipeline->Illuminate\\Pipeline\\{closure}(Object(Illuminate\\Http\\Request))
#28 /home/sistemas/www/sistema/vendor/laravel/framework/src/Illuminate/Pipeline/Pipeline.php(167): Illuminate\\Foundation\\Http\\Middleware\\PreventRequestsDuringMaintenance->handle(Object(Illuminate\\Http\\Request), Object(Closure))
#29 /home/sistemas/www/sistema/vendor/fruitcake/laravel-cors/src/HandleCors.php(52): Illuminate\\Pipeline\\Pipeline->Illuminate\\Pipeline\\{closure}(Object(Illuminate\\Http\\Request))
#30 /home/sistemas/www/sistema/vendor/laravel/framework/src/Illuminate/Pipeline/Pipeline.php(167): Fruitcake\\Cors\\HandleCors->handle(Object(Illuminate\\Http\\Request), Object(Closure))
#31 /home/sistemas/www/sistema/vendor/laravel/framework/src/Illuminate/Http/Middleware/TrustProxies.php(39): Illuminate\\Pipeline\\Pipeline->Illuminate\\Pipeline\\{closure}(Object(Illuminate\\Http\\Request))
#32 /home/sistemas/www/sistema/vendor/laravel/framework/src/Illuminate/Pipeline/Pipeline.php(167): Illuminate\\Http\\Middleware\\TrustProxies->handle(Object(Illuminate\\Http\\Request), Object(Closure))
#33 /home/sistemas/www/sistema/vendor/laravel/framework/src/Illuminate/Pipeline/Pipeline.php(103): Illuminate\\Pipeline\\Pipeline->Illuminate\\Pipeline\\{closure}(Object(Illuminate\\Http\\Request))
#34 /home/sistemas/www/sistema/vendor/laravel/framework/src/Illuminate/Foundation/Http/Kernel.php(142): Illuminate\\Pipeline\\Pipeline->then(Object(Closure))
#35 /home/sistemas/www/sistema/vendor/laravel/framework/src/Illuminate/Foundation/Http/Kernel.php(111): Illuminate\\Foundation\\Http\\Kernel->sendRequestThroughRouter(Object(Illuminate\\Http\\Request))
#36 /home/sistemas/www/index.php(52): Illuminate\\Foundation\\Http\\Kernel->handle(Object(Illuminate\\Http\\Request))
#37 {main}
"} 
[2022-03-11 16:58:57] production.INFO: Pagamento anuidade boleto | Pagamento efetuado{"date":"2022-03-11T13:58:55.000-03:00","code":"197F6E35-2300-4799-8695-6E74525A9901","reference":"24","type":"1","status":"1","lastEventDate":"2022-03-11T13:58:56.000-03:00","paymentMethod":{"type":"2","code":"202"},"paymentLink":"https:\/\/pagseguro.uol.com.br\/checkout\/payment\/booklet\/print.jhtml?c=46eefa6ecb3702d9db1041c502e6cdc9fd344a21e75fdc7fe887c8575e32bdda458f0d80bd4a0a37","grossAmount":"230.00","discountAmount":"0.00","feeAmount":"11.83","netAmount":"217.17","extraAmount":"0.00","installmentCount":"1","itemCount":"1","items":{"item":{"id":"24","description":"Anuidade 2022","quantity":"1","amount":"230.00"}},"sender":{"name":"JOS\u00c9 GUIBSON DELGADO DANTAS","email":"guibsondantas@hotmail.com","phone":{"areaCode":"51","number":"99191019"}}}  
[2022-03-11 16:58:57] production.INFO: Pagamento anuidade boleto | Pagamento efetuado com sucesso{"tipo_pgto_detalhe":{"0":"202"},"transacao":{"0":"197F6E35-2300-4799-8695-6E74525A9901"},"parcelas":1,"valor_parcela":230,"valor_total":230,"valor_juros":0,"valor_receber":217.169999999999987494447850622236728668212890625,"venda_id":24,"tipo_pagto_id":2,"status_id":1,"user_id":214,"updated_at":"2022-03-11T16:58:57.000000Z","created_at":"2022-03-11T16:58:57.000000Z","id":24}  
[2022-03-11 16:59:01] production.INFO: RETORNO | Erro ao receber retorno do pagseguro  
[2022-03-11 17:00:38] production.INFO: Usuario antigo redirecionado: 431  
[2022-03-11 17:00:46] production.INFO: Ficha Avaliador Expocom Criada ou Atualizada: {"id":"214","name":"JOS\u00c9 GUIBSON DELGADO DANTAS","email":"guibsondantas@hotmail.com","cpf":"023.560.224-81","telefone":"(51) 9919-1019","celular":"(51) 99191-019","divisoes_tematicas":["8","2","3","6","4","7"],"divisoes_tematicas_jr":["2","3","8","6","4","7"],"instituicao_id":"568","titulacao_id":"4","enderecos":{"cep":"90670-020","logradouro":"Rua E\u00e7a de Queiroz","bairro":"Petr\u00f3polis","estado":{"nome":"Rio Grande do Sul","sigla":"RS","id":"23"},"municipio":{"nome":"Porto Alegre","id":"4932"},"id":"18","numero":"910","complemento":"apto 301","deleted":"false"},"_method":"post","pais":"Brasil","junior":"1","avaliador":"0"}  
[2022-03-11 17:01:41] production.INFO: Usuario antigo redirecionado: 431  
[2022-03-11 17:02:38] production.INFO: Ficha Avaliador Expocom Criada ou Atualizada: {"id":"214","name":"JOS\u00c9 GUIBSON DELGADO DANTAS","email":"guibsondantas@hotmail.com","cpf":"023.560.224-81","telefone":"(51) 9919-1019","celular":"(51) 99191-019","divisoes_tematicas":["8","2","3","6","4","7"],"divisoes_tematicas_jr":["2","3","8","6","4","7"],"instituicao_id":"568","titulacao_id":"4","enderecos":{"id":"18","cep":"90670-020","logradouro":"Rua E\u00e7a de Queiroz","numero":"910","complemento":"apto 301","bairro":"Petr\u00f3polis","municipio":{"id":"4932","estado_id":"23","codigo":"4314902","nome":"Porto Alegre","created_at":"2019-02-07T20:32:57.000000Z","updated_at":null,"estado":{"id":"23","codigo":"43","nome":"Rio Grande do Sul","sigla":"RS","regiao":"Sul","created_at":"2019-02-07T20:32:43.000000Z","updated_at":null}},"estado":{"id":"23","codigo":"43","nome":"Rio Grande do Sul","sigla":"RS","regiao":"Sul","created_at":"2019-02-07T20:32:43.000000Z","updated_at":null}},"_method":"post","pais":"Brasil","cinema_audiovisual":["3","6"],"jornalismo":["2"],"publicidade_propaganda":["2","4","5","6","8","9","10"],"relacoes_publicas":["1","5","8","6","2","7","3","4"],"producao_editorial":["5","1","9","10"],"radio_internet":["4","7"],"junior":"1","avaliador":"1"}  
[2022-03-11 17:18:57] production.INFO: Cadastro de usuario: {"id":null,"name":"GUSTAVO DE CASTRO","email":"gustavocastroesilva@gmail.com","password":"$2y$10$GkvBQJ0vgtbM0TpjIRYU7.rqwu4.dEbj.EHwqfAC5u6d4Y\/9bzQUm","estrangeiro":"0","associado":"0","cpf":"653.859.264-34","rg":null,"todos_tipos_id":[4],"ativo":"1","_method":"post"}  
[2022-03-11 17:18:57] production.INFO: E-mail enviado apos o cadastro para : com o email: "gustavocastroesilva@gmail.com"  
[2022-03-11 17:23:10] production.INFO: User: 1856 | Atualizou Usuario: {"id":"1856","name":"GUSTAVO DE CASTRO","email":"gustavocastroesilva@gmail.com","estrangeiro":"0","associado":"1","associacao":null,"data_nascimento":"1968-10-27","orgao_expedidor":"ssp df","instituicao_id":"461","titulacao_id":"2","cpf":"653.859.264-34","rg":"3394953","telefone":"(61) 9968-4121","celular":"(61) 99684-1212","sexo_id":"1","ativo":"1","enderecos":{"cep":"70866-110","logradouro":"SQN 411 Bloco K","bairro":"Asa Norte","estado":{"nome":"Distrito Federal","sigla":"DF","id":"27"},"municipio":{"nome":"Bras\u00edlia","id":"5570"},"id":null,"numero":"304","complemento":"Entrada B","deleted":"false"},"_method":"post","metodo":"credito","passaporte":null,"pais":"Brasil"}  
[2022-03-11 17:23:15] production.INFO: User: 1856 | Atualizou Usuario: {"id":"1856","name":"GUSTAVO DE CASTRO","email":"gustavocastroesilva@gmail.com","estrangeiro":"0","associado":"1","associacao":null,"data_nascimento":"1968-10-27","orgao_expedidor":"ssp df","instituicao_id":"461","titulacao_id":"2","cpf":"653.859.264-34","rg":"3394953","telefone":"(61) 9968-4121","celular":"(61) 99684-1212","sexo_id":"1","ativo":"1","enderecos":{"cep":"70866-110","logradouro":"SQN 411 Bloco K","bairro":"Asa Norte","estado":{"nome":"Distrito Federal","sigla":"DF","id":"27"},"municipio":{"nome":"Bras\u00edlia","id":"5570"},"id":null,"numero":"304","complemento":"Entrada B","deleted":"false"},"_method":"post","metodo":"credito","passaporte":null,"pais":"Brasil"}  
[2022-03-11 17:41:20] production.INFO: Usuario antigo redirecionado: 394  
[2022-03-11 17:43:17] production.INFO: User: 1209 | Atualizou Usuario: {"id":"1209","name":"GUILHERME WILLIAM UDO SANTOS","email":"guilherme@guilhermeudo.com","estrangeiro":"0","anuidade2022":"1","associacao":null,"data_nascimento":"1987-11-23","orgao_expedidor":"SSP-SP","instituicao_id":"40","titulacao_id":"3","cpf":"317.161.168-64","rg":"326620618","telefone":"(11) 3057-1684","celular":"(11) 99159-0087","sexo_id":"1","ativo":"1","enderecos":{"cep":"04013-000","logradouro":"Rua Cubat\u00e3o","bairro":"Vila Mariana","estado":{"nome":"S\u00e3o Paulo","sigla":"SP","id":"20"},"municipio":{"nome":"S\u00e3o Paulo","id":"3830"},"id":null,"numero":"216","complemento":"apto. 62","deleted":"false"},"_method":"post","metodo":"credito","passaporte":null,"pais":"Brasil"}  
[2022-03-11 17:43:20] production.INFO: User: 1209 | Atualizou Usuario: {"id":"1209","name":"GUILHERME WILLIAM UDO SANTOS","email":"guilherme@guilhermeudo.com","estrangeiro":"0","anuidade2022":"1","associacao":null,"data_nascimento":"1987-11-23","orgao_expedidor":"SSP-SP","instituicao_id":"40","titulacao_id":"3","cpf":"317.161.168-64","rg":"326620618","telefone":"(11) 3057-1684","celular":"(11) 99159-0087","sexo_id":"1","ativo":"1","enderecos":{"cep":"04013-000","logradouro":"Rua Cubat\u00e3o","bairro":"Vila Mariana","estado":{"nome":"S\u00e3o Paulo","sigla":"SP","id":"20"},"municipio":{"nome":"S\u00e3o Paulo","id":"3830"},"id":null,"numero":"216","complemento":"apto. 62","deleted":"false"},"_method":"post","metodo":"credito","passaporte":null,"pais":"Brasil"}  
[2022-03-11 17:43:56] production.INFO: Pagamento anuidade credito | Dados do Usuario salvo: {"id":1209,"name":"GUILHERME WILLIAM UDO SANTOS","email":"guilherme@guilhermeudo.com","estrangeiro":null,"passaporte":null,"cpf":"317.161.168-64","data_nascimento":"1987-11-23","rg":"326620618","orgao_expedidor":"SSP-SP","telefone":"(11) 3057-1684","celular":"(11) 99159-0087","sexo_id":"1","email_verified_at":null,"ativo":"1","created_at":"2022-03-04T15:21:52.000000Z","updated_at":"2022-03-11T17:43:17.000000Z","deleted_at":null,"is_root":false,"is_admin":false,"is_user":true,"is_associado":true,"anuidade_2022":false}  
[2022-03-11 17:43:56] production.INFO: Pagamento anuidade credito | Associado atualizado : {"id":1208,"user_id":1209,"numero_socio":"2132","anuidade":"2022","isencao":null,"instituicao_id":40,"titulacao_id":3,"divisao_tematica":null,"obs_isentamos":null,"created_at":"2022-03-04T15:21:52.000000Z","updated_at":"2022-03-11T17:43:56.000000Z","deleted_at":null}  
[2022-03-11 17:43:56] production.INFO: Pagamento anuidade credito | Venda efetuada  com sucesso{"user_id":1209,"updated_at":"2022-03-11T17:43:56.000000Z","created_at":"2022-03-11T17:43:56.000000Z","id":25}  
[2022-03-11 17:43:56] production.INFO: Pagamento anuidade credito | Venda de  item efetuado com sucesso{"venda_id":25,"produto_id":2,"qtd":"1","valor":230,"valor_total":230,"updated_at":"2022-03-11T17:43:56.000000Z","created_at":"2022-03-11T17:43:56.000000Z","id":25}  
[2022-03-11 17:43:56] production.INFO: Pagamento anuidade credito | Dados para pagamento enviados ao PagSeguro{"email":"secretaria@intercom.org.br","token":"93d9cf0c-7c9e-49cf-92a4-7a6c7c8b840c4909c78b4f88851a95640db2db8a4b9c7948-263a-490e-bfe0-f79e37aeb7f7","receiverEmail":"secretaria@intercom.org.br","notificationURL":"https:\/\/www.sistemas.intercom.org.br\/api\/pagseguro\/retorno","billingAddressCountry":"Brasil","paymentMode":"default","paymentMethod":"creditCard","creditCardToken":"265bcfc2d19845ecb958f89bd923e938","senderHash":"2b9edf3b45de528950438a57a49643a6f0c0760e32467d28a0a7e4386ddb9dcf","installmentQuantity":"1","installmentValue":"230.00","extraAmount":"0.00","creditCardHolderName":"GUILHERME WILLIAM UDO SANTOS","creditCardHolderCPF":"31716116864","creditCardHolderBirthDate":"01\/01\/2000","creditCardHolderAreaCode":"11","creditCardHolderPhone":"991590087","billingAddressStreet":"Rua Cubat\u00e3o","billingAddressNumber":216,"billingAddressComplement":"","billingAddressDistrict":"Vila Mariana","billingAddressPostalCode":"04013-000","billingAddressCity":"S\u00e3o Paulo","billingAddressState":"SP","shippingAddressRequired":false,"currency":"BRL","itemId1":25,"itemDescription1":"Anuidade 2022","itemAmount1":"230.00","itemQuantity1":1,"reference":25,"senderName":"GUILHERME WILLIAM UDO SANTOS","senderCPF":"31716116864","senderAreaCode":"11","senderPhone":"991590087","senderEmail":"guilherme@guilhermeudo.com"}  
[2022-03-11 17:43:59] production.INFO: Pagamento anuidade credito | Pagamento efetuado{"date":"2022-03-11T14:43:58.000-03:00","code":"42F7CF30-B6B8-4A31-B096-F9BBB62FCA86","reference":"25","type":"1","status":"1","lastEventDate":"2022-03-11T14:43:58.000-03:00","paymentMethod":{"type":"1","code":"101"},"grossAmount":"230.00","discountAmount":"0.00","feeAmount":"11.88","netAmount":"218.12","extraAmount":"0.00","installmentCount":"1","itemCount":"1","items":{"item":{"id":"25","description":"Anuidade 2022","quantity":"1","amount":"230.00"}},"sender":{"name":"GUILHERME WILLIAM UDO SANTOS","email":"guilherme@guilhermeudo.com","phone":{"areaCode":"11","number":"991590087"}}}  
[2022-03-11 17:43:59] production.INFO: Pagamento anuidade credito | Pagamento efetuado com sucesso{"tipo_pgto_detalhe":{"0":"101"},"transacao":{"0":"42F7CF30-B6B8-4A31-B096-F9BBB62FCA86"},"parcelas":1,"valor_parcela":230,"valor_total":230,"valor_juros":0,"valor_receber":218.1200000000000045474735088646411895751953125,"venda_id":25,"tipo_pagto_id":1,"status_id":1,"user_id":1209,"updated_at":"2022-03-11T17:43:59.000000Z","created_at":"2022-03-11T17:43:59.000000Z","id":25}  
[2022-03-11 17:44:04] production.INFO: RETORNO | request{"notificationCode":"96A4B8-9B0A900A90A7-D444E6BF8EEB-34B56C","notificationType":"transaction"}  
[2022-03-11 17:44:04] production.INFO: RETORNO | URL de retorno do pagseguro"https:\/\/ws.pagseguro.uol.com.br\/v2\/transactions\/notifications\/96A4B8-9B0A900A90A7-D444E6BF8EEB-34B56C?email=secretaria@intercom.org.br&token=93d9cf0c-7c9e-49cf-92a4-7a6c7c8b840c4909c78b4f88851a95640db2db8a4b9c7948-263a-490e-bfe0-f79e37aeb7f7"  
[2022-03-11 17:44:04] production.INFO: RETORNO | Pagamento atualizado com sucesso{"id":25,"status_id":{"0":"3"},"updated_at":"2022-03-11T17:44:04.000000Z"}  
[2022-03-11 17:44:09] production.INFO: RETORNO | Erro ao receber retorno do pagseguro  
[2022-03-11 17:44:18] production.INFO: Verificação de pagamento Anuidade 2022 | Usuário: GUILHERME WILLIAM UDO SANTOS foi alterado tipo para anuidade 2022.  
[2022-03-11 17:45:38] production.INFO: Ficha Avaliador Expocom Criada ou Atualizada: {"id":"1209","name":"GUILHERME WILLIAM UDO SANTOS","email":"guilherme@guilhermeudo.com","cpf":"317.161.168-64","telefone":"(11) 3057-1684","celular":"(11) 99159-0087","instituicao_id":"40","titulacao_id":"3","enderecos":{"id":"20","cep":"04013-000","logradouro":"Rua Cubat\u00e3o","numero":"216","complemento":"apto. 62","bairro":"Vila Mariana","municipio":{"id":"3830","estado_id":"20","codigo":"3550308","nome":"S\u00e3o Paulo","created_at":"2019-02-07T20:32:57.000000Z","updated_at":null,"estado":{"id":"20","codigo":"35","nome":"S\u00e3o Paulo","sigla":"SP","regiao":"Sudeste","created_at":"2019-02-07T20:32:43.000000Z","updated_at":null}},"estado":{"id":"20","codigo":"35","nome":"S\u00e3o Paulo","sigla":"SP","regiao":"Sudeste","created_at":"2019-02-07T20:32:43.000000Z","updated_at":null}},"_method":"post","pais":"Brasil","cinema_audiovisual":["4"],"jornalismo":["5","10"],"publicidade_propaganda":["5","4"],"producao_editorial":["11","10","13"],"radio_internet":["1","3","4"],"junior":"0","avaliador":"1"}  
[2022-03-11 17:46:06] production.INFO: Ficha Avaliador Expocom Criada ou Atualizada: {"id":"1209","name":"GUILHERME WILLIAM UDO SANTOS","email":"guilherme@guilhermeudo.com","cpf":"317.161.168-64","telefone":"(11) 3057-1684","celular":"(11) 99159-0087","divisoes_tematicas":["4","5"],"divisoes_tematicas_jr":["4","5"],"instituicao_id":"40","titulacao_id":"3","enderecos":{"id":"20","cep":"04013-000","logradouro":"Rua Cubat\u00e3o","numero":"216","complemento":"apto. 62","bairro":"Vila Mariana","municipio":{"id":"3830","estado_id":"20","codigo":"3550308","nome":"S\u00e3o Paulo","created_at":"2019-02-07T20:32:57.000000Z","updated_at":null,"estado":{"id":"20","codigo":"35","nome":"S\u00e3o Paulo","sigla":"SP","regiao":"Sudeste","created_at":"2019-02-07T20:32:43.000000Z","updated_at":null}},"estado":{"id":"20","codigo":"35","nome":"S\u00e3o Paulo","sigla":"SP","regiao":"Sudeste","created_at":"2019-02-07T20:32:43.000000Z","updated_at":null}},"_method":"post","pais":"Brasil","cinema_audiovisual":["4"],"jornalismo":["5","10"],"publicidade_propaganda":["5","4"],"producao_editorial":["11","10","13"],"radio_internet":["1","3","4"],"junior":"1","avaliador":"1"}  
[2022-03-11 18:16:37] production.INFO: User: 431 | Atualizou Usuario: {"id":"431","name":"MARIANA FERREIRA REIS","email":"paramarianareis@gmail.com","estrangeiro":"0","anuidade2022":"1","associacao":null,"data_nascimento":"1984-04-20","orgao_expedidor":"SDS PE","instituicao_id":"537","titulacao_id":"4","cpf":"047.482.774-75","rg":"5959918","telefone":"(81) 9961-4827","celular":"(81) 99614-8271","sexo_id":"2","ativo":"1","enderecos":{"cep":"40230-117","logradouro":"Rua Engenheiro Gilberto Queiroz de Sales","bairro":"Federa\u00e7\u00e3o","estado":{"nome":"Bahia","sigla":"BA","id":"16"},"municipio":{"nome":"Salvador","id":"2163"},"id":null,"numero":"146","complemento":"Bloco H, apto 103, conjunto 21","deleted":"false"},"_method":"post","metodo":"credito","passaporte":null,"pais":"Brasil"}  
[2022-03-11 18:16:40] production.INFO: User: 431 | Atualizou Usuario: {"id":"431","name":"MARIANA FERREIRA REIS","email":"paramarianareis@gmail.com","estrangeiro":"0","anuidade2022":"1","associacao":null,"data_nascimento":"1984-04-20","orgao_expedidor":"SDS PE","instituicao_id":"537","titulacao_id":"4","cpf":"047.482.774-75","rg":"5959918","telefone":"(81) 9961-4827","celular":"(81) 99614-8271","sexo_id":"2","ativo":"1","enderecos":{"cep":"40230-117","logradouro":"Rua Engenheiro Gilberto Queiroz de Sales","bairro":"Federa\u00e7\u00e3o","estado":{"nome":"Bahia","sigla":"BA","id":"16"},"municipio":{"nome":"Salvador","id":"2163"},"id":null,"numero":"146","complemento":"Bloco H, apto 103, conjunto 21","deleted":"false"},"_method":"post","metodo":"credito","passaporte":null,"pais":"Brasil"}  
[2022-03-11 18:16:49] production.INFO: Pagamento anuidade boleto | Dados do Usuario salvo: {"id":431,"name":"MARIANA FERREIRA REIS","email":"paramarianareis@gmail.com","estrangeiro":null,"passaporte":null,"cpf":"047.482.774-75","data_nascimento":"1984-04-20","rg":"5959918","orgao_expedidor":"SDS PE","telefone":"(81) 9961-4827","celular":"(81) 99614-8271","sexo_id":"2","email_verified_at":null,"ativo":"1","created_at":"2022-03-04T15:20:24.000000Z","updated_at":"2022-03-11T18:16:37.000000Z","deleted_at":null,"is_root":false,"is_admin":false,"is_user":true,"is_associado":true,"anuidade_2022":false}  
[2022-03-11 18:16:49] production.INFO: Pagamento anuidade boleto | Anuidade atualizada : {"id":430,"user_id":431,"numero_socio":"2764","anuidade":"2022","isencao":null,"instituicao_id":537,"titulacao_id":4,"divisao_tematica":null,"obs_isentamos":null,"created_at":"2022-03-04T15:20:24.000000Z","updated_at":"2022-03-11T18:16:49.000000Z","deleted_at":null}  
[2022-03-11 18:16:49] production.INFO: Pagamento anuidade boleto | Venda efetuada  com sucesso{"user_id":431,"updated_at":"2022-03-11T18:16:49.000000Z","created_at":"2022-03-11T18:16:49.000000Z","id":26}  
[2022-03-11 18:16:49] production.INFO: Pagamento anuidade boleto | Venda de  item efetuado com sucesso{"venda_id":26,"produto_id":2,"qtd":"1","valor":230,"valor_total":230,"updated_at":"2022-03-11T18:16:49.000000Z","created_at":"2022-03-11T18:16:49.000000Z","id":26}  
[2022-03-11 18:16:51] production.INFO: RETORNO | request{"notificationCode":"9CD4AD-8753F453F474-BBB4B84FA732-D9BDB3","notificationType":"transaction"}  
[2022-03-11 18:16:51] production.INFO: RETORNO | URL de retorno do pagseguro"https:\/\/ws.pagseguro.uol.com.br\/v2\/transactions\/notifications\/9CD4AD-8753F453F474-BBB4B84FA732-D9BDB3?email=secretaria@intercom.org.br&token=93d9cf0c-7c9e-49cf-92a4-7a6c7c8b840c4909c78b4f88851a95640db2db8a4b9c7948-263a-490e-bfe0-f79e37aeb7f7"  
[2022-03-11 18:16:52] production.INFO: Pagamento anuidade boleto | Pagamento efetuado{"date":"2022-03-11T15:16:49.000-03:00","code":"F6205974-2F6D-4BD5-9156-79471D0A8417","reference":"26","type":"1","status":"1","lastEventDate":"2022-03-11T15:16:51.000-03:00","paymentMethod":{"type":"2","code":"202"},"paymentLink":"https:\/\/pagseguro.uol.com.br\/checkout\/payment\/booklet\/print.jhtml?c=40726ba01a4613035865d4048ad308c004f4b38d9a52f4a807c325450760d49e67d2640c77a83d2a","grossAmount":"230.00","discountAmount":"0.00","feeAmount":"11.83","netAmount":"217.17","extraAmount":"0.00","installmentCount":"1","itemCount":"1","items":{"item":{"id":"26","description":"Anuidade 2022","quantity":"1","amount":"230.00"}},"sender":{"name":"MARIANA FERREIRA REIS","email":"paramarianareis@gmail.com","phone":{"areaCode":"81","number":"996148271"}}}  
[2022-03-11 18:16:52] production.INFO: Pagamento anuidade boleto | Pagamento efetuado com sucesso{"tipo_pgto_detalhe":{"0":"202"},"transacao":{"0":"F6205974-2F6D-4BD5-9156-79471D0A8417"},"parcelas":1,"valor_parcela":230,"valor_total":230,"valor_juros":0,"valor_receber":217.169999999999987494447850622236728668212890625,"venda_id":26,"tipo_pagto_id":2,"status_id":1,"user_id":431,"updated_at":"2022-03-11T18:16:52.000000Z","created_at":"2022-03-11T18:16:52.000000Z","id":26}  
[2022-03-11 18:16:53] production.INFO: RETORNO | Pagamento já atualizado{"id":26}  
[2022-03-11 18:16:56] production.INFO: RETORNO | Erro ao receber retorno do pagseguro{"VendedorEmail":"secretaria@intercom.org.br","TransacaoID":"F62059742F6D4BD5915679471D0A8417","Referencia":"26","Extras":"0,00","TipoFrete":"FR","ValorFrete":"0,00","Anotacao":null,"DataTransacao":"11\/03\/2022 15:16:49","TipoPagamento":"Boleto","StatusTransacao":"Aguardando Pagto","CliNome":"MARIANA FERREIRA REIS","CliEmail":"paramarianareis@gmail.com","CliEndereco":null,"CliNumero":null,"CliComplemento":null,"CliBairro":null,"CliCidade":null,"CliEstado":null,"CliCEP":null,"CliTelefone":"81 996148271","NumItens":"1","Parcelas":"1","ProdID_1":"26","ProdDescricao_1":"Anuidade 2022","ProdValor_1":"230,00","ProdQuantidade_1":"1","ProdFrete_1":"0,00","ProdExtras_1":"0,00"}  
[2022-03-11 18:17:03] production.INFO: Pagamento anuidade boleto | Dados do Usuario salvo: {"id":431,"name":"MARIANA FERREIRA REIS","email":"paramarianareis@gmail.com","estrangeiro":null,"passaporte":null,"cpf":"047.482.774-75","data_nascimento":"1984-04-20","rg":"5959918","orgao_expedidor":"SDS PE","telefone":"(81) 9961-4827","celular":"(81) 99614-8271","sexo_id":"2","email_verified_at":null,"ativo":"1","created_at":"2022-03-04T15:20:24.000000Z","updated_at":"2022-03-11T18:16:37.000000Z","deleted_at":null,"is_root":false,"is_admin":false,"is_user":true,"is_associado":true,"anuidade_2022":false}  
[2022-03-11 18:17:03] production.INFO: Pagamento anuidade boleto | Anuidade atualizada : {"id":430,"user_id":431,"numero_socio":"2764","anuidade":"2022","isencao":null,"instituicao_id":537,"titulacao_id":4,"divisao_tematica":null,"obs_isentamos":null,"created_at":"2022-03-04T15:20:24.000000Z","updated_at":"2022-03-11T18:16:49.000000Z","deleted_at":null}  
[2022-03-11 18:17:03] production.INFO: Pagamento anuidade boleto | Venda efetuada  com sucesso{"user_id":431,"updated_at":"2022-03-11T18:17:03.000000Z","created_at":"2022-03-11T18:17:03.000000Z","id":27}  
[2022-03-11 18:17:03] production.INFO: Pagamento anuidade boleto | Venda de  item efetuado com sucesso{"venda_id":27,"produto_id":2,"qtd":"1","valor":230,"valor_total":230,"updated_at":"2022-03-11T18:17:03.000000Z","created_at":"2022-03-11T18:17:03.000000Z","id":27}  
[2022-03-11 18:17:06] production.INFO: RETORNO | request{"notificationCode":"D55D2F-185FB45FB493-3EE45D6FB843-748A7B","notificationType":"transaction"}  
[2022-03-11 18:17:06] production.INFO: RETORNO | URL de retorno do pagseguro"https:\/\/ws.pagseguro.uol.com.br\/v2\/transactions\/notifications\/D55D2F-185FB45FB493-3EE45D6FB843-748A7B?email=secretaria@intercom.org.br&token=93d9cf0c-7c9e-49cf-92a4-7a6c7c8b840c4909c78b4f88851a95640db2db8a4b9c7948-263a-490e-bfe0-f79e37aeb7f7"  
[2022-03-11 18:17:06] production.ERROR: Call to a member function update() on null {"exception":"[object] (Error(code: 0): Call to a member function update() on null at /home/sistemas/www/sistema/app/Http/Controllers/PagSeguroController.php:942)
[stacktrace]
#0 /home/sistemas/www/sistema/vendor/laravel/framework/src/Illuminate/Routing/Controller.php(54): App\\Http\\Controllers\\PagSeguroController->retorno(Object(Illuminate\\Http\\Request))
#1 /home/sistemas/www/sistema/vendor/laravel/framework/src/Illuminate/Routing/ControllerDispatcher.php(45): Illuminate\\Routing\\Controller->callAction('retorno', Array)
#2 /home/sistemas/www/sistema/vendor/laravel/framework/src/Illuminate/Routing/Route.php(262): Illuminate\\Routing\\ControllerDispatcher->dispatch(Object(Illuminate\\Routing\\Route), Object(App\\Http\\Controllers\\PagSeguroController), 'retorno')
#3 /home/sistemas/www/sistema/vendor/laravel/framework/src/Illuminate/Routing/Route.php(205): Illuminate\\Routing\\Route->runController()
#4 /home/sistemas/www/sistema/vendor/laravel/framework/src/Illuminate/Routing/Router.php(721): Illuminate\\Routing\\Route->run()
#5 /home/sistemas/www/sistema/vendor/laravel/framework/src/Illuminate/Pipeline/Pipeline.php(128): Illuminate\\Routing\\Router->Illuminate\\Routing\\{closure}(Object(Illuminate\\Http\\Request))
#6 /home/sistemas/www/sistema/vendor/laravel/framework/src/Illuminate/Routing/Middleware/SubstituteBindings.php(50): Illuminate\\Pipeline\\Pipeline->Illuminate\\Pipeline\\{closure}(Object(Illuminate\\Http\\Request))
#7 /home/sistemas/www/sistema/vendor/laravel/framework/src/Illuminate/Pipeline/Pipeline.php(167): Illuminate\\Routing\\Middleware\\SubstituteBindings->handle(Object(Illuminate\\Http\\Request), Object(Closure))
#8 /home/sistemas/www/sistema/vendor/laravel/framework/src/Illuminate/Routing/Middleware/ThrottleRequests.php(127): Illuminate\\Pipeline\\Pipeline->Illuminate\\Pipeline\\{closure}(Object(Illuminate\\Http\\Request))
#9 /home/sistemas/www/sistema/vendor/laravel/framework/src/Illuminate/Routing/Middleware/ThrottleRequests.php(103): Illuminate\\Routing\\Middleware\\ThrottleRequests->handleRequest(Object(Illuminate\\Http\\Request), Object(Closure), Array)
#10 /home/sistemas/www/sistema/vendor/laravel/framework/src/Illuminate/Routing/Middleware/ThrottleRequests.php(55): Illuminate\\Routing\\Middleware\\ThrottleRequests->handleRequestUsingNamedLimiter(Object(Illuminate\\Http\\Request), Object(Closure), 'api', Object(Closure))
#11 /home/sistemas/www/sistema/vendor/laravel/framework/src/Illuminate/Pipeline/Pipeline.php(167): Illuminate\\Routing\\Middleware\\ThrottleRequests->handle(Object(Illuminate\\Http\\Request), Object(Closure), 'api')
#12 /home/sistemas/www/sistema/vendor/laravel/framework/src/Illuminate/Pipeline/Pipeline.php(103): Illuminate\\Pipeline\\Pipeline->Illuminate\\Pipeline\\{closure}(Object(Illuminate\\Http\\Request))
#13 /home/sistemas/www/sistema/vendor/laravel/framework/src/Illuminate/Routing/Router.php(723): Illuminate\\Pipeline\\Pipeline->then(Object(Closure))
#14 /home/sistemas/www/sistema/vendor/laravel/framework/src/Illuminate/Routing/Router.php(698): Illuminate\\Routing\\Router->runRouteWithinStack(Object(Illuminate\\Routing\\Route), Object(Illuminate\\Http\\Request))
#15 /home/sistemas/www/sistema/vendor/laravel/framework/src/Illuminate/Routing/Router.php(662): Illuminate\\Routing\\Router->runRoute(Object(Illuminate\\Http\\Request), Object(Illuminate\\Routing\\Route))
#16 /home/sistemas/www/sistema/vendor/laravel/framework/src/Illuminate/Routing/Router.php(651): Illuminate\\Routing\\Router->dispatchToRoute(Object(Illuminate\\Http\\Request))
#17 /home/sistemas/www/sistema/vendor/laravel/framework/src/Illuminate/Foundation/Http/Kernel.php(167): Illuminate\\Routing\\Router->dispatch(Object(Illuminate\\Http\\Request))
#18 /home/sistemas/www/sistema/vendor/laravel/framework/src/Illuminate/Pipeline/Pipeline.php(128): Illuminate\\Foundation\\Http\\Kernel->Illuminate\\Foundation\\Http\\{closure}(Object(Illuminate\\Http\\Request))
#19 /home/sistemas/www/sistema/vendor/laravel/framework/src/Illuminate/Foundation/Http/Middleware/TransformsRequest.php(21): Illuminate\\Pipeline\\Pipeline->Illuminate\\Pipeline\\{closure}(Object(Illuminate\\Http\\Request))
#20 /home/sistemas/www/sistema/vendor/laravel/framework/src/Illuminate/Foundation/Http/Middleware/ConvertEmptyStringsToNull.php(31): Illuminate\\Foundation\\Http\\Middleware\\TransformsRequest->handle(Object(Illuminate\\Http\\Request), Object(Closure))
#21 /home/sistemas/www/sistema/vendor/laravel/framework/src/Illuminate/Pipeline/Pipeline.php(167): Illuminate\\Foundation\\Http\\Middleware\\ConvertEmptyStringsToNull->handle(Object(Illuminate\\Http\\Request), Object(Closure))
#22 /home/sistemas/www/sistema/vendor/laravel/framework/src/Illuminate/Foundation/Http/Middleware/TransformsRequest.php(21): Illuminate\\Pipeline\\Pipeline->Illuminate\\Pipeline\\{closure}(Object(Illuminate\\Http\\Request))
#23 /home/sistemas/www/sistema/vendor/laravel/framework/src/Illuminate/Foundation/Http/Middleware/TrimStrings.php(40): Illuminate\\Foundation\\Http\\Middleware\\TransformsRequest->handle(Object(Illuminate\\Http\\Request), Object(Closure))
#24 /home/sistemas/www/sistema/vendor/laravel/framework/src/Illuminate/Pipeline/Pipeline.php(167): Illuminate\\Foundation\\Http\\Middleware\\TrimStrings->handle(Object(Illuminate\\Http\\Request), Object(Closure))
#25 /home/sistemas/www/sistema/vendor/laravel/framework/src/Illuminate/Foundation/Http/Middleware/ValidatePostSize.php(27): Illuminate\\Pipeline\\Pipeline->Illuminate\\Pipeline\\{closure}(Object(Illuminate\\Http\\Request))
#26 /home/sistemas/www/sistema/vendor/laravel/framework/src/Illuminate/Pipeline/Pipeline.php(167): Illuminate\\Foundation\\Http\\Middleware\\ValidatePostSize->handle(Object(Illuminate\\Http\\Request), Object(Closure))
#27 /home/sistemas/www/sistema/vendor/laravel/framework/src/Illuminate/Foundation/Http/Middleware/PreventRequestsDuringMaintenance.php(86): Illuminate\\Pipeline\\Pipeline->Illuminate\\Pipeline\\{closure}(Object(Illuminate\\Http\\Request))
#28 /home/sistemas/www/sistema/vendor/laravel/framework/src/Illuminate/Pipeline/Pipeline.php(167): Illuminate\\Foundation\\Http\\Middleware\\PreventRequestsDuringMaintenance->handle(Object(Illuminate\\Http\\Request), Object(Closure))
#29 /home/sistemas/www/sistema/vendor/fruitcake/laravel-cors/src/HandleCors.php(52): Illuminate\\Pipeline\\Pipeline->Illuminate\\Pipeline\\{closure}(Object(Illuminate\\Http\\Request))
#30 /home/sistemas/www/sistema/vendor/laravel/framework/src/Illuminate/Pipeline/Pipeline.php(167): Fruitcake\\Cors\\HandleCors->handle(Object(Illuminate\\Http\\Request), Object(Closure))
#31 /home/sistemas/www/sistema/vendor/laravel/framework/src/Illuminate/Http/Middleware/TrustProxies.php(39): Illuminate\\Pipeline\\Pipeline->Illuminate\\Pipeline\\{closure}(Object(Illuminate\\Http\\Request))
#32 /home/sistemas/www/sistema/vendor/laravel/framework/src/Illuminate/Pipeline/Pipeline.php(167): Illuminate\\Http\\Middleware\\TrustProxies->handle(Object(Illuminate\\Http\\Request), Object(Closure))
#33 /home/sistemas/www/sistema/vendor/laravel/framework/src/Illuminate/Pipeline/Pipeline.php(103): Illuminate\\Pipeline\\Pipeline->Illuminate\\Pipeline\\{closure}(Object(Illuminate\\Http\\Request))
#34 /home/sistemas/www/sistema/vendor/laravel/framework/src/Illuminate/Foundation/Http/Kernel.php(142): Illuminate\\Pipeline\\Pipeline->then(Object(Closure))
#35 /home/sistemas/www/sistema/vendor/laravel/framework/src/Illuminate/Foundation/Http/Kernel.php(111): Illuminate\\Foundation\\Http\\Kernel->sendRequestThroughRouter(Object(Illuminate\\Http\\Request))
#36 /home/sistemas/www/index.php(52): Illuminate\\Foundation\\Http\\Kernel->handle(Object(Illuminate\\Http\\Request))
#37 {main}
"} 
[2022-03-11 18:17:09] production.INFO: Pagamento anuidade boleto | Pagamento efetuado{"date":"2022-03-11T15:17:04.000-03:00","code":"026B0D0F-6E19-4E72-ABD1-4BD6938146A2","reference":"27","type":"1","status":"1","lastEventDate":"2022-03-11T15:17:06.000-03:00","paymentMethod":{"type":"2","code":"202"},"paymentLink":"https:\/\/pagseguro.uol.com.br\/checkout\/payment\/booklet\/print.jhtml?c=3f3c0a9932e29046c585ee2e484eebec4a34d11ff2a7775a03d6eccf1b47bfa52b92a526457eb2d2","grossAmount":"230.00","discountAmount":"0.00","feeAmount":"11.83","netAmount":"217.17","extraAmount":"0.00","installmentCount":"1","itemCount":"1","items":{"item":{"id":"27","description":"Anuidade 2022","quantity":"1","amount":"230.00"}},"sender":{"name":"MARIANA FERREIRA REIS","email":"paramarianareis@gmail.com","phone":{"areaCode":"81","number":"996148271"}}}  
[2022-03-11 18:17:09] production.INFO: Pagamento anuidade boleto | Pagamento efetuado com sucesso{"tipo_pgto_detalhe":{"0":"202"},"transacao":{"0":"026B0D0F-6E19-4E72-ABD1-4BD6938146A2"},"parcelas":1,"valor_parcela":230,"valor_total":230,"valor_juros":0,"valor_receber":217.169999999999987494447850622236728668212890625,"venda_id":27,"tipo_pagto_id":2,"status_id":1,"user_id":431,"updated_at":"2022-03-11T18:17:09.000000Z","created_at":"2022-03-11T18:17:09.000000Z","id":27}  
[2022-03-11 18:17:11] production.INFO: RETORNO | Erro ao receber retorno do pagseguro{"VendedorEmail":"secretaria@intercom.org.br","TransacaoID":"026B0D0F6E194E72ABD14BD6938146A2","Referencia":"27","Extras":"0,00","TipoFrete":"FR","ValorFrete":"0,00","Anotacao":null,"DataTransacao":"11\/03\/2022 15:17:04","TipoPagamento":"Boleto","StatusTransacao":"Aguardando Pagto","CliNome":"MARIANA FERREIRA REIS","CliEmail":"paramarianareis@gmail.com","CliEndereco":null,"CliNumero":null,"CliComplemento":null,"CliBairro":null,"CliCidade":null,"CliEstado":null,"CliCEP":null,"CliTelefone":"81 996148271","NumItens":"1","Parcelas":"1","ProdID_1":"27","ProdDescricao_1":"Anuidade 2022","ProdValor_1":"230,00","ProdQuantidade_1":"1","ProdFrete_1":"0,00","ProdExtras_1":"0,00"}  
[2022-03-11 18:35:47] production.INFO: Usuario antigo redirecionado: 1640  
[2022-03-11 18:39:06] production.INFO: Usuario antigo redirecionado: 1640  
[2022-03-11 19:01:14] production.INFO: Usuario antigo redirecionado: 1642  
[2022-03-11 19:16:33] production.INFO: Cadastro de usuario: {"id":null,"name":"Weverton Raiol","email":"weverton.raiol@gmail.com","password":"$2y$10$Ull8jjqdR18\/S29d8raa7uYb.kg4xy5ZMOHB2JHnpyjS\/g75XgOcO","estrangeiro":"0","associado":"0","cpf":"991.170.292-87","rg":null,"todos_tipos_id":[4],"ativo":"1","_method":"post"}  
[2022-03-11 19:16:33] production.INFO: E-mail enviado apos o cadastro para : com o email: "weverton.raiol@gmail.com"  
[2022-03-11 19:17:24] production.INFO: User: 1857 | Atualizou Usuario: {"id":"1857","name":"Weverton Raiol","email":"weverton.raiol@gmail.com","estrangeiro":"0","passaporte":null,"data_nascimento":"1992-11-28","orgao_expedidor":null,"cpf":"991.170.292-87","rg":null,"telefone":null,"celular":null,"sexo_id":null,"associado":"0","instituicao_id":null,"titulacao_id":null,"pais":null,"enderecos":{"id":null,"cep":null,"logradouro":null,"numero":null,"complemento":null,"bairro":null,"municipio":null,"estado":null},"_method":"post"}  
[2022-03-11 19:23:26] production.INFO: Usuario antigo redirecionado: 1616  
[2022-03-11 19:41:08] production.INFO: Cadastro de usuario: {"id":null,"name":"Jonicael Cedraz de Oliveira","email":"jonicael.ufba@gmail.com","password":"$2y$10$2ZHIFvFdK7F67M62fr1\/g.vKrIbVNNvfL4g6UtHyJ.h8W7jidyvcK","estrangeiro":"0","associado":"0","cpf":"042.350.105-49","rg":null,"todos_tipos_id":[4],"ativo":"1","_method":"post"}  
[2022-03-11 19:41:08] production.INFO: E-mail enviado apos o cadastro para : com o email: "jonicael.ufba@gmail.com"  
[2022-03-11 20:03:02] production.INFO: User: 1858 | Atualizou Usuario: {"id":"1858","name":"Jonicael Cedraz de Oliveira","email":"jonicael.ufba@gmail.com","estrangeiro":"0","associado":"1","associacao":null,"data_nascimento":"1947-08-05","orgao_expedidor":"SSP\/BA","instituicao_id":"524","titulacao_id":"7","cpf":"042.350.105-49","rg":"00.667.657.06","telefone":"(71) 3367-5272","celular":"(71) 99984-6991","sexo_id":"1","ativo":"1","enderecos":{"cep":"41651-125","logradouro":"Rua Haeckel Jos\u00e9 de Almeida","bairro":"Piat\u00e3","estado":{"nome":"Bahia","sigla":"BA","id":"16"},"municipio":{"nome":"Salvador","id":"2163"},"id":null,"numero":"551","complemento":"Condom\u00ednio Vale do Jaguaripe  RC67","deleted":"false"},"_method":"post","metodo":"credito","passaporte":null,"pais":"Brasil"}  
[2022-03-11 20:03:48] production.INFO: Cadastro de usuario: {"id":1858,"name":"Jonicael Cedraz de Oliveira","email":"jonicael.ufba@gmail.com","estrangeiro":0,"passaporte":null,"cpf":"042.350.105-49","data_nascimento":"1947-08-05","rg":"00.667.657.06","orgao_expedidor":"SSP\/BA","telefone":"(71) 3367-5272","celular":"(71) 99984-6991","sexo_id":"1","email_verified_at":null,"ativo":"1","created_at":"2022-03-11T19:41:08.000000Z","updated_at":"2022-03-11T20:03:02.000000Z","deleted_at":null,"is_root":false,"is_admin":false,"is_user":true,"is_associado":false,"anuidade_2022":false}  
[2022-03-11 20:03:48] production.INFO: Venda efetuada  com sucesso{"user_id":1858,"updated_at":"2022-03-11T20:03:48.000000Z","created_at":"2022-03-11T20:03:48.000000Z","id":28}  
[2022-03-11 20:03:48] production.INFO: Venda de  item efetuado com sucesso{"venda_id":28,"produto_id":1,"qtd":"1","valor":230,"valor_total":230,"updated_at":"2022-03-11T20:03:48.000000Z","created_at":"2022-03-11T20:03:48.000000Z","id":28}  
[2022-03-11 20:03:51] production.INFO: Pagamento efetuado{"date":"2022-03-11T17:03:48.000-03:00","code":"B9D822EB-B3CE-438F-87F3-AF4F878175EF","reference":"28","type":"1","status":"1","lastEventDate":"2022-03-11T17:03:51.000-03:00","paymentMethod":{"type":"2","code":"202"},"paymentLink":"https:\/\/pagseguro.uol.com.br\/checkout\/payment\/booklet\/print.jhtml?c=4c12adc1a2fd24a41c838b5c127ddf07ab149fa7b3b74281f46d598d1c116d938e761f0f5a5d1e4e","grossAmount":"230.00","discountAmount":"0.00","feeAmount":"11.83","netAmount":"217.17","extraAmount":"0.00","installmentCount":"1","itemCount":"1","items":{"item":{"id":"28","description":"Associado","quantity":"1","amount":"230.00"}},"sender":{"name":"Jonicael Cedraz de Oliveira","email":"jonicael.ufba@gmail.com","phone":{"areaCode":"71","number":"999846991"}}}  
[2022-03-11 20:03:51] production.INFO: Pagamento efetuado com sucesso{"tipo_pgto_detalhe":{"0":"202"},"transacao":{"0":"B9D822EB-B3CE-438F-87F3-AF4F878175EF"},"parcelas":1,"valor_parcela":230,"valor_total":230,"valor_juros":0,"valor_receber":217.169999999999987494447850622236728668212890625,"venda_id":28,"tipo_pagto_id":2,"status_id":1,"user_id":1858,"updated_at":"2022-03-11T20:03:51.000000Z","created_at":"2022-03-11T20:03:51.000000Z","id":28}  
[2022-03-11 20:03:51] production.INFO: RETORNO | request{"notificationCode":"911B59-8F48604860D8-EEE44AAFB6A7-F4FB74","notificationType":"transaction"}  
[2022-03-11 20:03:51] production.INFO: RETORNO | URL de retorno do pagseguro"https:\/\/ws.pagseguro.uol.com.br\/v2\/transactions\/notifications\/911B59-8F48604860D8-EEE44AAFB6A7-F4FB74?email=secretaria@intercom.org.br&token=93d9cf0c-7c9e-49cf-92a4-7a6c7c8b840c4909c78b4f88851a95640db2db8a4b9c7948-263a-490e-bfe0-f79e37aeb7f7"  
[2022-03-11 20:03:52] production.INFO: RETORNO | Pagamento já atualizado{"id":28}  
[2022-03-11 20:03:56] production.INFO: RETORNO | Erro ao receber retorno do pagseguro{"VendedorEmail":"secretaria@intercom.org.br","TransacaoID":"B9D822EBB3CE438F87F3AF4F878175EF","Referencia":"28","Extras":"0,00","TipoFrete":"FR","ValorFrete":"0,00","Anotacao":null,"DataTransacao":"11\/03\/2022 17:03:48","TipoPagamento":"Boleto","StatusTransacao":"Aguardando Pagto","CliNome":"Jonicael Cedraz de Oliveira","CliEmail":"jonicael.ufba@gmail.com","CliEndereco":null,"CliNumero":null,"CliComplemento":null,"CliBairro":null,"CliCidade":null,"CliEstado":null,"CliCEP":null,"CliTelefone":"71 999846991","NumItens":"1","Parcelas":"1","ProdID_1":"28","ProdDescricao_1":"Associado","ProdValor_1":"230,00","ProdQuantidade_1":"1","ProdFrete_1":"0,00","ProdExtras_1":"0,00"}  
[2022-03-11 20:06:53] production.INFO: User: 1858 | Atualizou Usuario: {"id":"1858","name":"Jonicael Cedraz de Oliveira","email":"jonicael.ufba@gmail.com","estrangeiro":"0","associado":"1","associacao":null,"data_nascimento":"1947-08-05","orgao_expedidor":"SSP\/BA","instituicao_id":"524","titulacao_id":"7","cpf":"042.350.105-49","rg":"00.667.657.06","telefone":"(71) 3367-5272","celular":"(71) 99984-6991","sexo_id":"1","ativo":"1","enderecos":{"cep":"41651-125","logradouro":"Rua Haeckel Jos\u00e9 de Almeida","bairro":"Piat\u00e3","estado":{"nome":"Bahia","sigla":"BA","id":"16"},"municipio":{"nome":"Salvador","id":"2163"},"id":"23","numero":"551","complemento":"Condom\u00ednio Vale do Jaguaripe  RC67","deleted":"false"},"_method":"post","metodo":"credito","passaporte":null,"pais":"Brasil"}  
[2022-03-11 20:07:03] production.INFO: User: 1858 | Atualizou Usuario: {"id":"1858","name":"Jonicael Cedraz de Oliveira","email":"jonicael.ufba@gmail.com","estrangeiro":"0","associado":"1","associacao":null,"data_nascimento":"1947-08-05","orgao_expedidor":"SSP\/BA","instituicao_id":"524","titulacao_id":"7","cpf":"042.350.105-49","rg":"00.667.657.06","telefone":"(71) 3367-5272","celular":"(71) 99984-6991","sexo_id":"1","ativo":"1","enderecos":{"cep":"41651-125","logradouro":"Rua Haeckel Jos\u00e9 de Almeida","bairro":"Piat\u00e3","estado":{"nome":"Bahia","sigla":"BA","id":"16"},"municipio":{"nome":"Salvador","id":"2163"},"id":"23","numero":"551","complemento":"Condom\u00ednio Vale do Jaguaripe  RC67","deleted":"false"},"_method":"post","metodo":"credito","passaporte":null,"pais":"Brasil"}  
[2022-03-11 20:07:14] production.INFO: Cadastro de usuario: {"id":1858,"name":"Jonicael Cedraz de Oliveira","email":"jonicael.ufba@gmail.com","estrangeiro":0,"passaporte":null,"cpf":"042.350.105-49","data_nascimento":"1947-08-05","rg":"00.667.657.06","orgao_expedidor":"SSP\/BA","telefone":"(71) 3367-5272","celular":"(71) 99984-6991","sexo_id":"1","email_verified_at":null,"ativo":"1","created_at":"2022-03-11T19:41:08.000000Z","updated_at":"2022-03-11T20:03:02.000000Z","deleted_at":null,"is_root":false,"is_admin":false,"is_user":true,"is_associado":false,"anuidade_2022":false}  
[2022-03-11 20:07:14] production.INFO: Venda efetuada  com sucesso{"user_id":1858,"updated_at":"2022-03-11T20:07:14.000000Z","created_at":"2022-03-11T20:07:14.000000Z","id":29}  
[2022-03-11 20:07:14] production.INFO: Venda de  item efetuado com sucesso{"venda_id":29,"produto_id":1,"qtd":"1","valor":230,"valor_total":230,"updated_at":"2022-03-11T20:07:14.000000Z","created_at":"2022-03-11T20:07:14.000000Z","id":29}  
[2022-03-11 20:07:16] production.INFO: Pagamento efetuado{"date":"2022-03-11T17:07:14.000-03:00","code":"B13934A8-587B-49A8-8143-1C0577274C01","reference":"29","type":"1","status":"1","lastEventDate":"2022-03-11T17:07:16.000-03:00","paymentMethod":{"type":"2","code":"202"},"paymentLink":"https:\/\/pagseguro.uol.com.br\/checkout\/payment\/booklet\/print.jhtml?c=29839715459bc85c195dc47bda49cde5f06aab4068685c9c99b6e4c01c5b8fde1b17276f3ea0b84e","grossAmount":"230.00","discountAmount":"0.00","feeAmount":"11.83","netAmount":"217.17","extraAmount":"0.00","installmentCount":"1","itemCount":"1","items":{"item":{"id":"29","description":"Associado","quantity":"1","amount":"230.00"}},"sender":{"name":"Jonicael Cedraz de Oliveira","email":"jonicael.ufba@gmail.com","phone":{"areaCode":"71","number":"999846991"}}}  
[2022-03-11 20:07:16] production.INFO: Pagamento efetuado com sucesso{"tipo_pgto_detalhe":{"0":"202"},"transacao":{"0":"B13934A8-587B-49A8-8143-1C0577274C01"},"parcelas":1,"valor_parcela":230,"valor_total":230,"valor_juros":0,"valor_receber":217.169999999999987494447850622236728668212890625,"venda_id":29,"tipo_pagto_id":2,"status_id":1,"user_id":1858,"updated_at":"2022-03-11T20:07:16.000000Z","created_at":"2022-03-11T20:07:16.000000Z","id":29}  
[2022-03-11 20:07:16] production.INFO: RETORNO | request{"notificationCode":"B3AD68-326EAB6EAB15-A884909F963A-05E8EF","notificationType":"transaction"}  
[2022-03-11 20:07:16] production.INFO: RETORNO | URL de retorno do pagseguro"https:\/\/ws.pagseguro.uol.com.br\/v2\/transactions\/notifications\/B3AD68-326EAB6EAB15-A884909F963A-05E8EF?email=secretaria@intercom.org.br&token=93d9cf0c-7c9e-49cf-92a4-7a6c7c8b840c4909c78b4f88851a95640db2db8a4b9c7948-263a-490e-bfe0-f79e37aeb7f7"  
[2022-03-11 20:07:17] production.INFO: RETORNO | Pagamento já atualizado{"id":29}  
[2022-03-11 20:07:21] production.INFO: RETORNO | Erro ao receber retorno do pagseguro{"VendedorEmail":"secretaria@intercom.org.br","TransacaoID":"B13934A8587B49A881431C0577274C01","Referencia":"29","Extras":"0,00","TipoFrete":"FR","ValorFrete":"0,00","Anotacao":null,"DataTransacao":"11\/03\/2022 17:07:14","TipoPagamento":"Boleto","StatusTransacao":"Aguardando Pagto","CliNome":"Jonicael Cedraz de Oliveira","CliEmail":"jonicael.ufba@gmail.com","CliEndereco":null,"CliNumero":null,"CliComplemento":null,"CliBairro":null,"CliCidade":null,"CliEstado":null,"CliCEP":null,"CliTelefone":"71 999846991","NumItens":"1","Parcelas":"1","ProdID_1":"29","ProdDescricao_1":"Associado","ProdValor_1":"230,00","ProdQuantidade_1":"1","ProdFrete_1":"0,00","ProdExtras_1":"0,00"}  
[2022-03-11 20:08:44] production.INFO: User: 1640 | Atualizou Usuario: {"id":"1640","name":"ISABEL SIQUEIRA TRAVANCAS","email":"isabeltravancas@gmail.com","estrangeiro":"0","anuidade2022":"1","associacao":null,"data_nascimento":"1961-12-08","orgao_expedidor":"IFP","instituicao_id":"566","titulacao_id":"2","cpf":"760.745.287-72","rg":"048828800","telefone":"(21) 9923-6521","celular":"(21) 99236-5218","sexo_id":"2","ativo":"1","enderecos":{"cep":"22441-015","logradouro":"Avenida General San Martin","bairro":"Leblon","estado":{"nome":"Rio de Janeiro","sigla":"RJ","id":"19"},"municipio":{"nome":"Rio de Janeiro","id":"3243"},"id":null,"numero":"1159","complemento":"302","deleted":"false"},"_method":"post","metodo":"credito","passaporte":null,"pais":"Brasil"}  
[2022-03-11 20:08:48] production.INFO: User: 1640 | Atualizou Usuario: {"id":"1640","name":"ISABEL SIQUEIRA TRAVANCAS","email":"isabeltravancas@gmail.com","estrangeiro":"0","anuidade2022":"1","associacao":null,"data_nascimento":"1961-12-08","orgao_expedidor":"IFP","instituicao_id":"566","titulacao_id":"2","cpf":"760.745.287-72","rg":"048828800","telefone":"(21) 9923-6521","celular":"(21) 99236-5218","sexo_id":"2","ativo":"1","enderecos":{"cep":"22441-015","logradouro":"Avenida General San Martin","bairro":"Leblon","estado":{"nome":"Rio de Janeiro","sigla":"RJ","id":"19"},"municipio":{"nome":"Rio de Janeiro","id":"3243"},"id":null,"numero":"1159","complemento":"302","deleted":"false"},"_method":"post","metodo":"credito","passaporte":null,"pais":"Brasil"}  
[2022-03-11 20:08:56] production.INFO: Pagamento anuidade boleto | Dados do Usuario salvo: {"id":1640,"name":"ISABEL SIQUEIRA TRAVANCAS","email":"isabeltravancas@gmail.com","estrangeiro":null,"passaporte":null,"cpf":"760.745.287-72","data_nascimento":"1961-12-08","rg":"048828800","orgao_expedidor":"IFP","telefone":"(21) 9923-6521","celular":"(21) 99236-5218","sexo_id":"2","email_verified_at":null,"ativo":"1","created_at":"2022-03-04T15:23:10.000000Z","updated_at":"2022-03-11T20:08:44.000000Z","deleted_at":null,"is_root":false,"is_admin":false,"is_user":true,"is_associado":true,"anuidade_2022":false}  
[2022-03-11 20:08:56] production.INFO: Pagamento anuidade boleto | Anuidade atualizada : {"id":1639,"user_id":1640,"numero_socio":"114","anuidade":"2022","isencao":null,"instituicao_id":566,"titulacao_id":2,"divisao_tematica":null,"obs_isentamos":null,"created_at":"2022-03-04T15:23:10.000000Z","updated_at":"2022-03-11T20:08:56.000000Z","deleted_at":null}  
[2022-03-11 20:08:56] production.INFO: Pagamento anuidade boleto | Venda efetuada  com sucesso{"user_id":1640,"updated_at":"2022-03-11T20:08:56.000000Z","created_at":"2022-03-11T20:08:56.000000Z","id":30}  
[2022-03-11 20:08:56] production.INFO: Pagamento anuidade boleto | Venda de  item efetuado com sucesso{"venda_id":30,"produto_id":2,"qtd":"1","valor":230,"valor_total":230,"updated_at":"2022-03-11T20:08:56.000000Z","created_at":"2022-03-11T20:08:56.000000Z","id":30}  
[2022-03-11 20:08:58] production.INFO: Pagamento anuidade boleto | Pagamento efetuado{"date":"2022-03-11T17:08:57.000-03:00","code":"43713931-3A86-4391-AC97-10261416903F","reference":"30","type":"1","status":"1","lastEventDate":"2022-03-11T17:08:58.000-03:00","paymentMethod":{"type":"2","code":"202"},"paymentLink":"https:\/\/pagseguro.uol.com.br\/checkout\/payment\/booklet\/print.jhtml?c=180b2afdeec97ca25804535ed4b389515e2766e7c698dbf10889d426cad42383e878275d528588cd","grossAmount":"230.00","discountAmount":"0.00","feeAmount":"11.83","netAmount":"217.17","extraAmount":"0.00","installmentCount":"1","itemCount":"1","items":{"item":{"id":"30","description":"Anuidade 2022","quantity":"1","amount":"230.00"}},"sender":{"name":"ISABEL SIQUEIRA TRAVANCAS","email":"isabeltravancas@gmail.com","phone":{"areaCode":"21","number":"992365218"}}}  
[2022-03-11 20:08:58] production.INFO: Pagamento anuidade boleto | Pagamento efetuado com sucesso{"tipo_pgto_detalhe":{"0":"202"},"transacao":{"0":"43713931-3A86-4391-AC97-10261416903F"},"parcelas":1,"valor_parcela":230,"valor_total":230,"valor_juros":0,"valor_receber":217.169999999999987494447850622236728668212890625,"venda_id":30,"tipo_pagto_id":2,"status_id":1,"user_id":1640,"updated_at":"2022-03-11T20:08:58.000000Z","created_at":"2022-03-11T20:08:58.000000Z","id":30}  
[2022-03-11 20:08:58] production.INFO: RETORNO | request{"notificationCode":"41BB46-E4FC5CFC5C02-6FF4448FA203-BE0C00","notificationType":"transaction"}  
[2022-03-11 20:08:58] production.INFO: RETORNO | URL de retorno do pagseguro"https:\/\/ws.pagseguro.uol.com.br\/v2\/transactions\/notifications\/41BB46-E4FC5CFC5C02-6FF4448FA203-BE0C00?email=secretaria@intercom.org.br&token=93d9cf0c-7c9e-49cf-92a4-7a6c7c8b840c4909c78b4f88851a95640db2db8a4b9c7948-263a-490e-bfe0-f79e37aeb7f7"  
[2022-03-11 20:08:59] production.INFO: RETORNO | Pagamento já atualizado{"id":30}  
[2022-03-11 20:09:03] production.INFO: RETORNO | Erro ao receber retorno do pagseguro{"VendedorEmail":"secretaria@intercom.org.br","TransacaoID":"437139313A864391AC9710261416903F","Referencia":"30","Extras":"0,00","TipoFrete":"FR","ValorFrete":"0,00","Anotacao":null,"DataTransacao":"11\/03\/2022 17:08:57","TipoPagamento":"Boleto","StatusTransacao":"Aguardando Pagto","CliNome":"ISABEL SIQUEIRA TRAVANCAS","CliEmail":"isabeltravancas@gmail.com","CliEndereco":null,"CliNumero":null,"CliComplemento":null,"CliBairro":null,"CliCidade":null,"CliEstado":null,"CliCEP":null,"CliTelefone":"21 992365218","NumItens":"1","Parcelas":"1","ProdID_1":"30","ProdDescricao_1":"Anuidade 2022","ProdValor_1":"230,00","ProdQuantidade_1":"1","ProdFrete_1":"0,00","ProdExtras_1":"0,00"}  
[2022-03-11 20:09:04] production.INFO: Cadastro de usuario: {"id":1858,"name":"Jonicael Cedraz de Oliveira","email":"jonicael.ufba@gmail.com","estrangeiro":0,"passaporte":null,"cpf":"042.350.105-49","data_nascimento":"1947-08-05","rg":"00.667.657.06","orgao_expedidor":"SSP\/BA","telefone":"(71) 3367-5272","celular":"(71) 99984-6991","sexo_id":"1","email_verified_at":null,"ativo":"1","created_at":"2022-03-11T19:41:08.000000Z","updated_at":"2022-03-11T20:03:02.000000Z","deleted_at":null,"is_root":false,"is_admin":false,"is_user":true,"is_associado":false,"anuidade_2022":false}  
[2022-03-11 20:09:04] production.INFO: Venda efetuada  com sucesso{"user_id":1858,"updated_at":"2022-03-11T20:09:04.000000Z","created_at":"2022-03-11T20:09:04.000000Z","id":31}  
[2022-03-11 20:09:04] production.INFO: Venda de  item efetuado com sucesso{"venda_id":31,"produto_id":1,"qtd":"1","valor":230,"valor_total":230,"updated_at":"2022-03-11T20:09:04.000000Z","created_at":"2022-03-11T20:09:04.000000Z","id":31}  
[2022-03-11 20:09:06] production.INFO: Pagamento efetuado{"date":"2022-03-11T17:09:04.000-03:00","code":"8E3B8BBE-8670-4E04-A5E7-94A1C635C2F7","reference":"31","type":"1","status":"1","lastEventDate":"2022-03-11T17:09:06.000-03:00","paymentMethod":{"type":"2","code":"202"},"paymentLink":"https:\/\/pagseguro.uol.com.br\/checkout\/payment\/booklet\/print.jhtml?c=415c4bce21277f9561375565a7aa761bfe476ffbf54ea4a66316c169a043f362bcd7c2fcfb4a65a6","grossAmount":"230.00","discountAmount":"0.00","feeAmount":"11.83","netAmount":"217.17","extraAmount":"0.00","installmentCount":"1","itemCount":"1","items":{"item":{"id":"31","description":"Associado","quantity":"1","amount":"230.00"}},"sender":{"name":"Jonicael Cedraz de Oliveira","email":"jonicael.ufba@gmail.com","phone":{"areaCode":"71","number":"999846991"}}}  
[2022-03-11 20:09:06] production.INFO: Pagamento efetuado com sucesso{"tipo_pgto_detalhe":{"0":"202"},"transacao":{"0":"8E3B8BBE-8670-4E04-A5E7-94A1C635C2F7"},"parcelas":1,"valor_parcela":230,"valor_total":230,"valor_juros":0,"valor_receber":217.169999999999987494447850622236728668212890625,"venda_id":31,"tipo_pagto_id":2,"status_id":1,"user_id":1858,"updated_at":"2022-03-11T20:09:06.000000Z","created_at":"2022-03-11T20:09:06.000000Z","id":31}  
[2022-03-11 20:09:06] production.INFO: RETORNO | request{"notificationCode":"5FDB61-8B33AE33AECE-F884D16FAD55-006F6A","notificationType":"transaction"}  
[2022-03-11 20:09:06] production.INFO: RETORNO | URL de retorno do pagseguro"https:\/\/ws.pagseguro.uol.com.br\/v2\/transactions\/notifications\/5FDB61-8B33AE33AECE-F884D16FAD55-006F6A?email=secretaria@intercom.org.br&token=93d9cf0c-7c9e-49cf-92a4-7a6c7c8b840c4909c78b4f88851a95640db2db8a4b9c7948-263a-490e-bfe0-f79e37aeb7f7"  
[2022-03-11 20:09:06] production.INFO: RETORNO | Pagamento já atualizado{"id":31}  
[2022-03-11 20:09:11] production.INFO: RETORNO | Erro ao receber retorno do pagseguro{"VendedorEmail":"secretaria@intercom.org.br","TransacaoID":"8E3B8BBE86704E04A5E794A1C635C2F7","Referencia":"31","Extras":"0,00","TipoFrete":"FR","ValorFrete":"0,00","Anotacao":null,"DataTransacao":"11\/03\/2022 17:09:04","TipoPagamento":"Boleto","StatusTransacao":"Aguardando Pagto","CliNome":"Jonicael Cedraz de Oliveira","CliEmail":"jonicael.ufba@gmail.com","CliEndereco":null,"CliNumero":null,"CliComplemento":null,"CliBairro":null,"CliCidade":null,"CliEstado":null,"CliCEP":null,"CliTelefone":"71 999846991","NumItens":"1","Parcelas":"1","ProdID_1":"31","ProdDescricao_1":"Associado","ProdValor_1":"230,00","ProdQuantidade_1":"1","ProdFrete_1":"0,00","ProdExtras_1":"0,00"}  
[2022-03-11 21:43:58] production.INFO: Usuario antigo redirecionado: 651  
[2022-03-11 21:44:55] production.INFO: Usuario antigo redirecionado: 651  
[2022-03-11 21:53:20] production.INFO: User: 1642 | Atualizou Usuario: {"id":"1642","name":"SONIA CALDAS PESSOA","email":"soniacaldaspessoa@gmail.com","estrangeiro":"0","anuidade2022":"1","associacao":null,"data_nascimento":"1971-06-08","orgao_expedidor":"SSP\/MG","instituicao_id":"534","titulacao_id":"4","cpf":"765.208.036-34","rg":"5559337","telefone":"(31) 8402-7531","celular":"(31) 98402-7531","sexo_id":"2","ativo":"1","enderecos":{"cep":"30330-260","logradouro":"Rua Primavera","bairro":"Santo Ant\u00f4nio","estado":{"nome":"Minas Gerais","sigla":"MG","id":"17"},"municipio":{"nome":"Belo Horizonte","id":"2310"},"id":null,"numero":"112","complemento":"1403","deleted":"false"},"_method":"post","metodo":"credito","passaporte":null,"pais":"Brasil"}  
[2022-03-11 21:53:25] production.INFO: User: 1642 | Atualizou Usuario: {"id":"1642","name":"SONIA CALDAS PESSOA","email":"soniacaldaspessoa@gmail.com","estrangeiro":"0","anuidade2022":"1","associacao":null,"data_nascimento":"1971-06-08","orgao_expedidor":"SSP\/MG","instituicao_id":"534","titulacao_id":"4","cpf":"765.208.036-34","rg":"5559337","telefone":"(31) 8402-7531","celular":"(31) 98402-7531","sexo_id":"2","ativo":"1","enderecos":{"cep":"30330-260","logradouro":"Rua Primavera","bairro":"Santo Ant\u00f4nio","estado":{"nome":"Minas Gerais","sigla":"MG","id":"17"},"municipio":{"nome":"Belo Horizonte","id":"2310"},"id":null,"numero":"112","complemento":"1403","deleted":"false"},"_method":"post","metodo":"credito","passaporte":null,"pais":"Brasil"}  
[2022-03-11 21:55:00] production.INFO: Pagamento anuidade credito | Dados do Usuario salvo: {"id":1642,"name":"SONIA CALDAS PESSOA","email":"soniacaldaspessoa@gmail.com","estrangeiro":null,"passaporte":null,"cpf":"765.208.036-34","data_nascimento":"1971-06-08","rg":"5559337","orgao_expedidor":"SSP\/MG","telefone":"(31) 8402-7531","celular":"(31) 98402-7531","sexo_id":"2","email_verified_at":null,"ativo":"1","created_at":"2022-03-04T15:23:10.000000Z","updated_at":"2022-03-11T21:53:20.000000Z","deleted_at":null,"is_root":false,"is_admin":false,"is_user":true,"is_associado":true,"anuidade_2022":false}  
[2022-03-11 21:55:00] production.INFO: Pagamento anuidade credito | Associado atualizado : {"id":1641,"user_id":1642,"numero_socio":"842","anuidade":"2022","isencao":null,"instituicao_id":534,"titulacao_id":4,"divisao_tematica":null,"obs_isentamos":null,"created_at":"2022-03-04T15:23:10.000000Z","updated_at":"2022-03-11T21:55:00.000000Z","deleted_at":null}  
[2022-03-11 21:55:00] production.INFO: Pagamento anuidade credito | Venda efetuada  com sucesso{"user_id":1642,"updated_at":"2022-03-11T21:55:00.000000Z","created_at":"2022-03-11T21:55:00.000000Z","id":32}  
[2022-03-11 21:55:00] production.INFO: Pagamento anuidade credito | Venda de  item efetuado com sucesso{"venda_id":32,"produto_id":2,"qtd":"1","valor":230,"valor_total":230,"updated_at":"2022-03-11T21:55:00.000000Z","created_at":"2022-03-11T21:55:00.000000Z","id":32}  
[2022-03-11 21:55:00] production.INFO: Pagamento anuidade credito | Dados para pagamento enviados ao PagSeguro{"email":"secretaria@intercom.org.br","token":"93d9cf0c-7c9e-49cf-92a4-7a6c7c8b840c4909c78b4f88851a95640db2db8a4b9c7948-263a-490e-bfe0-f79e37aeb7f7","receiverEmail":"secretaria@intercom.org.br","notificationURL":"https:\/\/www.sistemas.intercom.org.br\/api\/pagseguro\/retorno","billingAddressCountry":"Brasil","paymentMode":"default","paymentMethod":"creditCard","creditCardToken":"90eb0c7b722d4ab2abff6aa6c7eee345","senderHash":"6e01ee99837917da40d2759ed86f91b399157e9237c715abdc7ddc60f0fc4cfd","installmentQuantity":"1","installmentValue":"230.00","extraAmount":"0.00","creditCardHolderName":"SONIA CALDAS PESSOA","creditCardHolderCPF":"76520803634","creditCardHolderBirthDate":"01\/01\/2000","creditCardHolderAreaCode":"31","creditCardHolderPhone":"984027531","billingAddressStreet":"Rua Primavera","billingAddressNumber":112,"billingAddressComplement":"","billingAddressDistrict":"Santo Ant\u00f4nio","billingAddressPostalCode":"30330-260","billingAddressCity":"Belo Horizonte","billingAddressState":"SP","shippingAddressRequired":false,"currency":"BRL","itemId1":32,"itemDescription1":"Anuidade 2022","itemAmount1":"230.00","itemQuantity1":1,"reference":32,"senderName":"SONIA CALDAS PESSOA","senderCPF":"76520803634","senderAreaCode":"31","senderPhone":"984027531","senderEmail":"soniacaldaspessoa@gmail.com"}  
[2022-03-11 21:55:02] production.INFO: Pagamento anuidade credito | Pagamento efetuado{"date":"2022-03-11T18:55:01.000-03:00","code":"ADBEE8E7-BC4E-4C98-AF46-147A4344C3D8","reference":"32","type":"1","status":"1","lastEventDate":"2022-03-11T18:55:01.000-03:00","paymentMethod":{"type":"1","code":"101"},"grossAmount":"230.00","discountAmount":"0.00","feeAmount":"11.88","netAmount":"218.12","extraAmount":"0.00","installmentCount":"1","itemCount":"1","items":{"item":{"id":"32","description":"Anuidade 2022","quantity":"1","amount":"230.00"}},"sender":{"name":"SONIA CALDAS PESSOA","email":"soniacaldaspessoa@gmail.com","phone":{"areaCode":"31","number":"984027531"}}}  
[2022-03-11 21:55:02] production.INFO: Pagamento anuidade credito | Pagamento efetuado com sucesso{"tipo_pgto_detalhe":{"0":"101"},"transacao":{"0":"ADBEE8E7-BC4E-4C98-AF46-147A4344C3D8"},"parcelas":1,"valor_parcela":230,"valor_total":230,"valor_juros":0,"valor_receber":218.1200000000000045474735088646411895751953125,"venda_id":32,"tipo_pagto_id":1,"status_id":1,"user_id":1642,"updated_at":"2022-03-11T21:55:02.000000Z","created_at":"2022-03-11T21:55:02.000000Z","id":32}  
[2022-03-11 21:55:07] production.INFO: RETORNO | request{"notificationCode":"6F8E70-C4AC1BAC1BFA-3AA4730F8713-C70595","notificationType":"transaction"}  
[2022-03-11 21:55:07] production.INFO: RETORNO | URL de retorno do pagseguro"https:\/\/ws.pagseguro.uol.com.br\/v2\/transactions\/notifications\/6F8E70-C4AC1BAC1BFA-3AA4730F8713-C70595?email=secretaria@intercom.org.br&token=93d9cf0c-7c9e-49cf-92a4-7a6c7c8b840c4909c78b4f88851a95640db2db8a4b9c7948-263a-490e-bfe0-f79e37aeb7f7"  
[2022-03-11 21:55:07] production.INFO: RETORNO | Pagamento atualizado com sucesso{"id":32,"status_id":{"0":"3"},"updated_at":"2022-03-11T21:55:07.000000Z"}  
[2022-03-11 21:55:12] production.INFO: RETORNO | Erro ao receber retorno do pagseguro  
